epoch,accuracy,auc_4,f1_m,loss,recall_4,specificity,val_accuracy,val_auc_4,val_f1_m,val_loss,val_recall_4,val_specificity
0,0.5087500214576721,0.503768801689148,0.5397988557815552,74.68410232543945,0.6284289360046387,0.4450182020664215,0.6499999761581421,0.5,0.761025607585907,74.35579986572266,1.0,0.43888431787490845
1,0.5387499928474426,0.5342355966567993,0.5675735473632812,74.23577072143554,0.6446078419685364,0.4663301706314087,0.6499999761581421,0.5439560413360596,0.761025607585907,73.94626159667969,1.0,0.4514356553554535
2,0.5074999928474426,0.49663984775543213,0.5118306875228882,73.86340759277344,0.5913705825805664,0.45226210355758667,0.675000011920929,0.5728021860122681,0.7738461494445801,73.54311065673828,1.0,0.467947393655777
3,0.5512499809265137,0.5617343187332153,0.5463722348213196,73.41447769165039,0.6039119958877563,0.5033272504806519,0.675000011920929,0.5906593799591064,0.7738461494445801,73.13883514404297,1.0,0.47106441855430603
4,0.5562499761581421,0.56645667552948,0.5526359677314758,72.99590652465821,0.6134663224220276,0.49810436367988586,0.699999988079071,0.5947802066802979,0.7827350497245789,72.73763275146484,1.0,0.4770733714103699
5,0.5550000071525574,0.5968121886253357,0.5453354120254517,72.57392242431641,0.6272965669631958,0.5138272047042847,0.5249999761581421,0.5892857313156128,0.5871794819831848,72.34750671386719,0.692307710647583,0.4953179955482483
6,0.5712500214576721,0.6065356731414795,0.5338048338890076,72.17091735839844,0.5767326951026917,0.5271831750869751,0.6000000238418579,0.603022038936615,0.637395977973938,71.94718475341797,0.7692307829856873,0.4956967234611511
7,0.5487499833106995,0.5633096694946289,0.5337038636207581,71.8022329711914,0.5465686321258545,0.5258840918540955,0.6000000238418579,0.6140110492706299,0.6610256433486938,71.54210510253907,0.8461538553237915,0.4872358441352844
8,0.5475000143051147,0.5715508460998535,0.5187005996704102,71.39972312927246,0.5465995073318481,0.528361976146698,0.625,0.6346153616905212,0.6738461256027222,71.14408721923829,0.8461538553237915,0.48931509256362915
9,0.574999988079071,0.6155678033828735,0.5747499465942383,70.97169471740723,0.6287128925323486,0.5250853896141052,0.625,0.6703296899795532,0.6738461256027222,70.74956359863282,0.8461538553237915,0.494393527507782
10,0.5924999713897705,0.6307443380355835,0.5525116920471191,70.5726789855957,0.5891472697257996,0.5422589182853699,0.625,0.6881868243217468,0.6659673452377319,70.35397644042969,0.807692289352417,0.4980145990848541
11,0.6262500286102295,0.6839443445205688,0.5927872061729431,70.1465828704834,0.6053268909454346,0.5816258788108826,0.6499999761581421,0.7005494236946106,0.7238461375236511,69.95420684814454,0.8846153616905212,0.49229344725608826
12,0.6462500095367432,0.689713716506958,0.6341630816459656,69.74680389404297,0.6807979941368103,0.5608231425285339,0.675000011920929,0.7032966613769531,0.7231101989746094,69.5634994506836,0.8461538553237915,0.5003073811531067
13,0.643750011920929,0.6826170682907104,0.612476110458374,69.3655061340332,0.6368159055709839,0.573708176612854,0.699999988079071,0.7252746820449829,0.7443222999572754,69.1677474975586,0.8846153616905212,0.5002894401550293
14,0.6524999737739563,0.702690064907074,0.608304500579834,68.96893661499024,0.6393861770629883,0.5795677304267883,0.675000011920929,0.7527472972869873,0.7147185802459717,68.77894439697266,0.807692289352417,0.5148242712020874
15,0.6787499785423279,0.7358983159065247,0.671349287033081,68.5559878540039,0.6859903335571289,0.5971985459327698,0.7250000238418579,0.7692307829856873,0.7571428418159485,68.38431854248047,0.8846153616905212,0.516464114189148
16,0.6800000071525574,0.7432024478912354,0.6431119441986084,68.17088577270508,0.6767676472663879,0.6104136109352112,0.75,0.7870879173278809,0.7750915288925171,67.99217987060547,0.9230769276618958,0.5242332816123962
17,0.6912500262260437,0.7659737467765808,0.6560057997703552,67.76756164550781,0.6855670213699341,0.6204137206077576,0.75,0.8008241653442383,0.7750915288925171,67.60203399658204,0.9230769276618958,0.5404559373855591
18,0.6650000214576721,0.7641150951385498,0.6435489654541016,67.39446144104004,0.6463414430618286,0.6357504725456238,0.7749999761581421,0.8269230723381042,0.8179486989974976,67.20883331298828,0.9615384340286255,0.5435712933540344
19,0.7325000166893005,0.8052546381950378,0.7069764137268066,66.98559623718262,0.7270471453666687,0.6445186138153076,0.800000011920929,0.8406593203544617,0.8322343826293945,66.818115234375,0.9615384340286255,0.5516265630722046
20,0.706250011920929,0.7882225513458252,0.6944519281387329,66.6207283782959,0.747474730014801,0.6213561296463013,0.7749999761581421,0.8461538553237915,0.7846153974533081,66.43236236572265,0.9230769276618958,0.5728306174278259
21,0.7200000286102295,0.8103470802307129,0.7016251087188721,66.22165824890136,0.699284017086029,0.6523955464363098,0.800000011920929,0.8530219793319702,0.8322343826293945,66.04386444091797,0.9615384340286255,0.5754677057266235
22,0.7549999952316284,0.8435724377632141,0.7306138873100281,65.81475875854493,0.7369726896286011,0.6812683939933777,0.800000011920929,0.8543956279754639,0.8322343826293945,65.66178283691406,0.9615384340286255,0.5934589505195618
23,0.7787500023841858,0.8504605293273926,0.7364897131919861,65.43442924499512,0.7763158082962036,0.6823672652244568,0.800000011920929,0.8598901033401489,0.7997668981552124,65.28140716552734,0.9230769276618958,0.6120699644088745
24,0.7987499833106995,0.8669291734695435,0.7887926697731018,65.05194389343262,0.7850467562675476,0.7158568501472473,0.800000011920929,0.8516483306884766,0.8322343826293945,64.89750213623047,0.9615384340286255,0.6068788170814514
25,0.7712500095367432,0.8594278693199158,0.7406951785087585,64.68211791992188,0.7931936979293823,0.6954098343849182,0.800000011920929,0.8626373410224915,0.7969696521759033,64.52484130859375,0.8846153616905212,0.6360666155815125
26,0.7875000238418579,0.8529415130615234,0.7749097347259521,64.32638324737549,0.8005050420761108,0.7060233354568481,0.800000011920929,0.8667582273483276,0.7969696521759033,64.15105438232422,0.8846153616905212,0.6456882357597351
27,0.8212500214576721,0.890215277671814,0.8123677968978882,63.90983745574951,0.8208232522010803,0.7327610850334167,0.800000011920929,0.8640109896659851,0.8294371366500854,63.776773071289064,0.9230769276618958,0.6473851203918457
28,0.8087499737739563,0.8909010291099548,0.7881684303283691,63.54799476623535,0.8056265711784363,0.7345738410949707,0.800000011920929,0.8681318163871765,0.7969696521759033,63.40768890380859,0.8846153616905212,0.6615771055221558
29,0.8125,0.9006056785583496,0.7965458631515503,63.17382183074951,0.7846534848213196,0.7593598961830139,0.800000011920929,0.8653846383094788,0.8294371366500854,63.03825302124024,0.9230769276618958,0.6629244089126587
30,0.8299999833106995,0.9028705358505249,0.8130541443824768,62.80366226196289,0.8358974456787109,0.752544105052948,0.824999988079071,0.8667582869529724,0.8445886373519897,62.67267837524414,0.9230769276618958,0.6745573878288269
31,0.8025000095367432,0.8883463740348816,0.785851001739502,62.46694942474365,0.7791262269020081,0.7595231533050537,0.800000011920929,0.8695055246353149,0.8294371366500854,62.30814743041992,0.9230769276618958,0.6753407716751099
32,0.8362500071525574,0.912498414516449,0.8197444677352905,62.07023071289063,0.8512820601463318,0.7601571679115295,0.8500000238418579,0.8736263513565063,0.863636314868927,61.94698867797852,0.9230769276618958,0.6870028376579285
33,0.8162500262260437,0.8961062431335449,0.7865985035896301,61.741380004882814,0.8324999809265137,0.7434472441673279,0.824999988079071,0.8708791136741638,0.8103029131889343,61.58935394287109,0.8846153616905212,0.6932231187820435
34,0.8525000214576721,0.9168923497200012,0.8295372724533081,61.353677139282226,0.8363171219825745,0.8034565448760986,0.8500000238418579,0.8695055246353149,0.863636314868927,61.23143615722656,0.9230769276618958,0.6927281618118286
35,0.8412500023841858,0.9142032265663147,0.8291671276092529,61.002687797546386,0.8571428656578064,0.7679410576820374,0.8500000238418579,0.8736263513565063,0.863636314868927,60.87654113769531,0.9230769276618958,0.7025262713432312
36,0.8487499952316284,0.9270651340484619,0.8476635217666626,60.62413005828857,0.8470588326454163,0.7878386974334717,0.824999988079071,0.8722527623176575,0.8484848141670227,60.52208557128906,0.9230769276618958,0.6924842000007629
37,0.8487499952316284,0.9246926307678223,0.8414100408554077,60.28261890411377,0.8560793995857239,0.7605111598968506,0.8500000238418579,0.8708791136741638,0.863636314868927,60.17047653198242,0.9230769276618958,0.7026880383491516
38,0.8537499904632568,0.926003098487854,0.8332335948944092,59.92885021209717,0.8678756356239319,0.7858741283416748,0.8500000238418579,0.8708791136741638,0.863636314868927,59.82014541625976,0.9230769276618958,0.7099618315696716
39,0.8512499928474426,0.9291498064994812,0.8406338691711426,59.57363319396973,0.845588207244873,0.8130305409431458,0.8500000238418579,0.8708791136741638,0.863636314868927,59.47201232910156,0.9230769276618958,0.7086046934127808
40,0.8387500047683716,0.9147005677223206,0.8207380175590515,59.25757652282715,0.8312020301818848,0.7872755527496338,0.8500000238418579,0.8736263513565063,0.863636314868927,59.125387573242186,0.9230769276618958,0.7142754197120667
41,0.8575000166893005,0.9359798431396484,0.8569859862327576,58.874967079162595,0.8598574995994568,0.8110327124595642,0.824999988079071,0.8722527027130127,0.8484848141670227,58.780233001708986,0.9230769276618958,0.7054527997970581
42,0.8812500238418579,0.9450513124465942,0.8723307251930237,58.508864631652834,0.8992248177528381,0.7910822033882141,0.8500000238418579,0.8708791136741638,0.863636314868927,58.4356689453125,0.9230769276618958,0.718637228012085
43,0.84375,0.9231286644935608,0.8318391442298889,58.210694808959964,0.8518518805503845,0.7893197536468506,0.8500000238418579,0.8763736486434937,0.863636314868927,58.09323425292969,0.9230769276618958,0.7224826812744141
44,0.8762500286102295,0.9378561973571777,0.8631051778793335,57.838560562133786,0.8837209343910217,0.8099128007888794,0.824999988079071,0.875,0.8418181538581848,57.75299911499023,0.8846153616905212,0.7292263507843018
45,0.8762500286102295,0.947901725769043,0.8619422316551208,57.478995628356934,0.8567774891853333,0.8339720964431763,0.824999988079071,0.8777472376823425,0.8418181538581848,57.41249389648438,0.8846153616905212,0.7315132021903992
46,0.856249988079071,0.9395501613616943,0.8436946868896484,57.164609870910645,0.839243471622467,0.8372873067855835,0.8500000238418579,0.8777472376823425,0.863636314868927,57.0754753112793,0.9230769276618958,0.7148948907852173
47,0.8725000023841858,0.9411284327507019,0.8561505079269409,56.82213207244873,0.8914141654968262,0.7867793440818787,0.8500000238418579,0.8804944753646851,0.863636314868927,56.737866973876955,0.9230769276618958,0.7278285622596741
48,0.8675000071525574,0.943069338798523,0.8518776893615723,56.47870441436768,0.8886138796806335,0.8216361999511719,0.8500000238418579,0.8763736486434937,0.863636314868927,56.403176879882814,0.9230769276618958,0.7303988337516785
49,0.8712499737739563,0.9373577833175659,0.8625182509422302,56.16219924926758,0.8658536672592163,0.8203073740005493,0.8500000238418579,0.8763735294342041,0.863636314868927,56.06889266967774,0.9230769276618958,0.7248937487602234
50,0.8725000023841858,0.9507579803466797,0.8625853061676025,55.798945846557615,0.8812351822853088,0.8261108994483948,0.8500000238418579,0.8791208267211914,0.863636314868927,55.737640380859375,0.9230769276618958,0.7186943292617798
51,0.8887500166893005,0.9538540840148926,0.861401379108429,55.4563635635376,0.8944591283798218,0.8179045915603638,0.8500000238418579,0.8832417726516724,0.863636314868927,55.40532760620117,0.9230769276618958,0.7280402183532715
52,0.8762500286102295,0.9451444149017334,0.8572205305099487,55.14659236907959,0.8788659572601318,0.8250136375427246,0.8500000238418579,0.8887362480163574,0.863636314868927,55.074736785888675,0.9230769276618958,0.7364555597305298
53,0.8812500238418579,0.9557071924209595,0.8696050047874451,54.7912911605835,0.8832116723060608,0.8516793847084045,0.8500000238418579,0.8832417726516724,0.863636314868927,54.74697647094727,0.9230769276618958,0.7292348742485046
54,0.8962500095367432,0.956470787525177,0.8864387273788452,54.46316497802734,0.8969849348068237,0.839276909828186,0.8500000238418579,0.8859889507293701,0.863636314868927,54.41929702758789,0.9230769276618958,0.7297126054763794
55,0.9175000190734863,0.9646298289299011,0.9127718210220337,54.11483253479004,0.9007633328437805,0.8604589104652405,0.875,0.8887362480163574,0.8815850019454956,54.09326934814453,0.9615384340286255,0.7272843718528748
56,0.8887500166893005,0.9484654664993286,0.8786879777908325,53.835859603881836,0.9041768908500671,0.8291693925857544,0.8500000238418579,0.8846153616905212,0.863636314868927,53.76796340942383,0.9230769276618958,0.7318011522293091
57,0.8912500143051147,0.9538233280181885,0.8847839832305908,53.49308696746826,0.8894348740577698,0.8500838279724121,0.8500000238418579,0.8859889507293701,0.863636314868927,53.443319702148436,0.9230769276618958,0.7338367700576782
58,0.8962500095367432,0.9629499912261963,0.8733066320419312,53.149392471313476,0.9028133153915405,0.8525136709213257,0.8500000238418579,0.8818681240081787,0.863636314868927,53.120730590820315,0.9230769276618958,0.738089919090271
59,0.9175000190734863,0.9677503108978271,0.8973555564880371,52.8107234954834,0.9176755547523499,0.8679765462875366,0.875,0.8818681240081787,0.8815850019454956,52.80098342895508,0.9615384340286255,0.7313088178634644
60,0.9087499976158142,0.9610557556152344,0.8983306288719177,52.51058994293213,0.9121447205543518,0.8470258116722107,0.8500000238418579,0.8832417726516724,0.863636314868927,52.48065032958984,0.9230769276618958,0.7369963526725769
61,0.9024999737739563,0.9647795557975769,0.885087788105011,52.17998065948486,0.9064039587974548,0.8785228729248047,0.8500000238418579,0.8804944753646851,0.863636314868927,52.162663269042966,0.9230769276618958,0.737174391746521
62,0.90625,0.9655200839042664,0.8985269665718079,51.86233745574951,0.9168704152107239,0.8701772093772888,0.875,0.8859890699386597,0.8815850019454956,51.845115661621094,0.9615384340286255,0.7329519987106323
63,0.8974999785423279,0.9636678695678711,0.879990816116333,51.55322109222412,0.9079601764678955,0.8551008105278015,0.875,0.8873625993728638,0.8815850019454956,51.5268669128418,0.9615384340286255,0.735403299331665
64,0.8862500190734863,0.9620384573936462,0.8661504983901978,51.24239154815674,0.8891687393188477,0.8410738110542297,0.8500000238418579,0.8873625993728638,0.863636314868927,51.21045761108398,0.9230769276618958,0.7436010241508484
