epoch,accuracy,auc_6,f1_m,loss,recall_6,specificity,val_accuracy,val_auc_6,val_f1_m,val_loss,val_recall_6,val_specificity
0,0.4987500011920929,0.4961887001991272,0.4179837703704834,74.97074295043946,0.39364302158355713,0.5292836427688599,0.5,0.39499998092651367,0.0,74.72535705566406,0.0,0.5211054086685181
1,0.4962500035762787,0.5006253123283386,0.4240649342536926,74.5488362121582,0.4156479239463806,0.5212757587432861,0.5249999761581421,0.5375000238418579,0.10000000149011612,74.30418395996094,0.05000000074505806,0.5168982744216919
2,0.4987500011920929,0.4900017976760864,0.4160122275352478,74.13519523620606,0.43187659978866577,0.5128929018974304,0.5249999761581421,0.6475000381469727,0.10000000149011612,73.88678436279297,0.05000000074505806,0.5186196565628052
3,0.5575000047683716,0.5681849718093872,0.48748382925987244,73.69468101501465,0.47772276401519775,0.5423688888549805,0.675000011920929,0.7412500381469727,0.5314284563064575,73.47090759277344,0.4000000059604645,0.5156227350234985
4,0.5475000143051147,0.5619859099388123,0.49627459049224854,73.28711402893066,0.5100502371788025,0.5212798714637756,0.675000011920929,0.7837499976158142,0.5314284563064575,73.05966186523438,0.4000000059604645,0.5161459445953369
5,0.5325000286102295,0.5524810552597046,0.47397875785827637,72.88353073120118,0.48362720012664795,0.5200672745704651,0.7250000238418579,0.7975000143051147,0.6147618293762207,72.65184020996094,0.5,0.5148661136627197
6,0.5575000047683716,0.570295512676239,0.5163247585296631,72.46979988098144,0.5326633453369141,0.5286195278167725,0.7250000238418579,0.7849999666213989,0.7099999785423279,72.245654296875,0.699999988079071,0.5109210014343262
7,0.5562499761581421,0.5832047462463379,0.522706151008606,72.06133399963379,0.5434243083000183,0.5208455920219421,0.7250000238418579,0.8137499690055847,0.7099999785423279,71.84176177978516,0.699999988079071,0.5114344954490662
8,0.5575000047683716,0.5833015441894531,0.513222336769104,71.65777801513671,0.5281173586845398,0.5185132622718811,0.75,0.831250011920929,0.752380907535553,71.4383529663086,0.800000011920929,0.5104813575744629
9,0.5975000262260437,0.620055615901947,0.5691331624984741,71.2446075439453,0.6028708219528198,0.5261507034301758,0.7250000238418579,0.8187500238418579,0.735714316368103,71.03675689697266,0.800000011920929,0.5073448419570923
10,0.6162499785423279,0.6627435088157654,0.5950475931167603,70.8253335571289,0.6401985287666321,0.529508113861084,0.7250000238418579,0.824999988079071,0.735714316368103,70.63691101074218,0.800000011920929,0.5109331011772156
11,0.6237499713897705,0.6764615774154663,0.5814830660820007,70.42196884155274,0.6040608882904053,0.5446224808692932,0.7749999761581421,0.846250057220459,0.7738094925880432,70.23677978515624,0.800000011920929,0.5223017930984497
12,0.6524999737739563,0.7020121812820435,0.5675905346870422,70.01476303100586,0.573298454284668,0.5744612812995911,0.800000011920929,0.8662500381469727,0.7880951762199402,69.83653869628907,0.699999988079071,0.532936692237854
13,0.6700000166893005,0.7109912037849426,0.6338492631912231,69.62074729919433,0.6283618807792664,0.5665289759635925,0.8500000238418579,0.8912500143051147,0.8357863426208496,69.43489837646484,0.8500000238418579,0.5324620008468628
14,0.6825000047683716,0.7537583112716675,0.6364243030548096,69.20819313049316,0.6115108132362366,0.6018763780593872,0.824999988079071,0.9137500524520874,0.8180086016654968,69.03308410644532,0.8500000238418579,0.53108811378479
15,0.6875,0.7517260313034058,0.6678524017333984,68.82044815063476,0.6853658556938171,0.585380494594574,0.8500000238418579,0.9375,0.8465800285339355,68.6297622680664,0.8999999761581421,0.5374102592468262
16,0.6875,0.7767717838287354,0.6327158808708191,68.40793746948242,0.6320000290870667,0.6166865825653076,0.8999999761581421,0.9674999713897705,0.8865799903869629,68.22369079589843,0.8999999761581421,0.5615798234939575
17,0.699999988079071,0.7810320854187012,0.652553915977478,68.02340118408203,0.6194030046463013,0.6416691541671753,0.8999999761581421,0.9812500476837158,0.9024530649185181,67.82061004638672,0.949999988079071,0.5624603629112244
18,0.7250000238418579,0.8189181089401245,0.6987746953964233,67.61392768859864,0.6900726556777954,0.6373994946479797,0.8999999761581421,0.9900000095367432,0.9158729314804077,67.41828765869141,1.0,0.5730987191200256
19,0.7250000238418579,0.8062800765037537,0.6982781887054443,67.23703018188476,0.7157106995582581,0.633435070514679,0.925000011920929,0.9950000047683716,0.931024432182312,67.01746063232422,1.0,0.5902992486953735
20,0.7699999809265137,0.8610153198242188,0.7244033217430115,66.81543304443359,0.7213930487632751,0.6833295226097107,0.925000011920929,0.9975000023841858,0.931024432182312,66.61966094970703,1.0,0.6035594940185547
21,0.7850000262260437,0.8760349750518799,0.7465950846672058,66.4197841644287,0.7367021441459656,0.693074107170105,0.9750000238418579,0.9987499713897705,0.9818181991577148,66.21970672607422,1.0,0.6277865767478943
22,0.800000011920929,0.8821871280670166,0.7665806412696838,66.0325299835205,0.7543424367904663,0.7178819179534912,0.925000011920929,1.0,0.9373737573623657,65.82523651123047,1.0,0.6329017877578735
23,0.8299999833106995,0.9031275510787964,0.8124665021896362,65.6283641052246,0.7994987368583679,0.7260991930961609,0.949999988079071,1.0,0.9595958590507507,65.42841339111328,1.0,0.654949963092804
24,0.7975000143051147,0.8862252831459045,0.7802680134773254,65.2722135925293,0.7686567306518555,0.7138110995292664,0.949999988079071,1.0,0.9595958590507507,65.03533325195312,1.0,0.6721967458724976
25,0.8299999833106995,0.9264082312583923,0.8102790117263794,64.85298538208008,0.7945544719696045,0.7488414645195007,0.949999988079071,1.0,0.9595958590507507,64.64190216064453,1.0,0.6904752850532532
26,0.8287500143051147,0.913640022277832,0.8155741691589355,64.49133537292481,0.8111380338668823,0.7235592007637024,0.949999988079071,0.9999999403953552,0.9595958590507507,64.2520248413086,1.0,0.7051057815551758
27,0.8399999737739563,0.9071698188781738,0.8195683360099792,64.13155502319336,0.824940025806427,0.770261287689209,0.949999988079071,1.0,0.9595958590507507,63.86873779296875,1.0,0.7144583463668823
28,0.8424999713897705,0.9268310070037842,0.8117753863334656,63.73384395599365,0.8376288414001465,0.7504059672355652,0.9750000238418579,1.0,0.9777777791023254,63.482574462890625,1.0,0.7503534555435181
29,0.8587499856948853,0.9320135712623596,0.8399218916893005,63.35725467681885,0.847328245639801,0.7719855308532715,0.9750000238418579,1.0,0.9777777791023254,63.1016227722168,1.0,0.7673395872116089
30,0.8712499737739563,0.9428286552429199,0.8428943157196045,62.96542133331299,0.8586118221282959,0.7889003753662109,1.0,1.0,1.0,62.72462615966797,1.0,0.7903072237968445
31,0.8637499809265137,0.9424823522567749,0.8489701151847839,62.60649223327637,0.8427518606185913,0.8030981421470642,0.9750000238418579,1.0,0.9777777791023254,62.34994735717773,1.0,0.7931815981864929
32,0.8700000047683716,0.9396934509277344,0.8587709069252014,62.24755516052246,0.8660049438476562,0.7937685251235962,0.9750000238418579,1.0,0.9777777791023254,61.97835159301758,1.0,0.798629879951477
33,0.875,0.9349288940429688,0.8549314737319946,61.89837413787842,0.8740360140800476,0.7859680652618408,1.0,1.0,1.0,61.60844802856445,1.0,0.8170324563980103
34,0.90625,0.955024242401123,0.8989269137382507,61.494485473632814,0.8990147709846497,0.8196874856948853,0.9750000238418579,1.0,0.9777777791023254,61.24042510986328,1.0,0.8243640661239624
35,0.8812500238418579,0.9512090682983398,0.8710755109786987,61.147266998291016,0.8603491187095642,0.8288959264755249,0.9750000238418579,1.0,0.9777777791023254,60.87574844360351,1.0,0.8293752670288086
36,0.8700000047683716,0.9472290873527527,0.8521658182144165,60.79751209259033,0.8712871074676514,0.8244666457176208,0.9750000238418579,1.0,0.9777777791023254,60.51332778930664,1.0,0.8405313491821289
37,0.9012500047683716,0.9619091153144836,0.8842053413391113,60.42041660308838,0.9298245906829834,0.8173018097877502,1.0,1.0,1.0,60.15324325561524,1.0,0.8514897227287292
38,0.9037500023841858,0.9649521112442017,0.8997901678085327,60.05346939086914,0.8997613191604614,0.8491402268409729,0.9750000238418579,1.0,0.9777777791023254,59.79474792480469,1.0,0.8551616668701172
39,0.8899999856948853,0.9544653296470642,0.8788883090019226,59.72086681365967,0.9002493619918823,0.8238887190818787,0.9750000238418579,1.0,0.9600000381469727,59.439466857910155,0.949999988079071,0.8657850027084351
40,0.9100000262260437,0.9653606414794922,0.9066763520240784,59.351155319213866,0.9132530093193054,0.8427075743675232,0.9750000238418579,0.9987499713897705,0.9777777791023254,59.08493423461914,1.0,0.8678027391433716
41,0.8949999809265137,0.9575441479682922,0.8796223998069763,59.01902095794678,0.8976982235908508,0.8371198773384094,0.9750000238418579,0.9975000619888306,0.9600000381469727,58.73385925292969,0.949999988079071,0.8783475756645203
42,0.9049999713897705,0.9593529105186462,0.8915775418281555,58.672720985412596,0.8827930092811584,0.8578298687934875,0.9750000238418579,0.9975000023841858,0.9777777791023254,58.38342208862305,1.0,0.8763667941093445
43,0.8999999761581421,0.9591865539550781,0.883654773235321,58.32329933166504,0.8939393758773804,0.8530104160308838,0.949999988079071,0.9975000023841858,0.9377776980400085,58.036380767822266,0.949999988079071,0.8828058242797852
44,0.9125000238418579,0.9644374847412109,0.8916224837303162,57.969987106323245,0.9220778942108154,0.854414165019989,0.9750000238418579,0.9975000023841858,0.9600000381469727,57.691664123535155,0.949999988079071,0.8950942754745483
45,0.9075000286102295,0.9692466855049133,0.8918843269348145,57.614120979309085,0.902255654335022,0.8631370663642883,0.9750000238418579,0.9975000619888306,0.9600000381469727,57.347320556640625,0.949999988079071,0.8974241018295288
46,0.918749988079071,0.9745717644691467,0.9074680209159851,57.25476024627685,0.9122806787490845,0.8722988367080688,0.9750000238418579,0.9975000023841858,0.9600000381469727,57.004266357421876,0.949999988079071,0.8966745138168335
47,0.9275000095367432,0.9777235388755798,0.9120545983314514,56.91318923950195,0.9219512343406677,0.8782098889350891,0.949999988079071,0.9975000023841858,0.9377776980400085,56.66224212646485,0.949999988079071,0.8941981196403503
48,0.8999999761581421,0.9658960700035095,0.8801721334457397,56.60760368347168,0.8919597864151001,0.8628594875335693,0.949999988079071,0.9975000619888306,0.9377776980400085,56.323401641845706,0.949999988079071,0.8961625099182129
49,0.918749988079071,0.9740795493125916,0.9128229022026062,56.23925895690918,0.9134860038757324,0.866221010684967,0.949999988079071,0.9975000023841858,0.9377776980400085,55.98510665893555,0.949999988079071,0.9021629095077515
50,0.8987500071525574,0.9652593731880188,0.8869460821151733,55.934585609436034,0.8974999785423279,0.8577638864517212,0.949999988079071,0.9975000023841858,0.9377776980400085,55.650553131103514,0.949999988079071,0.8995909690856934
51,0.9237499833106995,0.9689313769340515,0.9254897832870483,55.59448680877686,0.8992805480957031,0.8566990494728088,0.949999988079071,0.997499942779541,0.9377776980400085,55.315267181396486,0.949999988079071,0.8990193605422974
52,0.9237499833106995,0.975261926651001,0.9162344336509705,55.239939765930174,0.9191176295280457,0.8767467737197876,0.949999988079071,0.997499942779541,0.9377776980400085,54.98326797485352,0.949999988079071,0.8942910432815552
53,0.9325000047683716,0.9819186925888062,0.913306474685669,54.88689159393311,0.9376558661460876,0.8788304328918457,0.949999988079071,0.997499942779541,0.9377776980400085,54.65082778930664,0.949999988079071,0.9056064486503601
54,0.9175000190734863,0.9720542430877686,0.895103394985199,54.59076812744141,0.920844316482544,0.8648291826248169,0.949999988079071,0.9975000619888306,0.9377776980400085,54.32096786499024,0.949999988079071,0.9066599011421204
55,0.9350000023841858,0.9808645248413086,0.9184760451316833,54.228345222473145,0.9354838728904724,0.8955652117729187,0.949999988079071,0.9975000619888306,0.9377776980400085,53.99254455566406,0.949999988079071,0.9116671681404114
56,0.9200000166893005,0.9723814129829407,0.9103756546974182,53.93190074920654,0.9150485396385193,0.8706299066543579,0.949999988079071,0.997499942779541,0.9377776980400085,53.6656005859375,0.949999988079071,0.9097911715507507
57,0.9262499809265137,0.9734675288200378,0.9139747619628906,53.6029679107666,0.920918345451355,0.8779575228691101,0.949999988079071,0.9975000619888306,0.9377776980400085,53.340301513671875,0.949999988079071,0.9125539660453796
58,0.9325000047683716,0.9809467792510986,0.9273338913917542,53.25993854522705,0.935251772403717,0.8907050490379333,0.949999988079071,0.9975000619888306,0.9377776980400085,53.01601104736328,0.949999988079071,0.9161052703857422
59,0.9474999904632568,0.9828357696533203,0.9437110424041748,52.925267372131344,0.9381188154220581,0.8962856531143188,0.949999988079071,0.997499942779541,0.9377776980400085,52.693512725830075,0.949999988079071,0.9166738390922546
