epoch,accuracy,auc_3,f1_m,loss,recall_3,specificity,val_accuracy,val_auc_3,val_f1_m,val_loss,val_recall_3,val_specificity
0,0.5,0.4716455638408661,0.033166661858558655,73.82051406860352,0.025316456332802773,0.7200493812561035,0.3499999940395355,0.34478020668029785,0.0,73.7025161743164,0.0,0.708523154258728
1,0.5012500286102295,0.5257540345191956,0.09252380579710007,73.34042678833008,0.06632652878761292,0.6849913001060486,0.3499999940395355,0.4079670011997223,0.0,73.23942565917969,0.0,0.6830994486808777
2,0.5037500262260437,0.5513227581977844,0.18668250739574432,72.92403793334961,0.14423076808452606,0.6612097024917603,0.3499999940395355,0.43406593799591064,0.0,72.7816146850586,0.0,0.6548437476158142
3,0.4987500011920929,0.5150343775749207,0.23793649673461914,72.51038383483886,0.18000000715255737,0.6281775236129761,0.3499999940395355,0.4931318759918213,0.0,72.33953094482422,0.0,0.6311351656913757
4,0.5212500095367432,0.5410290956497192,0.3091111183166504,72.0773950958252,0.25,0.6112909317016602,0.3499999940395355,0.5425823926925659,0.0,71.90811309814453,0.0,0.6102703809738159
5,0.5400000214576721,0.5606595277786255,0.3487972021102905,71.65074951171874,0.31070494651794434,0.5987962484359741,0.3499999940395355,0.5563186407089233,0.0,71.4931137084961,0.0,0.601335346698761
6,0.574999988079071,0.6165043115615845,0.4432604908943176,71.21700561523437,0.3817734122276306,0.6041504740715027,0.3499999940395355,0.6236263513565063,0.0,71.0762451171875,0.0,0.5896555781364441
7,0.5174999833106995,0.5629382133483887,0.38926833868026733,70.84530792236328,0.36009731888771057,0.574122965335846,0.3499999940395355,0.682692289352417,0.0,70.66164093017578,0.0,0.5785775184631348
8,0.5762500166893005,0.5966895818710327,0.5088976621627808,70.43055892944336,0.4816626012325287,0.5623094439506531,0.375,0.7335164546966553,0.06666665524244308,70.25313415527344,0.03846153989434242,0.5729256272315979
9,0.5649999976158142,0.5951147079467773,0.47912055253982544,70.02897621154786,0.4760705232620239,0.5636454820632935,0.42500001192092896,0.7554944753646851,0.18333330750465393,69.85210723876953,0.11538461595773697,0.57501220703125
10,0.6037499904632568,0.644132673740387,0.5175250768661499,69.61134437561036,0.5049019455909729,0.5697465538978577,0.4749999940395355,0.7898352146148682,0.2666666507720947,69.44727172851563,0.19230769574642181,0.5712183713912964
11,0.6187499761581421,0.6519041061401367,0.5288029909133911,69.21363182067871,0.5162907242774963,0.5866954326629639,0.4749999940395355,0.7994505167007446,0.2666666507720947,69.04607696533203,0.19230769574642181,0.5708023309707642
12,0.6287500262260437,0.660150408744812,0.5604639053344727,68.81515296936035,0.552971601486206,0.5844614505767822,0.5,0.8035714626312256,0.3166666626930237,68.65089263916016,0.23076923191547394,0.5758439302444458
13,0.6225000023841858,0.6837620735168457,0.5591190457344055,68.41548706054688,0.5198019742965698,0.5935055017471313,0.550000011920929,0.8104395866394043,0.39444440603256226,68.2561752319336,0.3076923191547394,0.5801040530204773
14,0.6075000166893005,0.6800620555877686,0.5442438721656799,68.03012222290039,0.512135922908783,0.5940802097320557,0.625,0.8131868243217468,0.6130735874176025,67.85458679199219,0.5,0.5730980634689331
15,0.706250011920929,0.7495672106742859,0.6537749767303467,67.60153213500976,0.6329787373542786,0.6010211110115051,0.699999988079071,0.8282966613769531,0.6885281205177307,67.46279602050781,0.5384615659713745,0.5796655416488647
16,0.6987500190734863,0.7808561325073242,0.667884349822998,67.20590812683105,0.6169725060462952,0.6426171660423279,0.7749999761581421,0.8406593799591064,0.7415584325790405,67.05933074951172,0.7307692170143127,0.5690435171127319
17,0.7174999713897705,0.7920457124710083,0.6693059802055359,66.80612495422363,0.6526315808296204,0.6155415773391724,0.8500000238418579,0.8653846383094788,0.8287878036499023,66.66986083984375,0.7692307829856873,0.5823616981506348
18,0.7287499904632568,0.7992228865623474,0.6701652407646179,66.42031173706054,0.6513994932174683,0.6475833654403687,0.8500000238418579,0.8804944753646851,0.8287878036499023,66.27795715332032,0.7692307829856873,0.5933895111083984
19,0.737500011920929,0.8220325112342834,0.6770561933517456,66.01952629089355,0.6384615302085876,0.6693615913391113,0.875,0.8928571343421936,0.8565656542778015,65.88180084228516,0.807692289352417,0.5981274247169495
20,0.7524999976158142,0.8486265540122986,0.7157013416290283,65.63071136474609,0.6674584150314331,0.6930295825004578,0.800000011920929,0.906593382358551,0.8206060528755188,65.47996826171875,0.8461538553237915,0.5931723117828369
21,0.7512500286102295,0.8514786958694458,0.7123340368270874,65.24163536071778,0.689976692199707,0.6752874851226807,0.824999988079071,0.923076868057251,0.8452214002609253,65.08257141113282,0.9230769276618958,0.5838276743888855
22,0.7825000286102295,0.865935206413269,0.7434027791023254,64.84358177185058,0.739130437374115,0.6867420077323914,0.824999988079071,0.9230769276618958,0.8418181538581848,64.69518585205078,0.8846153616905212,0.6080373525619507
23,0.7825000286102295,0.8715031147003174,0.7421477437019348,64.4677751159668,0.7319587469100952,0.7255921959877014,0.800000011920929,0.9313186407089233,0.8206060528755188,64.30856628417969,0.8461538553237915,0.6295932531356812
24,0.8174999952316284,0.9047256708145142,0.794921875,64.05605857849122,0.7613365054130554,0.738328218460083,0.824999988079071,0.9395604133605957,0.8418181538581848,63.91850662231445,0.8846153616905212,0.6391679048538208
25,0.8337500095367432,0.9181684851646423,0.803061306476593,63.66276168823242,0.7926509380340576,0.7492572069168091,0.800000011920929,0.9409340620040894,0.7872726917266846,63.53394775390625,0.807692289352417,0.6656242609024048
26,0.8187500238418579,0.9037500023841858,0.7950068712234497,63.312025985717774,0.7699999809265137,0.7601158618927002,0.824999988079071,0.9519230723381042,0.8206060528755188,63.15247802734375,0.807692289352417,0.6852835416793823
27,0.8349999785423279,0.9187324047088623,0.8184732794761658,62.92183418273926,0.786432147026062,0.7795875668525696,0.875,0.9546703100204468,0.8597668409347534,62.77124862670898,0.8846153616905212,0.6988089680671692
28,0.8412500023841858,0.925018310546875,0.8178764581680298,62.542047386169436,0.805486261844635,0.7802892923355103,0.875,0.9560439586639404,0.8597668409347534,62.39391326904297,0.8846153616905212,0.7132463455200195
29,0.8174999952316284,0.9043744206428528,0.7969281077384949,62.21022106170654,0.7844611406326294,0.7862021923065186,0.875,0.9560439586639404,0.8597668409347534,62.01942138671875,0.8846153616905212,0.7188737392425537
30,0.8362500071525574,0.9140257835388184,0.8112218379974365,61.837421875,0.8069307208061218,0.7816346883773804,0.875,0.9560438990592957,0.8597668409347534,61.648503112792966,0.8846153616905212,0.729670524597168
31,0.8475000262260437,0.9312931299209595,0.8307761549949646,61.438295936584474,0.8181818127632141,0.8033131957054138,0.875,0.9574176073074341,0.8597668409347534,61.279414367675784,0.8846153616905212,0.7363860011100769
32,0.8687499761581421,0.9364274144172668,0.8499700427055359,61.07944919586182,0.8402948379516602,0.814673662185669,0.875,0.9615384340286255,0.8597668409347534,60.912409973144534,0.8846153616905212,0.7428034543991089
33,0.875,0.9483238458633423,0.8605821132659912,60.69988796234131,0.8439897894859314,0.8138367533683777,0.875,0.9615384340286255,0.8597668409347534,60.54950942993164,0.8846153616905212,0.7574256658554077
34,0.8974999785423279,0.9578996896743774,0.8853820562362671,60.32292697906494,0.8790123462677002,0.8246167898178101,0.875,0.9615384340286255,0.8597668409347534,60.18656845092774,0.8846153616905212,0.7662290334701538
35,0.856249988079071,0.9377017021179199,0.835794985294342,60.00087909698486,0.8333333134651184,0.828199028968811,0.8500000238418579,0.964285671710968,0.8379486799240112,59.82982406616211,0.8461538553237915,0.7737134099006653
36,0.8637499809265137,0.9377844333648682,0.8412676453590393,59.65548721313476,0.8510100841522217,0.8280465602874756,0.8500000238418579,0.9670329093933105,0.8379486799240112,59.47131500244141,0.8461538553237915,0.7802282571792603
37,0.8737499713897705,0.9522840976715088,0.8537397980690002,59.275783653259275,0.8628429174423218,0.8366391658782959,0.8500000238418579,0.9670329093933105,0.8379486799240112,59.11457061767578,0.8461538553237915,0.7857739329338074
38,0.8575000166893005,0.9284523725509644,0.8470321893692017,58.97377109527588,0.8412322402000427,0.8252200484275818,0.875,0.9670329093933105,0.8597668409347534,58.76293792724609,0.8846153616905212,0.7800165414810181
39,0.893750011920929,0.9556400179862976,0.8824554681777954,58.56929317474365,0.8730964660644531,0.8349567651748657,0.8500000238418579,0.9670329689979553,0.8379486799240112,58.411651611328125,0.8461538553237915,0.7878289222717285
40,0.8912500143051147,0.9586966633796692,0.8855848908424377,58.21517436981201,0.8864197731018066,0.8464820981025696,0.8500000238418579,0.9670329093933105,0.8379486799240112,58.06296920776367,0.8461538553237915,0.7931115031242371
41,0.8912500143051147,0.9592776298522949,0.8776968121528625,57.86443546295166,0.8820512890815735,0.8427184820175171,0.8500000238418579,0.9656593203544617,0.8379486799240112,57.719557189941405,0.8461538553237915,0.8018621206283569
42,0.8700000047683716,0.945298433303833,0.8528164029121399,57.556289749145506,0.847769021987915,0.8353112936019897,0.8500000238418579,0.9656593799591064,0.8379486799240112,57.375047302246095,0.8461538553237915,0.808376133441925
43,0.8974999785423279,0.9679174423217773,0.8886035084724426,57.168264350891114,0.8682926893234253,0.8643782138824463,0.8500000238418579,0.964285671710968,0.8379486799240112,57.030452728271484,0.8461538553237915,0.8073495030403137
44,0.8899999856948853,0.9588539004325867,0.8790381550788879,56.84693508148193,0.8784118890762329,0.8450504541397095,0.8500000238418579,0.9629120826721191,0.8379486799240112,56.689736938476564,0.8461538553237915,0.8109718561172485
45,0.9175000190734863,0.9731439352035522,0.9057207703590393,56.46993713378906,0.903553307056427,0.8676973581314087,0.8500000238418579,0.9629121422767639,0.8379486799240112,56.34874420166015,0.8461538553237915,0.815281093120575
46,0.9162499904632568,0.9692894220352173,0.9010892510414124,56.14396305084229,0.9104115962982178,0.8765501976013184,0.8500000238418579,0.9642857313156128,0.8379486799240112,56.008995056152344,0.8461538553237915,0.8177846670150757
47,0.893750011920929,0.9638943672180176,0.8844361305236816,55.81925132751465,0.8839505910873413,0.8743183016777039,0.8500000238418579,0.9629120826721191,0.8379486799240112,55.67038116455078,0.8461538553237915,0.815881609916687
48,0.9150000214576721,0.9647310376167297,0.8965694904327393,55.47570858001709,0.9072681665420532,0.8784769177436829,0.8500000238418579,0.9615384340286255,0.8379486799240112,55.33585205078125,0.8461538553237915,0.8209433555603027
49,0.9212499856948853,0.97451251745224,0.9079341888427734,55.11857429504394,0.9200000166893005,0.8764368295669556,0.8500000238418579,0.9615384340286255,0.8379486799240112,55.00374755859375,0.8461538553237915,0.8263082504272461
50,0.9262499809265137,0.9780235290527344,0.9257572293281555,54.77512161254883,0.910588264465332,0.8940191864967346,0.8500000238418579,0.9615384936332703,0.8379486799240112,54.66850662231445,0.8461538553237915,0.8195030093193054
51,0.9024999737739563,0.9641791582107544,0.8796125054359436,54.4808271408081,0.8997429013252258,0.8763903975486755,0.8500000238418579,0.9615384340286255,0.8379486799240112,54.34315719604492,0.8461538553237915,0.8326424360275269
52,0.9237499833106995,0.9761444330215454,0.9097573161125183,54.11807872772217,0.9025641083717346,0.8789332509040833,0.8500000238418579,0.9615384340286255,0.8379486799240112,54.013493347167966,0.8461538553237915,0.8315103650093079
53,0.9112499952316284,0.9677530527114868,0.8992887139320374,53.81700969696045,0.9090909361839294,0.8603414297103882,0.8500000238418579,0.9615384340286255,0.8379486799240112,53.68706283569336,0.8461538553237915,0.8364022970199585
54,0.9262499809265137,0.9724780321121216,0.9196221232414246,53.48163475036621,0.8977556228637695,0.8959352374076843,0.8500000238418579,0.9615384340286255,0.8379486799240112,53.35717926025391,0.8461538553237915,0.831643283367157
55,0.9162499904632568,0.9701026082038879,0.9057135581970215,53.15284568786621,0.903553307056427,0.8644295334815979,0.8500000238418579,0.9615384936332703,0.8379486799240112,53.03262023925781,0.8461538553237915,0.8304315805435181
56,0.9237499833106995,0.9700762033462524,0.917163074016571,52.83313091278076,0.9116945266723633,0.890673816204071,0.8500000238418579,0.9615384340286255,0.8379486799240112,52.70577621459961,0.8461538553237915,0.8253347277641296
57,0.9300000071525574,0.9838874340057373,0.920102059841156,52.46237533569336,0.9077306985855103,0.906195878982544,0.8500000238418579,0.9615384340286255,0.8379486799240112,52.38354568481445,0.8461538553237915,0.8256632089614868
58,0.9175000190734863,0.9751336574554443,0.9015161395072937,52.17617267608642,0.9061728119850159,0.8916518688201904,0.8500000238418579,0.9615384340286255,0.8379486799240112,52.06468276977539,0.8461538553237915,0.8282507061958313
59,0.9325000047683716,0.9777806997299194,0.917908787727356,51.84456798553467,0.927135705947876,0.8958982825279236,0.8500000238418579,0.9615384936332703,0.8379486799240112,51.74572525024414,0.8461538553237915,0.8287645578384399
