epoch,accuracy,auc_1,loss,val_accuracy,val_auc_1,val_loss
0,0.5625,0.5756275653839111,0.7049593240022659,0.3499999940395355,0.5,0.723211944103241
1,0.612500011920929,0.6461961269378662,0.6989776760339736,0.3499999940395355,0.5,0.7190679907798767
2,0.6937500238418579,0.7459145784378052,0.6086111724376678,0.3499999940395355,0.5,0.7461223602294922
3,0.7875000238418579,0.8338056802749634,0.5065599754452705,0.3499999940395355,0.5,0.7485765218734741
4,0.78125,0.8524512648582458,0.4908831402659416,0.3499999940395355,0.5,0.7560490131378174
5,0.793749988079071,0.8664361834526062,0.4792621895670891,0.3499999940395355,0.5,0.7985276579856873
6,0.824999988079071,0.8830670118331909,0.4338093500584364,0.3499999940395355,0.5,0.8089615345001221
7,0.8812500238418579,0.9329525232315063,0.33015545904636384,0.3499999940395355,0.5,0.7920962929725647
8,0.875,0.9367843270301819,0.3216415949165821,0.3499999940395355,0.5,0.7396942496299743
9,0.8374999761581421,0.873828113079071,0.4592489741742611,0.3499999940395355,0.5,0.7631338953971862
10,0.824999988079071,0.9194861650466919,0.3628718663007021,0.3499999940395355,0.5,0.7674241065979004
11,0.8500000238418579,0.9101079106330872,0.3901157520711422,0.3499999940395355,0.5,0.7170619010925293
12,0.856249988079071,0.9385553002357483,0.3199492607265711,0.3499999940395355,0.5,0.7146602511405945
13,0.7875000238418579,0.8484209179878235,0.5001889482140541,0.3499999940395355,0.5,0.7040837407112122
14,0.875,0.9450781345367432,0.31082529053092,0.6499999761581421,0.5,0.6682600617408753
15,0.8500000238418579,0.9333754777908325,0.32934204377233983,0.6499999761581421,0.5,0.6578452706336975
0,0.5375000238418579,0.5068235397338867,0.7415704965591431,0.6499999761581421,0.5,0.6728123784065246
1,0.612500011920929,0.6175183653831482,0.6939715087413788,0.6499999761581421,0.5,0.6601132988929749
2,0.625,0.7000325322151184,0.6380040228366852,0.6499999761581421,0.5,0.6490250825881958
3,0.5562499761581421,0.6169154644012451,0.7437349557876587,0.6499999761581421,0.5,0.6526263356208801
4,0.606249988079071,0.6760936975479126,0.650878244638443,0.6499999761581421,0.5,0.6477133512496949
5,0.6000000238418579,0.6426767706871033,0.6820659741759301,0.6499999761581421,0.5,0.6475020766258239
6,0.7250000238418579,0.7594937086105347,0.5902924314141273,0.6499999761581421,0.5,0.6492289066314697
7,0.75,0.8022630214691162,0.5429889008402824,0.6499999761581421,0.5,0.6519733667373657
8,0.7875000238418579,0.8547932505607605,0.4855983078479767,0.6499999761581421,0.5,0.6912485003471375
9,0.7562500238418579,0.8581249713897705,0.483352530002594,0.6499999761581421,0.5,0.7262430787086487
10,0.7437499761581421,0.8733881115913391,0.451766736805439,0.6499999761581421,0.5,0.7974505424499512
11,0.824999988079071,0.9000155925750732,0.4039309933781624,0.6499999761581421,0.5,0.8420750200748444
12,0.8374999761581421,0.9097515344619751,0.3821991767734289,0.6499999761581421,0.5,0.8722433745861053
13,0.831250011920929,0.9149391055107117,0.37250487580895425,0.6499999761581421,0.5,0.9379523992538452
14,0.893750011920929,0.9431872367858887,0.306948558986187,0.6499999761581421,0.5,0.9835942387580872
15,0.8999999761581421,0.9526159167289734,0.2865842284634709,0.6499999761581421,0.5,1.0395611643791198
16,0.8500000238418579,0.9228540658950806,0.35512337908148767,0.6499999761581421,0.5,1.072120988368988
17,0.918749988079071,0.9567360877990723,0.254552691988647,0.6499999761581421,0.5,1.0207458138465881
18,0.9125000238418579,0.9506722688674927,0.2789565804414451,0.6499999761581421,0.5,1.1045554876327515
19,0.90625,0.9426074624061584,0.28783608907833697,0.6499999761581421,0.5,1.1002974569797517
20,0.9437500238418579,0.9818721413612366,0.1799150798469782,0.6499999761581421,0.5,1.1356283843517303
21,0.918749988079071,0.9797435998916626,0.17811768008396028,0.6499999761581421,0.5,1.1163858413696288
22,0.90625,0.9695945978164673,0.23879728149622678,0.6499999761581421,0.5,1.1653863906860351
23,0.8999999761581421,0.971089243888855,0.21988437436521052,0.6499999761581421,0.5,1.1264359056949615
24,0.9437500238418579,0.9831012487411499,0.16098025338724256,0.6499999761581421,0.5,1.110501092672348
25,0.887499988079071,0.9720268249511719,0.22631756151095034,0.6499999761581421,0.5,1.1267948508262635
26,0.9624999761581421,0.993593692779541,0.12168093612417578,0.6499999761581421,0.5247253179550171,1.152439260482788
27,0.9437500238418579,0.9946800470352173,0.11334750675596297,0.6499999761581421,0.5164834856987,1.2002661645412445
28,0.956250011920929,0.9958431720733643,0.09239263646304607,0.6499999761581421,0.557692289352417,1.293097048997879
29,0.981249988079071,0.9996814727783203,0.04243277334608138,0.6499999761581421,0.48351648449897766,1.3811167478561401
30,0.9624999761581421,0.9948430061340332,0.0987151205074042,0.6499999761581421,0.5521978139877319,1.4090475559234619
31,0.981249988079071,0.9945175647735596,0.08235269398428499,0.6499999761581421,0.5357142686843872,1.4615615725517273
32,0.9437500238418579,0.9966232776641846,0.1206982150208205,0.6499999761581421,0.47664833068847656,1.3109461307525634
33,0.981249988079071,0.9992088079452515,0.04712554905563593,0.6499999761581421,0.6868131756782532,1.3404528319835662
34,0.96875,0.9985902905464172,0.05887797062750906,0.6499999761581421,0.8461538553237915,1.3118752658367157
35,0.96875,0.9863293170928955,0.11752930008806288,0.675000011920929,0.9862636923789978,1.0060757726430893
36,0.9750000238418579,0.9907798171043396,0.08140113272238522,0.7250000238418579,0.7884615063667297,1.1302715793251992
37,0.9937499761581421,1.0,0.033437076839618385,0.75,0.7719780206680298,0.9750300481915474
38,1.0,1.0,0.01816131854429841,0.7749999761581421,0.7637363076210022,1.0386323604732752
39,0.987500011920929,0.9998428821563721,0.02644218351924792,0.7749999761581421,0.759615421295166,1.1755788054317236
40,0.987500011920929,0.9996874332427979,0.02175662056542933,0.7250000238418579,0.8255494236946106,1.0997333534061908
41,0.981249988079071,0.9984754323959351,0.053937217523343864,0.824999988079071,0.8063186407089233,0.7541986620053649
42,0.9750000238418579,0.9811439514160156,0.1410345519776456,0.6499999761581421,0.7266483306884766,1.0261833250522614
43,0.96875,0.9978853464126587,0.07261373554356396,0.5249999761581421,0.6401098966598511,1.0052595496177674
44,0.9750000238418579,0.9990530610084534,0.06045526205562055,0.6000000238418579,0.7032967209815979,0.874074399471283
0,0.6000000238418579,0.6312853097915649,0.6707278534770011,0.3499999940395355,0.5,0.7010029077529907
1,0.6875,0.762863039970398,0.6069643348455429,0.3499999940395355,0.5,0.7038186550140381
2,0.78125,0.8570632934570312,0.4758194833993912,0.3499999940395355,0.5,0.7206910014152527
3,0.762499988079071,0.8749803304672241,0.4666208393871784,0.3499999940395355,0.5,0.770161509513855
4,0.762499988079071,0.8543651103973389,0.47759474292397497,0.3499999940395355,0.5,0.7445074796676636
5,0.75,0.8180965185165405,0.5655129559338092,0.3499999940395355,0.5,0.7856439471244812
6,0.8062499761581421,0.9061176180839539,0.4122716300189495,0.3499999940395355,0.5,0.9250114440917969
7,0.856249988079071,0.9309993982315063,0.3328512378036976,0.3499999940395355,0.5,1.039867877960205
8,0.8187500238418579,0.9374902248382568,0.3443726941943169,0.3499999940395355,0.5,1.0713066816329957
9,0.893750011920929,0.9489314556121826,0.29426675103604794,0.3499999940395355,0.5,1.0481484651565551
10,0.78125,0.8733875155448914,0.49972599409520624,0.3499999940395355,0.5,0.937278413772583
11,0.8374999761581421,0.9074161648750305,0.38836267292499543,0.3499999940395355,0.5,1.0876719117164613
12,0.9125000238418579,0.9650000333786011,0.25370878502726557,0.3499999940395355,0.5,1.1817460775375366
13,0.706250011920929,0.7632442712783813,0.6776730451732874,0.3499999940395355,0.5,1.3426301240921021
14,0.862500011920929,0.9295983910560608,0.3433548524975777,0.3499999940395355,0.5,1.4583754658699035
15,0.8062499761581421,0.8673725724220276,0.4720008336007595,0.3499999940395355,0.5,1.3633499264717102
16,0.8125,0.9014227390289307,0.40943344235420226,0.3499999940395355,0.5,1.3307626724243165
17,0.90625,0.9623689651489258,0.24120937958359717,0.3499999940395355,0.5,1.3715370059013368
18,0.831250011920929,0.9128289222717285,0.3811896085739136,0.3499999940395355,0.5,1.1916763424873351
19,0.8687499761581421,0.936470627784729,0.3175701066851616,0.3499999940395355,0.5,1.119515061378479
20,0.8500000238418579,0.9067041873931885,0.36575655564665793,0.3499999940395355,0.5,1.1635871410369873
21,0.8687499761581421,0.9399430155754089,0.3249233741313219,0.3499999940395355,0.5,1.126725423336029
22,0.90625,0.9530174732208252,0.26320383343845605,0.3499999940395355,0.5,1.0987457513809205
23,0.8999999761581421,0.9602451324462891,0.2661321943625808,0.3499999940395355,0.5,1.0884117245674134
24,0.887499988079071,0.9617383480072021,0.25712179448455574,0.3499999940395355,0.6181318759918213,1.0033895134925843
25,0.8812500238418579,0.94349205493927,0.31263488028198483,0.3499999940395355,0.6208791136741638,0.9574899196624755
26,0.9437500238418579,0.991319477558136,0.1574260567314923,0.3499999940395355,0.6758241653442383,1.066390287876129
27,0.918749988079071,0.9799718856811523,0.18289406010881065,0.3499999940395355,0.7939560413360596,1.1443822979927063
28,0.949999988079071,0.9698389768600464,0.19605706110596657,0.3499999940395355,0.8502747416496277,1.1791794419288635
29,0.918749988079071,0.9853333234786987,0.18066827673465014,0.3499999940395355,0.8997253179550171,1.09801527261734
30,0.9437500238418579,0.9870635271072388,0.16511828880757093,0.3499999940395355,0.8969780206680298,0.9132827043533325
31,0.90625,0.9556249976158142,0.26539769284427167,0.4000000059604645,0.9299450516700745,0.8299420118331909
32,0.925000011920929,0.9819530844688416,0.18120823837816716,0.675000011920929,0.9313186407089233,0.6033135294914246
33,0.949999988079071,0.9846851229667664,0.14482677821069956,0.800000011920929,0.833791196346283,0.4614415466785431
34,0.949999988079071,0.9800809621810913,0.1496513145044446,0.75,0.9079670310020447,0.5369067847728729
35,0.925000011920929,0.987777829170227,0.15047328909859062,0.699999988079071,0.9175823926925659,0.61491459608078
36,0.9437500238418579,0.98317950963974,0.16081590056419373,0.800000011920929,0.8736263513565063,0.4635056793689728
37,0.949999988079071,0.9834223985671997,0.143077574018389,0.800000011920929,0.916208803653717,0.46714250445365907
38,0.949999988079071,0.9848840832710266,0.15051798354834317,0.574999988079071,0.916208803653717,0.9871199131011963
39,0.9624999761581421,0.9822515249252319,0.1512034112587571,0.7250000238418579,0.7829670906066895,0.6253355622291565
40,0.9750000238418579,0.9966555237770081,0.10066856052726507,0.699999988079071,0.8035714030265808,0.6866178035736084
41,0.9437500238418579,0.9798768758773804,0.14318308513611555,0.699999988079071,0.7829669713973999,0.6792111337184906
42,0.9624999761581421,0.994239330291748,0.11166397538036107,0.6499999761581421,0.8090659379959106,0.6642245948314667
43,0.9750000238418579,0.9907016754150391,0.11433514384552837,0.800000011920929,0.8159340620040894,0.6044679045677185
44,0.9750000238418579,0.9953842163085938,0.08865934214554727,0.800000011920929,0.817307710647583,0.6325513303279877
0,0.4437499940395355,0.4217621684074402,0.8692674964666367,0.6499999761581421,0.5,0.6910832524299622
1,0.4375,0.39148804545402527,0.909364840388298,0.3499999940395355,0.5,0.6945740222930908
2,0.5562499761581421,0.5860585570335388,0.7375221222639083,0.6499999761581421,0.5,0.6903721809387207
3,0.5375000238418579,0.5741415023803711,0.7706250548362732,0.6499999761581421,0.5,0.6897791504859925
4,0.5625,0.5537474751472473,0.7930624544620514,0.6499999761581421,0.5,0.6917366027832031
5,0.543749988079071,0.5324421525001526,0.7739000350236893,0.3499999940395355,0.5,0.7034428000450135
6,0.606249988079071,0.6224937438964844,0.7130941793322563,0.3499999940395355,0.5,0.7253885984420776
7,0.6000000238418579,0.6639024019241333,0.6490150064229965,0.3499999940395355,0.5,0.731279170513153
8,0.7124999761581421,0.7736660838127136,0.5903531283140182,0.3499999940395355,0.5,0.7158935546875
9,0.731249988079071,0.7609138488769531,0.5877183005213737,0.6499999761581421,0.5,0.6897911906242371
10,0.7562500238418579,0.8184872269630432,0.5307829931378365,0.3499999940395355,0.5,0.6951357007026673
11,0.71875,0.8086371421813965,0.5354262635111808,0.6499999761581421,0.5,0.6826053500175476
12,0.7250000238418579,0.8047462105751038,0.5514468014240265,0.6499999761581421,0.5,0.6745777130126953
13,0.78125,0.8510704636573792,0.46650087982416155,0.6499999761581421,0.5,0.6612921714782715
14,0.768750011920929,0.8428890705108643,0.5171358682215214,0.6499999761581421,0.5,0.6698788046836853
15,0.7124999761581421,0.7805907130241394,0.5913877859711647,0.6499999761581421,0.5,0.665620219707489
16,0.7749999761581421,0.8566728830337524,0.4639152944087982,0.6499999761581421,0.5,0.671013343334198
17,0.8062499761581421,0.8492549657821655,0.5067577011883259,0.6499999761581421,0.5,0.6743138194084167
18,0.8500000238418579,0.9106667041778564,0.38608801886439326,0.6499999761581421,0.5,0.6834866046905518
19,0.800000011920929,0.8832467198371887,0.4371184766292572,0.6499999761581421,0.5,0.6741305112838745
20,0.8687499761581421,0.9407966732978821,0.3370548512786627,0.3499999940395355,0.5,0.6994123816490173
21,0.8187500238418579,0.8762531280517578,0.46597678363323214,0.3499999940395355,0.5192307829856873,0.701077115535736
22,0.8187500238418579,0.8988243341445923,0.41485258415341375,0.6499999761581421,0.6071428656578064,0.659448504447937
23,0.831250011920929,0.9287405610084534,0.336343739181757,0.6499999761581421,0.5,0.6791022539138794
24,0.8125,0.8987531661987305,0.4461847148835659,0.6499999761581421,0.4615384638309479,0.6609044790267944
25,0.8812500238418579,0.9432795643806458,0.29490028899163007,0.3499999940395355,0.4780219495296478,0.7126596212387085
26,0.8999999761581421,0.9410064220428467,0.30232078954577446,0.3499999940395355,0.43406593799591064,0.7258130192756653
27,0.90625,0.9760600924491882,0.21026470325887203,0.3499999940395355,0.5741758346557617,0.7313218951225281
28,0.925000011920929,0.9735276103019714,0.20884366184473038,0.30000001192092896,0.5137362480163574,0.7004758954048157
29,0.862500011920929,0.9481707215309143,0.30061392560601236,0.3499999940395355,0.5906593799591064,0.704944908618927
30,0.875,0.9536848664283752,0.2811897037550807,0.5249999761581421,0.5865384340286255,0.6868349790573121
31,0.956250011920929,0.9869204759597778,0.14359507393091916,0.6000000238418579,0.6510989665985107,0.6746817111968995
32,0.9375,0.9747023582458496,0.2027563786599785,0.44999998807907104,0.692307710647583,0.7359887838363648
33,0.9125000238418579,0.9790493845939636,0.20822579618543385,0.44999998807907104,0.8598901033401489,1.0506610214710235
34,0.8999999761581421,0.9660087823867798,0.23484246339648962,0.550000011920929,0.7596153616905212,0.840835303068161
35,0.8999999761581421,0.9568480253219604,0.2646017481572926,0.7250000238418579,0.8640109896659851,0.5760915398597717
36,0.9437500238418579,0.9928977489471436,0.13443326074630021,0.550000011920929,0.7802197933197021,0.6567582488059998
37,0.956250011920929,0.9923921823501587,0.1098325573373586,0.824999988079071,0.9134615659713745,0.37472075819969175
0,0.625,0.6432225108146667,0.6782166600227356,0.3499999940395355,0.5,0.696716570854187
1,0.42500001192092896,0.4744245707988739,0.7900636076927186,0.3499999940395355,0.5,0.6995552778244019
2,0.574999988079071,0.5263158082962036,0.7245084643363953,0.3499999940395355,0.5,0.7040475368499756
3,0.44999998807907104,0.53125,0.7499438524246216,0.3499999940395355,0.5,0.7096121311187744
4,0.574999988079071,0.5176767706871033,0.7828254580497742,0.3499999940395355,0.5,0.7137018203735351
5,0.44999998807907104,0.4757033586502075,0.7522195816040039,0.3499999940395355,0.5,0.717729115486145
6,0.44999998807907104,0.5275689363479614,0.7240383625030518,0.3499999940395355,0.5,0.7216095089912414
7,0.5249999761581421,0.5013020634651184,0.7207961082458496,0.3499999940395355,0.5,0.723289966583252
8,0.574999988079071,0.58203125,0.72684246301651,0.3499999940395355,0.5,0.723560881614685
9,0.4749999940395355,0.5026041269302368,0.7958206415176392,0.3499999940395355,0.5,0.7253852963447571
10,0.44999998807907104,0.32456138730049133,0.9505262613296509,0.3499999940395355,0.5,0.7284806251525879
11,0.550000011920929,0.5573333501815796,0.8059269785881042,0.3499999940395355,0.5,0.7278106451034546
12,0.30000001192092896,0.33712121844291687,0.8299379467964172,0.3499999940395355,0.5,0.723226010799408
13,0.5,0.5013736486434937,0.7126755356788635,0.3499999940395355,0.5,0.7153807520866394
14,0.574999988079071,0.6002603769302368,0.6904239892959595,0.3499999940395355,0.5,0.7060321569442749
15,0.550000011920929,0.6510416865348816,0.7050647675991059,0.3499999940395355,0.5,0.701737904548645
16,0.6000000238418579,0.5664160251617432,0.7154532909393311,0.3499999940395355,0.5,0.7015441656112671
17,0.4749999940395355,0.4761904776096344,0.7863206624984741,0.3499999940395355,0.5,0.7023870825767518
18,0.6000000238418579,0.6466165781021118,0.6580516695976257,0.3499999940395355,0.5,0.7020888566970825
19,0.6000000238418579,0.6613333225250244,0.6803259730339051,0.3499999940395355,0.5,0.7043173789978028
20,0.824999988079071,0.9225000143051147,0.4513326406478882,0.3499999940395355,0.5,0.702916955947876
21,0.699999988079071,0.7752525210380554,0.6090525031089783,0.3499999940395355,0.5,0.6984830617904663
22,0.625,0.6837500333786011,0.6962031483650207,0.3499999940395355,0.5,0.6934167385101319
23,0.574999988079071,0.6299999952316284,0.7515925526618957,0.6499999761581421,0.5,0.6891480922698975
24,0.625,0.7105263471603394,0.6380096435546875,0.6499999761581421,0.5,0.6853443145751953
25,0.7250000238418579,0.7556390762329102,0.5794080972671509,0.6499999761581421,0.5,0.6834941267967224
26,0.675000011920929,0.7549999952316284,0.5840063095092773,0.6499999761581421,0.5,0.6818212032318115
27,0.7749999761581421,0.8007519245147705,0.5522385269403458,0.6499999761581421,0.5,0.6800329685211182
28,0.675000011920929,0.7599999904632568,0.5854575097560882,0.6499999761581421,0.5,0.6803252100944519
29,0.675000011920929,0.7418546676635742,0.6129739284515381,0.6499999761581421,0.5,0.6798002243041992
30,0.75,0.8030690550804138,0.5293193399906159,0.6499999761581421,0.5,0.6773900985717773
31,0.800000011920929,0.8721804618835449,0.46218515038490293,0.6499999761581421,0.5,0.6749992609024048
32,0.675000011920929,0.7045453786849976,0.6625977039337159,0.6499999761581421,0.5,0.6734302639961243
33,0.6499999761581421,0.6987500190734863,0.6427201867103577,0.6499999761581421,0.5,0.6703922629356385
34,0.800000011920929,0.8499999642372131,0.5022956609725953,0.6499999761581421,0.5,0.6664430975914002
35,0.7749999761581421,0.8433583974838257,0.47601097226142886,0.6499999761581421,0.5,0.6633548974990845
36,0.6499999761581421,0.7631579041481018,0.6125250518321991,0.6499999761581421,0.5,0.661517608165741
37,0.800000011920929,0.828125,0.5796525418758393,0.6499999761581421,0.5,0.6586662888526916
38,0.7749999761581421,0.9244791269302368,0.4036149263381958,0.6499999761581421,0.5,0.6548771500587464
39,0.875,0.9298245906829834,0.3572204768657684,0.6499999761581421,0.5,0.6523110866546631
40,0.699999988079071,0.7899999618530273,0.5548694163560868,0.6499999761581421,0.5,0.650636887550354
41,0.7250000238418579,0.8434343338012695,0.499718177318573,0.6499999761581421,0.5,0.6496617436408997
42,0.699999988079071,0.8295454978942871,0.5000545024871826,0.6499999761581421,0.5,0.6489593029022217
43,0.800000011920929,0.8872180581092834,0.4600819289684296,0.6499999761581421,0.5,0.6485174536705017
44,0.625,0.7557544708251953,0.6452658891677856,0.6499999761581421,0.5,0.6483338117599488
0,0.375,0.3934836983680725,0.8552083253860474,0.375,0.37362635135650635,0.8607097148895264
1,0.3499999940395355,0.316919207572937,0.8890884041786193,0.375,0.37362638115882874,0.8533800601959228
2,0.6000000238418579,0.5598958134651184,0.6947245121002197,0.375,0.38049450516700745,0.847292423248291
3,0.375,0.37066662311553955,0.8923033237457275,0.375,0.38049447536468506,0.8404964089393616
4,0.625,0.5473145842552185,0.7397310018539429,0.375,0.3901098668575287,0.8285757422447204
5,0.44999998807907104,0.4148351550102234,0.8873797655105591,0.375,0.38324177265167236,0.8257005333900451
6,0.5,0.4085213243961334,0.8049401760101318,0.4000000059604645,0.4038461446762085,0.8212840318679809
7,0.5249999761581421,0.5200501084327698,0.7417405247688293,0.4000000059604645,0.39835166931152344,0.812479555606842
8,0.375,0.4075000286102295,0.8290125727653503,0.4000000059604645,0.4107142984867096,0.8042033553123474
9,0.5,0.5,0.8164485335350037,0.4000000059604645,0.4244505763053894,0.792841112613678
10,0.550000011920929,0.5498721599578857,0.7214385986328125,0.4000000059604645,0.4395604431629181,0.7829046010971069
11,0.5249999761581421,0.5224999785423279,0.7791179656982422,0.4000000059604645,0.4423076808452606,0.7745980739593505
12,0.4749999940395355,0.5479999780654907,0.7071386218070984,0.42500001192092896,0.4450549781322479,0.763779592514038
13,0.4749999940395355,0.48245611786842346,0.7551955699920654,0.44999998807907104,0.45879122614860535,0.7494428634643555
14,0.550000011920929,0.57421875,0.6919155836105346,0.44999998807907104,0.44505488872528076,0.739600396156311
15,0.42500001192092896,0.3190104067325592,0.8751505732536315,0.44999998807907104,0.46291208267211914,0.732166838645935
16,0.6000000238418579,0.6171875596046448,0.7543445587158203,0.44999998807907104,0.48763737082481384,0.7306879043579102
17,0.4749999940395355,0.4168798327445984,0.825277316570282,0.44999998807907104,0.49725276231765747,0.7281676411628724
18,0.5249999761581421,0.47374996542930603,0.7060858845710755,0.4749999940395355,0.5013735890388489,0.7246913909912109
19,0.4749999940395355,0.5453333258628845,0.7762926340103149,0.4749999940395355,0.5041208863258362,0.7161645293235779
20,0.4749999940395355,0.46741849184036255,0.8110170364379883,0.4749999940395355,0.5068681240081787,0.7104398965835571
21,0.75,0.7317708134651184,0.6336971044540405,0.4749999940395355,0.5233516693115234,0.7078287601470947
22,0.42500001192092896,0.46163681149482727,0.7391700625419617,0.5249999761581421,0.5329670906066895,0.708631718158722
23,0.4749999940395355,0.6061381101608276,0.6768014788627624,0.5249999761581421,0.5398351550102234,0.7017809391021729
24,0.550000011920929,0.5550000071525574,0.7140510439872741,0.5249999761581421,0.5521978735923767,0.6982887506484985
25,0.6000000238418579,0.6237373948097229,0.651356554031372,0.5249999761581421,0.5453296303749084,0.6984822511672973
26,0.4749999940395355,0.5268542170524597,0.738595724105835,0.5249999761581421,0.541208803653717,0.7011426210403442
27,0.6499999761581421,0.6641603708267212,0.6232671678066254,0.5249999761581421,0.5645604729652405,0.7050377726554871
28,0.5249999761581421,0.43989771604537964,0.7901076316833496,0.5,0.5714285969734192,0.7063920974731446
29,0.6499999761581421,0.5396419167518616,0.7144123196601868,0.5,0.5920330286026001,0.706221342086792
30,0.4749999940395355,0.5403646230697632,0.7633821845054627,0.5249999761581421,0.5947802066802979,0.69919912815094
31,0.550000011920929,0.6625000238418579,0.6435366034507751,0.5249999761581421,0.5865384936332703,0.6873647928237915
32,0.5,0.40852126479148865,0.7375695586204529,0.5249999761581421,0.5879120826721191,0.6808656215667724
33,0.574999988079071,0.7005208134651184,0.621555608510971,0.5249999761581421,0.6030219793319702,0.6799787163734436
34,0.675000011920929,0.630050539970398,0.6734644293785095,0.5249999761581421,0.6043956279754639,0.674582302570343
35,0.574999988079071,0.5513784289360046,0.6812699556350708,0.5249999761581421,0.615384578704834,0.6709938645362854
36,0.5249999761581421,0.6662404537200928,0.6592954754829407,0.550000011920929,0.6098901033401489,0.660815167427063
37,0.44999998807907104,0.43733328580856323,0.7826765418052674,0.574999988079071,0.6346153616905212,0.6489021182060242
38,0.4749999940395355,0.6200000047683716,0.6750156164169312,0.6000000238418579,0.6469780206680298,0.6361334919929504
39,0.625,0.5652173757553101,0.7790482878684998,0.574999988079071,0.6469780206680298,0.6289261460304261
40,0.5,0.6315789818763733,0.7119804978370666,0.6000000238418579,0.656593382358551,0.6235850572586059
41,0.5249999761581421,0.5501253008842468,0.7683223366737366,0.6000000238418579,0.6607142686843872,0.6203790783882142
42,0.550000011920929,0.7234848737716675,0.6226734161376953,0.625,0.6675823926925659,0.6178116917610168
43,0.4749999940395355,0.5076726078987122,0.8022349238395691,0.6000000238418579,0.6675823926925659,0.6122260332107544
44,0.6000000238418579,0.6453633904457092,0.67209894657135,0.6000000238418579,0.6785714030265808,0.6074880361557007
0,0.6000000238418579,0.6770833134651184,0.6369581818580627,0.6000000238418579,0.6813187003135681,0.6043069958686829
1,0.5249999761581421,0.4680306911468506,0.7913097620010376,0.625,0.688186764717102,0.6031923532485962
2,0.574999988079071,0.6800000071525574,0.6436838984489441,0.6499999761581421,0.6964285373687744,0.6041659832000732
3,0.574999988079071,0.76953125,0.6347949981689454,0.6000000238418579,0.6964285969734192,0.6024030208587646
4,0.6499999761581421,0.7340153455734253,0.579509162902832,0.625,0.6991758346557617,0.5989831924438477
5,0.5,0.6565934419631958,0.6423641264438629,0.675000011920929,0.7087912559509277,0.5936157464981079
6,0.75,0.7994986772537231,0.5519385635852814,0.675000011920929,0.7170329093933105,0.5902785897254944
7,0.6499999761581421,0.6303257942199707,0.6974884152412415,0.675000011920929,0.7170329689979553,0.5882625818252564
8,0.5249999761581421,0.4948849380016327,0.7773175477981568,0.6499999761581421,0.7115384340286255,0.5886910796165467
9,0.4749999940395355,0.4612500071525574,0.7722739219665528,0.6000000238418579,0.7184065580368042,0.5914376974105835
10,0.5249999761581421,0.5789473652839661,0.7446075677871704,0.6000000238418579,0.7184065580368042,0.5926360607147216
11,0.574999988079071,0.6262626647949219,0.6570778012275695,0.625,0.7362637519836426,0.5942508459091187
12,0.675000011920929,0.6679292917251587,0.644381868839264,0.6000000238418579,0.7321428060531616,0.5972536325454711
13,0.6000000238418579,0.5625,0.6621751904487609,0.574999988079071,0.7390110492706299,0.6001043438911438
14,0.6000000238418579,0.6925000548362732,0.6162551283836365,0.574999988079071,0.7527472972869873,0.5992523074150086
15,0.625,0.6477271914482117,0.6621398270130158,0.574999988079071,0.7527472972869873,0.5927019834518432
16,0.699999988079071,0.7130326628684998,0.6678053915500641,0.574999988079071,0.754120945930481,0.5902133226394654
17,0.6000000238418579,0.6691729426383972,0.6242829084396362,0.574999988079071,0.7596154808998108,0.5856838583946228
18,0.574999988079071,0.5525000095367432,0.6595957517623902,0.574999988079071,0.7596154808998108,0.5827511191368103
19,0.5,0.5050125122070312,0.77809237241745,0.574999988079071,0.7747253775596619,0.5785266280174255
20,0.675000011920929,0.6587499976158142,0.6650673508644104,0.574999988079071,0.7747253775596619,0.5746489524841308
21,0.6499999761581421,0.6679292321205139,0.6101232051849366,0.6000000238418579,0.7664836049079895,0.5681756377220154
22,0.5249999761581421,0.6265663504600525,0.7238614559173584,0.625,0.7623625993728638,0.5607312202453614
23,0.7250000238418579,0.7013334035873413,0.6065786719322205,0.6000000238418579,0.7733517289161682,0.5574062824249267
24,0.5249999761581421,0.5887500047683716,0.6649994254112244,0.6000000238418579,0.7939561009407043,0.5535899877548218
25,0.550000011920929,0.5971867442131042,0.7314859628677368,0.625,0.7980769872665405,0.5499456048011779
26,0.550000011920929,0.6520000100135803,0.7249649047851563,0.6000000238418579,0.7857143878936768,0.5514047741889954
27,0.574999988079071,0.6349999904632568,0.6939629256725312,0.6000000238418579,0.7884615659713745,0.5535749077796936
28,0.699999988079071,0.7815656661987305,0.5534292101860047,0.6000000238418579,0.7884615659713745,0.5574895024299622
29,0.5,0.5140665173530579,0.7254162669181824,0.6000000238418579,0.7815935015678406,0.5631235480308533
30,0.6000000238418579,0.6662500500679016,0.6065770924091339,0.6000000238418579,0.7829671502113342,0.5643460392951966
31,0.5249999761581421,0.6515151858329773,0.6080789566040039,0.625,0.7884616255760193,0.5606096506118774
32,0.75,0.7212276458740234,0.6229500651359559,0.625,0.7884616255760193,0.5582996845245362
33,0.5,0.689333438873291,0.6001722395420075,0.625,0.7884615659713745,0.5537163972854614
34,0.6000000238418579,0.7042606472969055,0.6351849913597107,0.6000000238418579,0.7884616255760193,0.5478284239768982
35,0.550000011920929,0.5677083134651184,0.7333744764328003,0.6000000238418579,0.7939561009407043,0.5412099123001098
36,0.6000000238418579,0.7135550379753113,0.5822202801704407,0.625,0.8214285969734192,0.530553150177002
37,0.574999988079071,0.6462500095367432,0.6698652744293213,0.625,0.8214285969734192,0.5247286856174469
38,0.8500000238418579,0.7942708134651184,0.5594681024551391,0.625,0.8214285969734192,0.5216823816299438
39,0.6499999761581421,0.638888955116272,0.661314868927002,0.625,0.8214285969734192,0.5209804892539978
40,0.675000011920929,0.7276213765144348,0.593451464176178,0.625,0.8214285969734192,0.5213212370872498
41,0.550000011920929,0.5956112742424011,0.635570353269577,0.625,0.8214285969734192,0.5178329527378083
42,0.6499999761581421,0.7710997462272644,0.5862897634506226,0.625,0.8228021860122681,0.5133873343467712
43,0.7749999761581421,0.8268228769302368,0.5632406115531922,0.625,0.8214285969734192,0.5170728683471679
44,0.675000011920929,0.644501268863678,0.6439174771308899,0.6000000238418579,0.7802198529243469,0.5226048469543457
0,0.6000000238418579,0.5573333501815796,0.6993939518928528,0.625,0.7994505763053894,0.5345126748085022
1,0.625,0.6047979593276978,0.6619555354118347,0.6000000238418579,0.7994505763053894,0.5415114223957062
2,0.625,0.6457800269126892,0.597000390291214,0.6000000238418579,0.8104395866394043,0.543339204788208
3,0.6499999761581421,0.6867008209228516,0.6393814563751221,0.6000000238418579,0.8104395866394043,0.5438539624214173
4,0.6000000238418579,0.6202046275138855,0.6049844086170196,0.6000000238418579,0.8021978139877319,0.5346641898155212
5,0.6499999761581421,0.7135416865348816,0.5588407635688781,0.625,0.8021978139877319,0.5287249267101288
6,0.699999988079071,0.7378516793251038,0.5159263372421264,0.625,0.8021978139877319,0.5301273345947266
7,0.75,0.8020051121711731,0.5162170886993408,0.6000000238418579,0.8021978139877319,0.532541036605835
8,0.7749999761581421,0.7853536009788513,0.5755014002323151,0.6000000238418579,0.8104395866394043,0.5341008186340332
9,0.699999988079071,0.6276041865348816,0.653341817855835,0.6000000238418579,0.8104395866394043,0.5322543680667877
10,0.5249999761581421,0.5214646458625793,0.6773387670516968,0.6000000238418579,0.8021978139877319,0.529222023487091
11,0.6499999761581421,0.8132832050323486,0.506511652469635,0.625,0.7939560413360596,0.5177305459976196
12,0.7250000238418579,0.7222222685813904,0.6466020226478577,0.625,0.7939560413360596,0.5113670349121093
13,0.6499999761581421,0.7829670310020447,0.5747099995613099,0.6499999761581421,0.8241758346557617,0.5027958154678345
14,0.7749999761581421,0.808080792427063,0.54846550822258,0.625,0.8214285969734192,0.49695099592208863
15,0.675000011920929,0.8847118616104126,0.4849227547645569,0.675000011920929,0.848901093006134,0.49135035276412964
16,0.574999988079071,0.6351010203361511,0.6904561400413514,0.6499999761581421,0.8351648449897766,0.49361111521720885
17,0.699999988079071,0.6547314524650574,0.6134569764137268,0.6499999761581421,0.8269230723381042,0.496005916595459
18,0.550000011920929,0.6842105984687805,0.6667292416095734,0.6499999761581421,0.8282967209815979,0.4963305711746216
19,0.574999988079071,0.6470588445663452,0.6331503748893738,0.675000011920929,0.8310439586639404,0.4928841829299927
20,0.699999988079071,0.7406015396118164,0.60258469581604,0.6499999761581421,0.8310439586639404,0.4930763840675354
21,0.625,0.7007672786712646,0.5875621736049652,0.6499999761581421,0.8296703696250916,0.4951993227005005
22,0.6499999761581421,0.7739899158477783,0.5293290615081787,0.625,0.8296703696250916,0.4947787642478943
23,0.675000011920929,0.7142857313156128,0.586605429649353,0.6499999761581421,0.8310439586639404,0.4903528273105621
24,0.6000000238418579,0.6842105388641357,0.6567577600479126,0.699999988079071,0.8475275039672852,0.4844081223011017
25,0.625,0.65625,0.6345802307128906,0.699999988079071,0.8489011526107788,0.4817330062389374
26,0.75,0.8558897376060486,0.495723032951355,0.675000011920929,0.8489011526107788,0.4787778198719025
27,0.6499999761581421,0.7839999794960022,0.5521229028701782,0.7250000238418579,0.8598901033401489,0.47365280985832214
28,0.550000011920929,0.6362500190734863,0.702488648891449,0.75,0.8598901033401489,0.4683077871799469
29,0.6499999761581421,0.7097187042236328,0.6395567655563354,0.75,0.8626373410224915,0.4668934285640717
30,0.6000000238418579,0.6010100841522217,0.6783143758773804,0.75,0.8626373410224915,0.46776714324951174
31,0.6499999761581421,0.7348484992980957,0.5969915926456452,0.699999988079071,0.8612637519836426,0.4700217187404633
32,0.6499999761581421,0.6792929172515869,0.6297024071216584,0.7250000238418579,0.8516483902931213,0.47364914417266846
33,0.574999988079071,0.6325757503509521,0.6704235911369324,0.699999988079071,0.8502747416496277,0.4768152356147766
34,0.800000011920929,0.8421053290367126,0.5157107591629029,0.699999988079071,0.8351648449897766,0.4810614943504333
35,0.625,0.6265663504600525,0.6542816638946534,0.625,0.833791196346283,0.4862378895282745
36,0.699999988079071,0.7301790714263916,0.5557979762554168,0.625,0.8351648449897766,0.48878295421600343
37,0.625,0.6973333358764648,0.6633679032325744,0.625,0.8365384340286255,0.4851082921028137
38,0.6499999761581421,0.6704545617103577,0.6264348566532135,0.699999988079071,0.8365384340286255,0.4784111499786377
39,0.7250000238418579,0.7335858941078186,0.5341974198818207,0.699999988079071,0.8530219793319702,0.4758597850799561
40,0.6499999761581421,0.636363685131073,0.6271703481674195,0.699999988079071,0.8365384340286255,0.4781992495059967
41,0.5249999761581421,0.6466665863990784,0.6300101578235626,0.699999988079071,0.8530219793319702,0.474408358335495
42,0.6000000238418579,0.685421884059906,0.6415675401687622,0.7250000238418579,0.8557692766189575,0.46672033071517943
43,0.5,0.4774436056613922,0.7563005566596985,0.7250000238418579,0.8571429252624512,0.462408047914505
44,0.550000011920929,0.6010100841522217,0.6761327266693116,0.75,0.8598901629447937,0.45776891708374023
0,0.7250000238418579,0.7800511717796326,0.6050897181034088,0.7749999761581421,0.8585165143013,0.4575609385967255
1,0.6499999761581421,0.6598466038703918,0.6189532339572906,0.7250000238418579,0.8571429252624512,0.4619251906871796
2,0.7250000238418579,0.7443609237670898,0.5967439651489258,0.7250000238418579,0.8557692766189575,0.4663043737411499
3,0.6499999761581421,0.7398990392684937,0.6132226824760437,0.699999988079071,0.8379120826721191,0.47122596502304076
4,0.75,0.6638176441192627,0.5231232881546021,0.675000011920929,0.8392857313156128,0.47702727317810056
5,0.625,0.6992481350898743,0.6017023742198944,0.625,0.8379120826721191,0.4797778964042664
6,0.675000011920929,0.7443608641624451,0.6095694780349732,0.625,0.8406593203544617,0.48011772632598876
7,0.6000000238418579,0.6754385232925415,0.640614116191864,0.6499999761581421,0.8420329689979553,0.47690314054489136
8,0.625,0.7083333134651184,0.6002240061759949,0.675000011920929,0.8447802066802979,0.4741839408874512
9,0.6000000238418579,0.5739348530769348,0.6476807594299316,0.675000011920929,0.8447802066802979,0.47303834557533264
10,0.625,0.7105262875556946,0.5819222867488861,0.675000011920929,0.8461538553237915,0.4709547460079193
11,0.699999988079071,0.6803069710731506,0.5879225254058837,0.675000011920929,0.8461538553237915,0.47008143067359925
12,0.7250000238418579,0.8244949579238892,0.5590536177158356,0.675000011920929,0.8461538553237915,0.47018373012542725
13,0.6000000238418579,0.6452019810676575,0.6461880445480347,0.699999988079071,0.8475274443626404,0.4653409838676453
14,0.7250000238418579,0.7575758099555969,0.5390066921710968,0.699999988079071,0.8447802066802979,0.46283271312713625
15,0.6499999761581421,0.7225000262260437,0.6002539694309235,0.7250000238418579,0.8612637519836426,0.4581178307533264
16,0.6000000238418579,0.7046035528182983,0.5692625522613526,0.7250000238418579,0.8612637519836426,0.450408399105072
17,0.625,0.7500001192092896,0.6286381483078003,0.7250000238418579,0.8612637519836426,0.44632450938224794
18,0.800000011920929,0.8207070827484131,0.5187337875366211,0.7250000238418579,0.8612637519836426,0.44549900889396665
19,0.75,0.8333333134651184,0.4994846820831299,0.75,0.8612637519836426,0.4425604581832886
20,0.675000011920929,0.7967171669006348,0.5185082495212555,0.75,0.8667582273483276,0.43991037011146544
21,0.6499999761581421,0.70703125,0.5578376233577729,0.7749999761581421,0.8681318759918213,0.43718520998954774
22,0.574999988079071,0.664160430431366,0.6081775903701783,0.7749999761581421,0.8667582273483276,0.43398610353469846
23,0.699999988079071,0.7519181966781616,0.5721859455108642,0.7749999761581421,0.8626374006271362,0.435251796245575
24,0.824999988079071,0.8585858345031738,0.4822133779525757,0.7749999761581421,0.8640110492706299,0.4390687346458435
25,0.625,0.7619047164916992,0.5574579834938049,0.7250000238418579,0.8612637519836426,0.4431536614894867
26,0.75,0.7689394354820251,0.5967014014720917,0.7250000238418579,0.8640109896659851,0.45278072357177734
27,0.6499999761581421,0.6825000047683716,0.6518750190734863,0.699999988079071,0.848901093006134,0.45861485600471497
28,0.675000011920929,0.7980769276618958,0.5229331731796265,0.7250000238418579,0.848901093006134,0.45632660388946533
29,0.675000011920929,0.7137500047683716,0.5565768599510192,0.7250000238418579,0.8585165143013,0.45037235617637633
30,0.75,0.8184143900871277,0.4858304798603058,0.7250000238418579,0.8598901629447937,0.4480133891105652
31,0.625,0.6692708134651184,0.6212312459945679,0.7250000238418579,0.8598901629447937,0.446782648563385
32,0.6000000238418579,0.6625000238418579,0.6195709943771363,0.7250000238418579,0.8585165143013,0.44310195446014405
33,0.574999988079071,0.6315789222717285,0.6685445070266723,0.75,0.8585165143013,0.4391489803791046
34,0.6000000238418579,0.7122395634651184,0.6371610283851623,0.7250000238418579,0.8585165143013,0.4434506058692932
35,0.6000000238418579,0.6675191521644592,0.652385139465332,0.7250000238418579,0.8585165143013,0.4456335365772247
36,0.699999988079071,0.7746667265892029,0.5721470236778259,0.75,0.8585165143013,0.44069279432296754
37,0.574999988079071,0.6040100455284119,0.663687115907669,0.75,0.8585165143013,0.4395884215831757
38,0.675000011920929,0.7664141058921814,0.48192517161369325,0.75,0.8612637519836426,0.4396332859992981
39,0.6499999761581421,0.7506265640258789,0.6092371284961701,0.7250000238418579,0.8612637519836426,0.44119674563407896
40,0.675000011920929,0.8151041269302368,0.4710603475570679,0.75,0.8612638115882874,0.43870761394500735
41,0.7250000238418579,0.7250639200210571,0.6013444483280181,0.7250000238418579,0.8612637519836426,0.4390343606472015
42,0.699999988079071,0.7323232889175415,0.5745572447776794,0.7250000238418579,0.8612638115882874,0.4399511396884918
43,0.7250000238418579,0.80952388048172,0.5679185271263123,0.7250000238418579,0.8640109896659851,0.4433456540107727
44,0.574999988079071,0.6762499809265137,0.6125021576881409,0.7250000238418579,0.8640109896659851,0.44695521593093873
0,0.6000000238418579,0.6691919565200806,0.6218735754489899,0.7250000238418579,0.848901093006134,0.44857868552207947
1,0.625,0.6930946111679077,0.6691182255744934,0.7250000238418579,0.8461538553237915,0.44739111661911013
2,0.6000000238418579,0.6098484396934509,0.6908613324165345,0.7250000238418579,0.8612637519836426,0.44404411911964414
3,0.6499999761581421,0.7099999785423279,0.5664496123790741,0.7250000238418579,0.8612637519836426,0.44207424521446226
4,0.6000000238418579,0.7472528219223022,0.5596594452857971,0.7250000238418579,0.8626374006271362,0.43779889345169065
5,0.800000011920929,0.85546875,0.49870083928108216,0.75,0.8640109896659851,0.43625410199165343
6,0.675000011920929,0.7866160869598389,0.5227570116519928,0.75,0.8640109896659851,0.4358246088027954
7,0.7250000238418579,0.8270676732063293,0.5120665371418,0.75,0.8640109896659851,0.43343098759651183
8,0.574999988079071,0.5453333854675293,0.7592551827430725,0.75,0.8640109896659851,0.4328814446926117
9,0.574999988079071,0.6106770634651184,0.7228294372558594,0.7250000238418579,0.8667582273483276,0.4365066587924957
10,0.550000011920929,0.6393861770629883,0.6315508306026458,0.7250000238418579,0.8667582869529724,0.43868802189826966
11,0.699999988079071,0.7247474789619446,0.5177119076251984,0.7250000238418579,0.8667582273483276,0.4366126894950867
12,0.699999988079071,0.7408853769302368,0.5733885347843171,0.7250000238418579,0.8667582869529724,0.4356230139732361
13,0.75,0.7878787517547607,0.5903170049190521,0.7250000238418579,0.8667582869529724,0.43692132234573366
14,0.550000011920929,0.6595441699028015,0.6022471964359284,0.7250000238418579,0.8667582869529724,0.4341690719127655
15,0.75,0.7929292917251587,0.47011817097663877,0.7250000238418579,0.8667582273483276,0.4314779877662659
16,0.7250000238418579,0.7424242496490479,0.5859112560749054,0.75,0.8667582869529724,0.4289325177669525
17,0.699999988079071,0.8032581210136414,0.5348342001438141,0.75,0.8667582869529724,0.42815898060798646
18,0.675000011920929,0.6875,0.5744203746318817,0.75,0.8667582273483276,0.4289268612861633
19,0.75,0.8245614171028137,0.5192972242832183,0.7250000238418579,0.8667582869529724,0.4302834153175354
20,0.699999988079071,0.8057644367218018,0.46629548966884615,0.7250000238418579,0.8667582273483276,0.43047426342964173
21,0.6000000238418579,0.6350000500679016,0.7193922817707061,0.75,0.8667582869529724,0.42873128652572634
22,0.699999988079071,0.752525269985199,0.5276177942752838,0.75,0.8667582869529724,0.4286573052406311
23,0.75,0.7864450216293335,0.5433551371097565,0.75,0.8667582273483276,0.4297503590583801
24,0.7250000238418579,0.7108262181282043,0.5606142044067383,0.7250000238418579,0.8667582869529724,0.4337884187698364
25,0.824999988079071,0.8260869979858398,0.5000422298908234,0.7250000238418579,0.8667582273483276,0.43742138147354126
26,0.6499999761581421,0.7481202483177185,0.579905378818512,0.7250000238418579,0.8530219793319702,0.4400666654109955
27,0.699999988079071,0.7544757723808289,0.4914107471704483,0.7250000238418579,0.853022038936615,0.4401028513908386
28,0.675000011920929,0.7587500214576721,0.5786363124847412,0.7250000238418579,0.8530219793319702,0.43894598484039304
29,0.574999988079071,0.6290726661682129,0.6595758497714996,0.7250000238418579,0.8530219793319702,0.4386248826980591
30,0.6499999761581421,0.6480000019073486,0.6566540479660035,0.7250000238418579,0.8543955683708191,0.44107102751731875
31,0.6000000238418579,0.7644109725952148,0.6065143704414367,0.7250000238418579,0.8543955683708191,0.4419898331165314
32,0.699999988079071,0.719298243522644,0.5499490737915039,0.7250000238418579,0.8543955683708191,0.441759729385376
33,0.7250000238418579,0.7799999117851257,0.4728000104427338,0.7250000238418579,0.8516483902931213,0.4388784050941467
34,0.675000011920929,0.6741855144500732,0.6473452866077423,0.7250000238418579,0.8516483902931213,0.4367206394672394
35,0.699999988079071,0.7055137753486633,0.5596594452857971,0.7250000238418579,0.8667582273483276,0.4344699025154114
36,0.574999988079071,0.6666666269302368,0.5920968651771545,0.7250000238418579,0.8667582273483276,0.4330772042274475
37,0.7250000238418579,0.7253333330154419,0.5187558591365814,0.75,0.8667582869529724,0.4316674470901489
38,0.699999988079071,0.7815656661987305,0.5235921382904053,0.75,0.8667582273483276,0.4316209375858307
39,0.6499999761581421,0.740409255027771,0.5589371740818023,0.7250000238418579,0.8667582273483276,0.4316791117191315
40,0.6000000238418579,0.6578947305679321,0.5998183846473694,0.75,0.8667582869529724,0.4312961161136627
41,0.6000000238418579,0.6867167353630066,0.5476186990737915,0.75,0.8667582273483276,0.43029176592826845
42,0.625,0.7325000166893005,0.5471432328224182,0.75,0.8667582273483276,0.4292579472064972
43,0.5,0.6053333282470703,0.6457316756248475,0.75,0.8667582869529724,0.4275917947292328
44,0.6499999761581421,0.7293232679367065,0.5798250198364258,0.75,0.8667582869529724,0.4255267322063446
0,0.550000011920929,0.5102301836013794,0.7579323291778565,0.675000011920929,0.8118131756782532,0.5360825419425964
1,0.675000011920929,0.5971866846084595,0.5998455584049225,0.375,0.5769230723381042,0.771485197544098
2,0.625,0.5260416269302368,0.6952111005783081,0.42500001192092896,0.723901093006134,0.622260320186615
3,0.574999988079071,0.6199495196342468,0.6917260408401489,0.7250000238418579,0.8571428656578064,0.49477736949920653
4,0.699999988079071,0.689393937587738,0.6552856624126434,0.6499999761581421,0.8214285373687744,0.5274007439613342
5,0.6499999761581421,0.7230576276779175,0.625643515586853,0.7749999761581421,0.843406617641449,0.4623419165611267
6,0.6000000238418579,0.6930946111679077,0.5840375363826752,0.800000011920929,0.8956044316291809,0.41798120737075806
7,0.625,0.6854220032691956,0.6354387104511261,0.7250000238418579,0.8475275039672852,0.4510969936847687
8,0.6000000238418579,0.7278645634651184,0.5930914938449859,0.800000011920929,0.8969780206680298,0.4167961299419403
9,0.75,0.8074999451637268,0.5475674569606781,0.824999988079071,0.884615421295166,0.4098300814628601
10,0.7250000238418579,0.7092731595039368,0.5848379969596863,0.675000011920929,0.8365383744239807,0.5060210347175598
11,0.75,0.7376374006271362,0.41964123845100404,0.5,0.7445055246353149,0.6380903124809265
12,0.625,0.6340851783752441,0.6671367287635803,0.75,0.8420329093933105,0.4297217965126038
13,0.75,0.8580562472343445,0.538513445854187,0.75,0.8365384340286255,0.42119544744491577
14,0.7749999761581421,0.8075000047683716,0.45638603568077085,0.699999988079071,0.8090659379959106,0.48073071241378784
15,0.675000011920929,0.8346353769302368,0.5108796894550324,0.7749999761581421,0.8530219197273254,0.4042947769165039
16,0.75,0.8237500190734863,0.4684547185897827,0.824999988079071,0.8956044316291809,0.3887998819351196
17,0.824999988079071,0.8306666612625122,0.5271179735660553,0.824999988079071,0.8626373410224915,0.37507911324501036
18,0.8500000238418579,0.9002557992935181,0.40878182649612427,0.75,0.8502746820449829,0.4257117748260498
19,0.75,0.8659148812294006,0.4295419752597809,0.7250000238418579,0.8420329093933105,0.4471560060977936
20,0.7250000238418579,0.7824999690055847,0.5615494191646576,0.800000011920929,0.8626373410224915,0.3862014949321747
21,0.925000011920929,0.9661458134651184,0.30383201241493224,0.824999988079071,0.865384578704834,0.36765283942222593
22,0.800000011920929,0.8986666202545166,0.4831717491149902,0.699999988079071,0.8214285373687744,0.4473658919334412
23,0.699999988079071,0.75,0.435274264216423,0.6499999761581421,0.75,0.5749782383441925
24,0.7250000238418579,0.7719298601150513,0.42425034642219545,0.7749999761581421,0.8571428656578064,0.39830787777900695
25,0.75,0.8421052694320679,0.3813698410987854,0.824999988079071,0.9175824522972107,0.3497795075178146
26,0.949999988079071,0.9950000643730164,0.2917418211698532,0.824999988079071,0.8667582869529724,0.341049724817276
27,0.875,0.8884711861610413,0.33847629725933076,0.7250000238418579,0.8571428656578064,0.39421534538269043
28,0.8500000238418579,0.8496240377426147,0.30092108249664307,0.824999988079071,0.8612637519836426,0.351395720243454
29,0.7250000238418579,0.7672634124755859,0.5207441210746765,0.824999988079071,0.8516483902931213,0.3471904009580612
30,0.800000011920929,0.8737499713897705,0.3839000016450882,0.800000011920929,0.8626374006271362,0.3579687774181366
31,0.8999999761581421,0.9523809552192688,0.271223121881485,0.7749999761581421,0.8324176073074341,0.37027825117111207
32,0.925000011920929,0.9449999332427979,0.29056469202041624,0.824999988079071,0.8324175477027893,0.3669888973236084
33,0.925000011920929,0.9749373197555542,0.2349388211965561,0.699999988079071,0.8461538553237915,0.3993204593658447
34,0.875,0.9271100163459778,0.25401883721351626,0.7250000238418579,0.848901093006134,0.38394748568534853
35,0.925000011920929,0.9583333730697632,0.2169569045305252,0.8500000238418579,0.8379121422767639,0.34314388036727905
36,0.875,0.890625,0.36047033667564393,0.8500000238418579,0.8461539149284363,0.3333925247192383
37,0.925000011920929,0.9212499856948853,0.2565209612250328,0.699999988079071,0.8447801470756531,0.39569237232208254
38,0.800000011920929,0.8421052694320679,0.3829584151506424,0.75,0.8598901629447937,0.366154146194458
39,0.9750000238418579,0.9722222089767456,0.12001058906316757,0.875,0.8530219793319702,0.31798371970653533
40,0.949999988079071,0.9671716690063477,0.24143112152814866,0.824999988079071,0.8489010334014893,0.32180234491825105
41,0.8999999761581421,0.9419191479682922,0.2709659248590469,0.75,0.8653846383094788,0.35232543349266054
42,0.8999999761581421,0.9318181872367859,0.27127518504858017,0.800000011920929,0.8461537957191467,0.3351366609334946
43,0.875,0.9040403366088867,0.2691943973302841,0.875,0.8502748012542725,0.3375446408987045
44,0.875,0.8684210181236267,0.2829154372215271,0.824999988079071,0.8653846979141235,0.3397369235754013
0,0.8999999761581421,0.9187500476837158,0.24190683662891388,0.75,0.8461538553237915,0.3647799909114838
1,0.949999988079071,0.9667518734931946,0.18566530346870422,0.75,0.8461538553237915,0.35906314849853516
2,0.949999988079071,0.9333333373069763,0.21060912013053895,0.7749999761581421,0.8406593799591064,0.3647582471370697
3,0.875,0.8999999761581421,0.33275589942932127,0.8500000238418579,0.8543956279754639,0.33302963674068453
4,0.949999988079071,0.9791666269302368,0.20796702578663825,0.7749999761581421,0.8818681836128235,0.3411849200725555
5,0.9750000238418579,0.9791666269302368,0.11040109395980835,0.75,0.8379120826721191,0.3774769365787506
6,0.925000011920929,0.9545454978942871,0.16071962863206862,0.800000011920929,0.8406593799591064,0.3411060392856598
7,0.9750000238418579,0.9696969389915466,0.198627333343029,0.824999988079071,0.879120945930481,0.35499721169471743
8,0.9750000238418579,0.9786667227745056,0.159783174097538,0.824999988079071,0.848901093006134,0.3565900564193726
9,0.949999988079071,0.9539641737937927,0.14179951176047326,0.824999988079071,0.8406593203544617,0.3719883143901825
10,0.949999988079071,0.9780219197273254,0.17122695744037628,0.8500000238418579,0.8461538553237915,0.35411902368068693
11,0.8999999761581421,0.9523809552192688,0.16425454318523408,0.824999988079071,0.8873625993728638,0.358667728304863
12,0.949999988079071,1.0,0.14536466971039771,0.824999988079071,0.8598901629447937,0.33013578653335574
13,0.8999999761581421,0.9130434989929199,0.21100424826145173,0.7749999761581421,0.8681318759918213,0.33748744130134584
14,0.925000011920929,0.9375,0.13615958094596864,0.824999988079071,0.833791196346283,0.3826217338442802
15,0.949999988079071,0.9398496747016907,0.20267747044563295,0.8500000238418579,0.8846153616905212,0.3645216763019562
16,0.9750000238418579,0.976190447807312,0.09905408024787903,0.800000011920929,0.8681318759918213,0.3392712831497192
17,0.949999988079071,0.9375,0.12221132069826127,0.7749999761581421,0.8365384936332703,0.35544530153274534
18,0.925000011920929,0.9166666269302368,0.16209811270236968,0.800000011920929,0.8681318759918213,0.33984853625297545
19,0.8999999761581421,0.9040921330451965,0.20278674066066743,0.800000011920929,0.7651098966598511,0.47359415590763093
20,0.875,0.9531250596046448,0.2543228417634964,0.7749999761581421,0.8241758346557617,0.38275728821754457
21,0.949999988079071,0.9709595441818237,0.1495513290166855,0.7250000238418579,0.8351647853851318,0.41775543093681333
22,0.8999999761581421,0.9736841917037964,0.13596805110573768,0.824999988079071,0.8104396462440491,0.3692522644996643
23,0.9750000238418579,0.976190447807312,0.1174140527844429,0.824999988079071,0.833791196346283,0.43035090863704684
24,0.8999999761581421,0.9175000190734863,0.21784891486167907,0.875,0.829670250415802,0.3809704303741455
25,0.9750000238418579,0.9724310636520386,0.1423981860280037,0.875,0.829670250415802,0.3724695026874542
26,0.9750000238418579,1.0,0.07219511196017266,0.875,0.8818681240081787,0.3377077281475067
27,0.949999988079071,1.0,0.0783621221780777,0.800000011920929,0.865384578704834,0.33541297614574433
28,0.949999988079071,0.9473683834075928,0.11169603988528251,0.8500000238418579,0.8530219793319702,0.3426728755235672
29,1.0,1.0,0.06656996756792069,0.824999988079071,0.8681318163871765,0.32735183238983157
30,0.949999988079071,1.0,0.10528270415961742,0.800000011920929,0.8447802662849426,0.37551994025707247
31,0.949999988079071,0.9523809552192688,0.15884690582752228,0.875,0.829670250415802,0.36314453184604645
32,0.949999988079071,0.9648436903953552,0.12640030942857267,0.800000011920929,0.7651098966598511,0.4871866464614868
33,0.925000011920929,0.9473683834075928,0.17293695583939553,0.7749999761581421,0.8310440182685852,0.39529408812522887
34,0.8999999761581421,0.9210526347160339,0.1633107766509056,0.7749999761581421,0.848901093006134,0.3904234230518341
35,0.949999988079071,0.9769821166992188,0.11615055799484253,0.800000011920929,0.7651098966598511,0.5200992658734321
36,0.9750000238418579,0.9974937438964844,0.12329232320189476,0.800000011920929,0.839285671710968,0.39143748879432677
37,0.875,0.8888888955116272,0.2636560618877411,0.800000011920929,0.8255493640899658,0.3877198964357376
38,1.0,1.0,0.07527888268232345,0.824999988079071,0.7651098966598511,0.45980347841978075
39,0.9750000238418579,0.9772726893424988,0.08990188352763653,0.8500000238418579,0.8763736486434937,0.3412707090377808
40,0.925000011920929,0.9473683834075928,0.14113744720816612,0.8500000238418579,0.8818681240081787,0.3298521101474762
41,0.9750000238418579,1.0,0.07744918093085289,0.824999988079071,0.8585163950920105,0.33482012450695037
42,0.949999988079071,0.9601139426231384,0.13378777652978896,0.875,0.855769157409668,0.32891794443130495
43,0.9750000238418579,1.0,0.06802354007959366,0.7749999761581421,0.8818681240081787,0.3516283631324768
44,0.875,0.9285714626312256,0.17899951636791228,0.8999999761581421,0.8571427464485168,0.341222932934761
0,0.4749999940395355,0.4545454680919647,0.9700030207633972,0.5,0.5247252583503723,0.6839211225509644
1,0.5249999761581421,0.5138888955116272,0.752532160282135,0.675000011920929,0.7568681240081787,0.5569160878658295
2,0.7250000238418579,0.7826666831970215,0.6347931742668151,0.44999998807907104,0.7115384340286255,0.6185859680175781
3,0.6499999761581421,0.6666666865348816,0.5957409739494324,0.44999998807907104,0.7307692170143127,0.6261965930461884
4,0.625,0.6994948983192444,0.5704907178878784,0.675000011920929,0.8626374006271362,0.4637560427188873
5,0.800000011920929,0.8371211886405945,0.4884840965270996,0.800000011920929,0.8434065580368042,0.4292793691158295
6,0.8500000238418579,0.8684895634651184,0.4331909418106079,0.7250000238418579,0.8282967209815979,0.4438164412975311
7,0.8999999761581421,0.9287500381469727,0.34022473990917207,0.7250000238418579,0.8035714626312256,0.4516617774963379
8,0.8500000238418579,0.9078282713890076,0.33064831495285035,0.7749999761581421,0.8310439586639404,0.40623552203178404
9,0.875,0.8958333730697632,0.38586564660072326,0.699999988079071,0.7802197337150574,0.4693079054355621
10,0.824999988079071,0.8813333511352539,0.2956764817237854,0.5249999761581421,0.75,0.5771915733814239
11,0.875,0.9318181872367859,0.31035804748535156,0.7250000238418579,0.843406617641449,0.3777839124202728
12,0.8500000238418579,0.8962500095367432,0.3028257489204407,0.824999988079071,0.8543955683708191,0.34351888597011565
13,0.824999988079071,0.8387500643730164,0.350444620847702,0.800000011920929,0.8598901629447937,0.35014535784721373
14,0.8500000238418579,0.8862500786781311,0.2979743659496307,0.7250000238418579,0.8118131756782532,0.40198970437049864
15,0.875,0.9199999570846558,0.32259156703948977,0.824999988079071,0.8186812996864319,0.3688576430082321
16,0.925000011920929,0.9444444179534912,0.24647856652736663,0.8500000238418579,0.8200548887252808,0.40088757276535036
17,0.8999999761581421,0.9343433976173401,0.2698791563510895,0.7250000238418579,0.8159341216087341,0.4123461961746216
18,0.824999988079071,0.925000011920929,0.2769633740186691,0.675000011920929,0.785714328289032,0.44855788350105286
19,0.875,0.9179292917251587,0.24495956897735596,0.800000011920929,0.8159340620040894,0.3709810018539429
20,0.949999988079071,0.9924811720848083,0.20517942309379578,0.7749999761581421,0.848901093006134,0.35617455244064333
21,0.925000011920929,0.946115255355835,0.2347988396883011,0.7749999761581421,0.8351648449897766,0.3521177649497986
22,1.0,1.0,0.09662167578935624,0.7250000238418579,0.8131868243217468,0.41847891807556153
23,0.925000011920929,0.9444444179534912,0.18115430623292922,0.675000011920929,0.8228021264076233,0.44627512991428375
24,0.949999988079071,0.9386188983917236,0.15319606065750122,0.7749999761581421,0.8324176073074341,0.37554976940155027
25,0.8999999761581421,0.9244504570960999,0.25427963882684707,0.8500000238418579,0.8104395866394043,0.33496608436107633
26,0.824999988079071,0.8282828330993652,0.43280511498451235,0.8500000238418579,0.8159341216087341,0.3233482867479324
27,0.875,0.8880208134651184,0.25359049439430237,0.800000011920929,0.8543955683708191,0.3206669718027115
28,0.8999999761581421,0.9015345573425293,0.2519711658358574,0.7749999761581421,0.8379120826721191,0.34980791211128237
29,0.949999988079071,0.9545454978942871,0.1676371142268181,0.824999988079071,0.8351648449897766,0.3460044264793396
30,0.949999988079071,0.9462500214576721,0.20792540460824965,0.824999988079071,0.8681318163871765,0.33911202251911166
31,0.925000011920929,0.9248120784759521,0.2794109657406807,0.7749999761581421,0.8571428060531616,0.3319225698709488
32,0.949999988079071,0.9760100841522217,0.1640105053782463,0.824999988079071,0.8214285373687744,0.3437272846698761
33,0.8999999761581421,0.9444444179534912,0.24720768332481385,0.8500000238418579,0.8571428656578064,0.3455177918076515
34,0.9750000238418579,0.9629121422767639,0.1862945705652237,0.8999999761581421,0.8516482710838318,0.4165624402463436
35,0.875,0.8799999952316284,0.34060663282871245,0.6499999761581421,0.7829669713973999,0.5388979882001876
36,0.75,0.78125,0.3055368006229401,0.675000011920929,0.7857142090797424,0.5075966835021972
37,0.949999988079071,0.9473683834075928,0.19530359506607056,0.8500000238418579,0.8351648449897766,0.32383181154727936
38,0.9750000238418579,1.0,0.13409936875104905,0.824999988079071,0.8310439586639404,0.3180574029684067
39,1.0,1.0,0.08473507910966874,0.75,0.8131868243217468,0.4141543686389923
40,0.8500000238418579,0.8924999833106995,0.20092567503452302,0.800000011920929,0.8310439586639404,0.3909937649965286
41,0.925000011920929,0.95652174949646,0.12415972724556923,0.8500000238418579,0.8612637519836426,0.34001454412937165
42,0.925000011920929,0.9473683834075928,0.1896766148507595,0.8500000238418579,0.8653846383094788,0.3373848795890808
43,0.9750000238418579,0.9791666269302368,0.12247352302074432,0.824999988079071,0.8598901033401489,0.32565432190895083
44,0.8999999761581421,0.8947368264198303,0.2714874677360058,0.800000011920929,0.8598901033401489,0.3407436579465866
0,1.0,1.0,0.07360171750187874,0.8500000238418579,0.8351648449897766,0.3731912910938263
1,0.9750000238418579,0.97826087474823,0.14426365941762925,0.824999988079071,0.8571428656578064,0.3661024868488312
2,1.0,1.0,0.07445338740944862,0.800000011920929,0.7994505763053894,0.3959121763706207
3,0.925000011920929,0.9255051016807556,0.1434830494225025,0.7749999761581421,0.8049450516700745,0.39431412518024445
4,0.9750000238418579,1.0,0.09214723408222199,0.824999988079071,0.865384578704834,0.37305778861045835
5,1.0,1.0,0.08748600706458091,0.824999988079071,0.8626373410224915,0.34153558909893034
6,0.8999999761581421,0.93359375,0.15446476489305497,0.824999988079071,0.8379120826721191,0.30938352942466735
7,1.0,1.0,0.10952783916145563,0.824999988079071,0.8612637519836426,0.2823717683553696
8,0.9750000238418579,0.9772727489471436,0.08218267392367125,0.800000011920929,0.8626374006271362,0.26925441026687624
9,0.949999988079071,0.9473683834075928,0.09325156211853028,0.8500000238418579,0.8159341216087341,0.27090867459774015
10,0.949999988079071,0.9749373197555542,0.1479720875620842,0.875,0.8461538553237915,0.28125880360603334
11,0.9750000238418579,1.0,0.07342444881796836,0.800000011920929,0.8736264109611511,0.3167072355747223
12,1.0,1.0,0.04183332324028015,0.7749999761581421,0.8461538553237915,0.4036624073982239
13,0.925000011920929,0.8999999761581421,0.1690808441489935,0.8500000238418579,0.884615421295166,0.25215167701244356
14,1.0,1.0,0.0750998467206955,0.875,0.8214285969734192,0.2698885977268219
15,0.9750000238418579,0.9750000238418579,0.09099336639046669,0.824999988079071,0.8763736486434937,0.2625252068042755
16,0.9750000238418579,1.0,0.04672958282753825,0.824999988079071,0.8640109896659851,0.28014878630638124
17,0.9750000238418579,0.9772727489471436,0.055854007601737976,0.824999988079071,0.8667582273483276,0.27597021758556367
18,0.9750000238418579,0.9722222089767456,0.0661641538143158,0.8500000238418579,0.8585164546966553,0.2934562027454376
19,0.9750000238418579,0.9709595441818237,0.16345583312213421,0.800000011920929,0.8640109300613403,0.362647545337677
0,0.550000011920929,0.6115288138389587,0.8085485696792603,0.675000011920929,0.7431318759918213,0.5595871925354003
1,0.7250000238418579,0.7133838534355164,0.6285565137863159,0.6499999761581421,0.791208803653717,0.539765739440918
2,0.675000011920929,0.692307710647583,0.5341504335403442,0.42500001192092896,0.5961538553237915,0.782885092496872
3,0.6499999761581421,0.625,0.7170269727706909,0.44999998807907104,0.6538461446762085,0.6995667576789856
4,0.800000011920929,0.8637500405311584,0.40242077112197877,0.6499999761581421,0.7870879173278809,0.5110696196556092
5,0.75,0.8017676472663879,0.4759643852710724,0.699999988079071,0.7994506359100342,0.46205471754074096
6,0.875,0.8925831317901611,0.32589261829853056,0.7250000238418579,0.8021978139877319,0.457052206993103
7,0.875,0.9134615063667297,0.3633339494466782,0.699999988079071,0.8104395866394043,0.46385382413864135
8,0.8999999761581421,0.9040403366088867,0.30682072043418884,0.6499999761581421,0.7609890103340149,0.5418505251407624
9,0.8500000238418579,0.8849104642868042,0.31317784637212753,0.44999998807907104,0.6538461446762085,0.8607203006744385
10,0.800000011920929,0.8374999761581421,0.4611712217330933,0.574999988079071,0.692307710647583,0.720312625169754
11,0.824999988079071,0.8325001001358032,0.33221014142036437,0.699999988079071,0.7857143878936768,0.4487562358379364
12,0.949999988079071,0.9799498915672302,0.26583092212677,0.7250000238418579,0.7939561009407043,0.4270757377147675
13,0.8999999761581421,0.9515669941902161,0.27026000469923017,0.625,0.7472527623176575,0.5831443309783936
14,0.75,0.6744791269302368,0.4999697461724281,0.550000011920929,0.692307710647583,0.8249637544155121
15,0.8500000238418579,0.91796875,0.24851307570934295,0.625,0.75,0.5640107959508895
16,0.949999988079071,0.969924807548523,0.21365195214748384,0.7250000238418579,0.8186813592910767,0.4422253042459488
17,0.925000011920929,0.9711779356002808,0.20302997529506683,0.675000011920929,0.8159341216087341,0.4330210745334625
18,0.824999988079071,0.8459596037864685,0.4038377940654755,0.699999988079071,0.8379120826721191,0.44331094622612
19,0.8999999761581421,0.9103534817695618,0.2611949652433395,0.6499999761581421,0.7884615659713745,0.5014781296253205
