epoch,accuracy,auc_1,f1_m,loss,precision,recall,val_accuracy,val_auc_1,val_f1_m,val_loss,val_precision,val_recall
0,0.47857141494750977,0.49294623732566833,0.3387981355190277,74.41140638078961,0.44117647409439087,0.33582088351249695,0.6000000238418579,0.5859375,0.0,74.27750549316406,0.0,0.0
1,0.5107142925262451,0.49147728085517883,0.43888479471206665,74.26641758510044,0.4806201457977295,0.469696968793869,0.6000000238418579,0.6236978769302368,0.0,74.1302001953125,0.0,0.0
2,0.5249999761581421,0.5176600217819214,0.40811797976493835,74.10880083356585,0.4811320900917053,0.39534884691238403,0.6000000238418579,0.6575521230697632,0.0,73.98270568847656,0.0,0.0
0,0.4928571283817291,0.5240416526794434,0.3831064999103546,75.03841334751674,0.3426573574542999,0.557296872138977,0.6000000238418579,0.43359375,0.0,74.91961212158203,0.0,0.5437968373298645
1,0.4892857074737549,0.48816266655921936,0.348012775182724,74.91077597481863,0.3525179922580719,0.5446847081184387,0.6000000238418579,0.4713541865348816,0.0,74.77230834960938,0.0,0.5432056188583374
2,0.47857141494750977,0.454631507396698,0.34122446179389954,74.76253989083426,0.35338345170021057,0.535019040107727,0.6000000238418579,0.4986979365348816,0.0,74.62557067871094,0.0,0.5425325632095337
3,0.4892857074737549,0.5061848163604736,0.4421624541282654,74.61219852992467,0.43150684237480164,0.5286034345626831,0.6000000238418579,0.5611978769302368,0.0,74.47918853759765,0.0,0.5408755540847778
4,0.5535714030265808,0.5619674921035767,0.4428117275238037,74.43764256068638,0.42446044087409973,0.5565361976623535,0.6000000238418579,0.578125,0.0,74.33321990966797,0.0,0.5381791591644287
5,0.574999988079071,0.6186212301254272,0.490844190120697,74.26545213971819,0.4647887349128723,0.5693311095237732,0.6000000238418579,0.69921875,0.0,74.18744659423828,0.0,0.5355149507522583
6,0.4714285731315613,0.5041685700416565,0.37018144130706787,74.16144474574497,0.3937007784843445,0.5296875834465027,0.6000000238418579,0.7291666269302368,0.0,74.0406280517578,0.0,0.5366073846817017
7,0.5642856955528259,0.5523454546928406,0.4702349603176117,74.00332401820592,0.44525548815727234,0.5432913303375244,0.6000000238418579,0.7565103769302368,0.0,73.89422607421875,0.0,0.5376018285751343
8,0.5714285969734192,0.632758378982544,0.5298020243644714,73.8215087890625,0.4900662302970886,0.5505090951919556,0.6000000238418579,0.8307291865348816,0.0,73.75009002685547,0.0,0.5311261415481567
9,0.4928571283817291,0.5347819328308105,0.4599381685256958,73.71510075160435,0.44594594836235046,0.5326054096221924,0.6000000238418579,0.8229166269302368,0.0,73.60466156005859,0.0,0.5303258895874023
10,0.550000011920929,0.5794898271560669,0.47109663486480713,73.55929173060827,0.4642857015132904,0.5259560942649841,0.625,0.8450520634651184,0.07999999076128006,73.45944213867188,0.0625,0.5296107530593872
11,0.5785714387893677,0.6048469543457031,0.5264027714729309,73.40408150809152,0.5,0.5546461343765259,0.625,0.8828125,0.07999999076128006,73.314208984375,0.0625,0.5301148891448975
12,0.550000011920929,0.5312260985374451,0.48423418402671814,73.29210008893695,0.4964539110660553,0.5363079905509949,0.7250000238418579,0.8893228769302368,0.3276190161705017,73.17065887451172,0.3125,0.5269467830657959
13,0.5642856955528259,0.580947995185852,0.5333600640296936,73.13057229178293,0.5611510872840881,0.5267214179039001,0.75,0.890625,0.4276190400123596,73.02619018554688,0.375,0.5278093814849854
14,0.4928571283817291,0.5249948501586914,0.4269295632839203,73.00981794084821,0.4444444477558136,0.5139608383178711,0.75,0.8841146230697632,0.4276190400123596,72.88247985839844,0.375,0.5278753638267517
15,0.5571428537368774,0.5960733294487,0.4797278940677643,72.83234449114119,0.4852941036224365,0.5580370426177979,0.7749999761581421,0.8723957538604736,0.48095235228538513,72.74058685302734,0.4375,0.524170994758606
16,0.6000000238418579,0.6280363202095032,0.5460255742073059,72.67746233258929,0.5579710006713867,0.5414543747901917,0.7749999761581421,0.8723957538604736,0.48095235228538513,72.59744110107422,0.4375,0.5247911214828491
17,0.5892857313156128,0.6278849840164185,0.5530756711959839,72.53543221609932,0.5763888955116272,0.5390499830245972,0.7749999761581421,0.8776041865348816,0.48095235228538513,72.45543670654297,0.4375,0.522470235824585
18,0.5178571343421936,0.5823847651481628,0.46031129360198975,72.40840933663505,0.49635037779808044,0.5344679355621338,0.7749999761581421,0.8841146230697632,0.48095235228538513,72.31095123291016,0.4375,0.5282315015792847
19,0.5464285612106323,0.6145833134651184,0.5343887805938721,72.26010938371931,0.5128205418586731,0.551956832408905,0.75,0.8684895634651184,0.5219047665596008,72.17135925292969,0.5,0.5220993161201477
20,0.5857142806053162,0.6030651330947876,0.5492990612983704,72.12915627615793,0.5629629492759705,0.5435881018638611,0.75,0.8893228769302368,0.5219047665596008,72.0302001953125,0.5,0.5205686688423157
21,0.5678571462631226,0.5929108262062073,0.5536404252052307,71.985105242048,0.5850340127944946,0.5211076736450195,0.75,0.8763020634651184,0.5219047665596008,71.88781280517578,0.5,0.5220233201980591
22,0.5785714387893677,0.5865876078605652,0.5387545824050903,71.85529261997767,0.60447758436203,0.5192216634750366,0.75,0.8919271230697632,0.5219047665596008,71.7455078125,0.5,0.5241528749465942
23,0.6285714507102966,0.6704609394073486,0.5889900326728821,71.66890520368304,0.5985401272773743,0.545935332775116,0.800000011920929,0.890625,0.5409523248672485,71.60242614746093,0.5,0.5289806127548218
24,0.6357142925262451,0.7073656320571899,0.5828900337219238,71.5053950718471,0.6131386756896973,0.5427277088165283,0.7749999761581421,0.8841145038604736,0.48095235228538513,71.46024932861329,0.4375,0.5315121412277222
25,0.6071428656578064,0.6726664304733276,0.5951390266418457,71.38111877441406,0.5694444179534912,0.543760359287262,0.800000011920929,0.8893228769302368,0.5409523248672485,71.31846771240234,0.5,0.5323247909545898
26,0.6035714149475098,0.6469208002090454,0.5864966511726379,71.26168866838728,0.6382978558540344,0.5252872109413147,0.800000011920929,0.8880208730697632,0.5409523248672485,71.17664947509766,0.5,0.5345953106880188
27,0.6214285492897034,0.6560196280479431,0.6143598556518555,71.11098807198661,0.6081081032752991,0.5547895431518555,0.800000011920929,0.8906250596046448,0.5409523248672485,71.0361343383789,0.5,0.5341957211494446
28,0.6071428656578064,0.6697795391082764,0.568332314491272,70.9608391898019,0.5942028760910034,0.5537195205688477,0.800000011920929,0.89453125,0.5409523248672485,70.89477844238282,0.5,0.5366472005844116
29,0.6071428656578064,0.6862407326698303,0.6077572107315063,70.81603546142578,0.5855262875556946,0.5725531578063965,0.824999988079071,0.8880208730697632,0.6314285397529602,70.75577087402344,0.6875,0.5326749086380005
30,0.5714285969734192,0.6479064226150513,0.5256936550140381,70.69854409354073,0.5472972989082336,0.5492119789123535,0.824999988079071,0.8919271230697632,0.6714285612106323,70.61649780273437,0.75,0.5299644470214844
31,0.6321428418159485,0.7318995594978333,0.5859060287475586,70.51699044363839,0.6043165326118469,0.5699225664138794,0.800000011920929,0.8958333730697632,0.6314285397529602,70.4743667602539,0.6875,0.5343949198722839
32,0.675000011920929,0.7336642146110535,0.6078972220420837,70.37695595877511,0.6774193644523621,0.5832211375236511,0.800000011920929,0.90234375,0.5957142114639282,70.33171844482422,0.625,0.5406943559646606
33,0.6214285492897034,0.6488525867462158,0.5740196704864502,70.28237479073661,0.6279069781303406,0.5508127808570862,0.7749999761581421,0.9088541269302368,0.5600000023841858,70.18930358886719,0.5625,0.5464587211608887
34,0.6499999761581421,0.7188376784324646,0.5847700834274292,70.10544607979911,0.5815602540969849,0.5966642498970032,0.800000011920929,0.9127604365348816,0.5957142114639282,70.04835968017578,0.625,0.5486403703689575
35,0.6499999761581421,0.7175983190536499,0.6164852380752563,69.96820133754186,0.6439393758773804,0.5717578530311584,0.824999988079071,0.9153645634651184,0.6314285397529602,69.90735778808593,0.6875,0.5507184863090515
36,0.6464285850524902,0.7153798937797546,0.605004072189331,69.83933323451451,0.563758373260498,0.6030816435813904,0.800000011920929,0.9192708730697632,0.6314285397529602,69.7676788330078,0.6875,0.5490058064460754
37,0.7035714387893677,0.7559998035430908,0.622195303440094,69.67147173200335,0.654411792755127,0.6058683395385742,0.824999988079071,0.9283853769302368,0.6592063307762146,69.62801666259766,0.75,0.5476704239845276
38,0.625,0.6824272274971008,0.5373654961585999,69.57051260811942,0.5426356792449951,0.5834373831748962,0.824999988079071,0.9231771230697632,0.6592063307762146,69.485498046875,0.75,0.5542247295379639
39,0.7071428298950195,0.8132016658782959,0.6339538097381592,69.35800432477679,0.6449275612831116,0.6370413303375244,0.824999988079071,0.9309895634651184,0.6592063307762146,69.34559783935546,0.75,0.5539347529411316
40,0.6678571701049805,0.7773085236549377,0.6344732642173767,69.25057634626116,0.5810810923576355,0.623645544052124,0.875,0.9309895634651184,0.7277777791023254,69.20792083740234,0.875,0.5489609241485596
41,0.6892856955528259,0.7686197757720947,0.6827128529548645,69.12483673095703,0.6625000238418579,0.623508870601654,0.8500000238418579,0.93359375,0.7333332896232605,69.07250671386718,0.9375,0.5399610996246338
42,0.7464285492897034,0.8329846262931824,0.6811667084693909,68.93617444719587,0.7981651425361633,0.5976129174232483,0.8999999761581421,0.94140625,0.7555555105209351,68.92607421875,0.9375,0.5554131269454956
43,0.7107142806053162,0.7914782166481018,0.6865016222000122,68.84496961321149,0.6315789222717285,0.6489221453666687,0.875,0.9427082538604736,0.7333332896232605,68.78658447265624,0.9375,0.5549402236938477
44,0.7214285731315613,0.7920506000518799,0.6920099258422852,68.69720546177456,0.6959459185600281,0.6194697022438049,0.8500000238418579,0.94140625,0.7333332896232605,68.64675903320312,0.9375,0.5561641454696655
45,0.7071428298950195,0.7881014347076416,0.6606369018554688,68.5565436226981,0.633093535900116,0.6316726207733154,0.875,0.9440103769302368,0.7555555105209351,68.50901641845704,1.0,0.5531721115112305
46,0.7107142806053162,0.7967109084129333,0.6610162258148193,68.40404096330916,0.732824444770813,0.6437974572181702,0.875,0.9518229365348816,0.7555555105209351,68.3675552368164,1.0,0.5586379766464233
47,0.7571428418159485,0.8188061714172363,0.7071982026100159,68.25727691650391,0.7058823704719543,0.656880795955658,0.875,0.953125,0.7555555105209351,68.22542877197266,1.0,0.565723717212677
48,0.6928571462631226,0.8006854057312012,0.6926344037055969,68.14065508161272,0.6558441519737244,0.6406890749931335,0.875,0.953125,0.7555555105209351,68.08899536132813,1.0,0.5609732866287231
49,0.6785714030265808,0.7839685678482056,0.6311439871788025,68.01061662946428,0.6595744490623474,0.6359493732452393,0.875,0.9544270634651184,0.7555555105209351,67.94894561767578,1.0,0.563747227191925
50,0.7428571581840515,0.8452040553092957,0.7038652300834656,67.83055180140904,0.6857143044471741,0.67009037733078,0.875,0.9583333730697632,0.7555555105209351,67.8084213256836,1.0,0.5679419040679932
51,0.7250000238418579,0.8209961652755737,0.7110018730163574,67.71759011404855,0.7586206793785095,0.6664584875106812,0.875,0.9622395634651184,0.7555555105209351,67.66995544433594,1.0,0.5687688589096069
52,0.7464285492897034,0.8148894906044006,0.6864356398582458,67.58328421456473,0.6934306621551514,0.6750087141990662,0.875,0.9622395634651184,0.7555555105209351,67.52836456298829,1.0,0.5756908655166626
53,0.7785714268684387,0.8612633943557739,0.7777406573295593,67.4092276436942,0.7718120813369751,0.6786035895347595,0.875,0.9609375,0.7555555105209351,67.39261322021484,1.0,0.5725840926170349
54,0.7250000238418579,0.8337415456771851,0.6935076117515564,67.30630776541574,0.7028985619544983,0.6323543787002563,0.875,0.9648436903953552,0.7555555105209351,67.25149383544922,1.0,0.5791075229644775
55,0.7678571343421936,0.8723208904266357,0.7382188439369202,67.13575221470424,0.7042253613471985,0.7125664353370667,0.875,0.9700521230697632,0.7555555105209351,67.11127471923828,1.0,0.5848153829574585
56,0.7428571581840515,0.8357154130935669,0.7297722101211548,67.0291767665318,0.7153284549713135,0.6519193649291992,0.875,0.9700521230697632,0.7555555105209351,66.97329864501953,1.0,0.5868961811065674
57,0.8357142806053162,0.905947208404541,0.8180494904518127,66.83494437081474,0.7857142686843872,0.7276153564453125,0.875,0.96875,0.7555555105209351,66.83600006103515,1.0,0.5871283411979675
58,0.7892857193946838,0.8665028810501099,0.7765840291976929,66.72575356619699,0.8333333134651184,0.6764099597930908,0.875,0.9739583730697632,0.7555555105209351,66.69182739257812,1.0,0.6006735563278198
59,0.7714285850524902,0.8708862662315369,0.7606059312820435,66.5973641531808,0.7338129281997681,0.6666056513786316,0.8999999761581421,0.9752604365348816,0.7777777910232544,66.55007934570312,1.0,0.6103923916816711
60,0.8071428537368774,0.8809378147125244,0.7604369521141052,66.45752367292131,0.8057553768157959,0.6936610341072083,0.8999999761581421,0.9752604365348816,0.7777777910232544,66.40755615234374,1.0,0.6218655705451965
61,0.7607142925262451,0.8621578812599182,0.7506904602050781,66.3321275983538,0.7279411554336548,0.7029268741607666,0.8999999761581421,0.9765625596046448,0.7777777910232544,66.27010345458984,1.0,0.6248547434806824
62,0.8071428537368774,0.9005101919174194,0.7779938578605652,66.16542314801897,0.7928571701049805,0.7248091101646423,0.8999999761581421,0.9765624403953552,0.7777777910232544,66.1293441772461,1.0,0.6340166926383972
63,0.8285714387893677,0.9007452130317688,0.7952954173088074,66.02916346958705,0.8248175382614136,0.7107162475585938,0.8999999761581421,0.9765625,0.7777777910232544,65.98765106201172,1.0,0.6463077664375305
64,0.8071428537368774,0.9107243418693542,0.7860317230224609,65.88812277657645,0.7342657446861267,0.7559899091720581,0.8999999761581421,0.9765625,0.7777777910232544,65.85226440429688,1.0,0.6470791101455688
65,0.8142856955528259,0.8863741159439087,0.8152953386306763,65.7907499040876,0.8095238208770752,0.7322186827659607,0.8999999761581421,0.9752604365348816,0.7777777910232544,65.71891937255859,1.0,0.6443449258804321
66,0.8321428298950195,0.9174836874008179,0.8103377223014832,65.61055755615234,0.8472222089767456,0.7218645215034485,0.8999999761581421,0.9765625,0.7777777910232544,65.58109130859376,1.0,0.6502823233604431
67,0.8107143044471741,0.8977714776992798,0.8026134967803955,65.50706329345704,0.7876712083816528,0.7425180673599243,0.8999999761581421,0.9765625,0.7777777910232544,65.44461822509766,1.0,0.6541780233383179
68,0.8321428298950195,0.8915104269981384,0.8363138437271118,65.40858982631138,0.8187500238418579,0.7196820974349976,0.8999999761581421,0.9752603769302368,0.7777777910232544,65.31483612060546,1.0,0.6479731798171997
69,0.7892857193946838,0.8727034330368042,0.7407668232917786,65.27157004220145,0.8110235929489136,0.7070997357368469,0.8999999761581421,0.9765625,0.7777777910232544,65.1755355834961,1.0,0.6591131091117859
70,0.8214285969734192,0.8921628594398499,0.8044934868812561,65.11346261160715,0.8439716100692749,0.7293757796287537,0.8999999761581421,0.9765625,0.7777777910232544,65.03893127441407,1.0,0.6662423014640808
71,0.8535714149475098,0.9371391534805298,0.8436033725738525,64.9255390712193,0.8740741014480591,0.7372180819511414,0.8999999761581421,0.9765625596046448,0.7777777910232544,64.90145721435547,1.0,0.6749326586723328
72,0.8285714387893677,0.9116026163101196,0.8222604393959045,64.83596714564732,0.8439716100692749,0.7216758131980896,0.8999999761581421,0.9752604365348816,0.7777777910232544,64.76467895507812,1.0,0.6828421354293823
73,0.8500000238418579,0.91357421875,0.8208266496658325,64.69351523263114,0.84375,0.7542518973350525,0.8999999761581421,0.9765625,0.7777777910232544,64.62539978027344,1.0,0.6957581639289856
74,0.8428571224212646,0.9297178983688354,0.827647864818573,64.54534694126674,0.8358209133148193,0.7576894760131836,0.875,0.9765625,0.7377777695655823,64.48675842285157,0.9375,0.70756995677948
75,0.8285714387893677,0.9265389442443848,0.8085455894470215,64.42565329415457,0.8068965673446655,0.7469186782836914,0.875,0.9752603769302368,0.7377777695655823,64.35316467285156,0.9375,0.7096173763275146
76,0.824999988079071,0.9277613759040833,0.8001814484596252,64.28723536900111,0.8617886304855347,0.7351903915405273,0.875,0.9765625,0.7377777695655823,64.21469573974609,0.9375,0.7234950065612793
77,0.8964285850524902,0.9393869638442993,0.8921542763710022,64.13861628941127,0.8592592477798462,0.7765517234802246,0.875,0.9765625,0.7377777695655823,64.07965240478515,0.9375,0.7292712330818176
78,0.8571428656578064,0.9202000498771667,0.8359264731407166,64.03639362880162,0.8633093237876892,0.7767192721366882,0.875,0.9765625,0.7377777695655823,63.94532318115235,0.9375,0.7351090908050537
79,0.8535714149475098,0.9281340837478638,0.8343743085861206,63.890821729387554,0.8633093237876892,0.7880969047546387,0.875,0.9765625,0.7377777695655823,63.81285781860352,0.9375,0.7374541759490967
80,0.8785714507102966,0.9459618330001831,0.8749513626098633,63.73677520751953,0.8503401279449463,0.7973015904426575,0.875,0.9752603769302368,0.7377777695655823,63.68414306640625,0.9375,0.7331216931343079
81,0.8785714507102966,0.9510754942893982,0.8723746538162231,63.60203606741769,0.8543046116828918,0.8090164661407471,0.8999999761581421,0.9739583134651184,0.7777777910232544,63.55471572875977,1.0,0.7312808632850647
82,0.8392857313156128,0.914675235748291,0.8227396011352539,63.528873443603516,0.8611111044883728,0.7637534141540527,0.875,0.9739583730697632,0.7377777695655823,63.42210845947265,0.9375,0.7357900738716125
83,0.8821428418159485,0.9419631361961365,0.870997428894043,63.362639508928574,0.881118893623352,0.8018890023231506,0.875,0.9739583730697632,0.7377777695655823,63.290078735351564,0.9375,0.7397709488868713
84,0.8428571224212646,0.9398958683013916,0.8380601406097412,63.239046042306086,0.8321678042411804,0.7676385045051575,0.8999999761581421,0.9739583730697632,0.7777777910232544,63.159342193603514,1.0,0.7412810325622559
85,0.875,0.9432647228240967,0.8279625773429871,63.112498365129746,0.8686131238937378,0.7835963368415833,0.875,0.9739583134651184,0.7377777695655823,63.02549057006836,0.9375,0.7494770884513855
86,0.8607142567634583,0.9304023385047913,0.859005331993103,62.9948970249721,0.8529411554336548,0.7609850168228149,0.875,0.9739583134651184,0.7377777695655823,62.890576171875,0.9375,0.7609063982963562
87,0.8392857313156128,0.914230227470398,0.8446455001831055,62.89569244384766,0.835616409778595,0.7565097212791443,0.875,0.9739583134651184,0.7377777695655823,62.7643310546875,0.9375,0.7560235857963562
88,0.8857142925262451,0.942951500415802,0.8777055740356445,62.71978029523577,0.8851351141929626,0.8129386901855469,0.8999999761581421,0.9739583134651184,0.7777777910232544,62.63681640625,1.0,0.7544630765914917
89,0.8500000238418579,0.933132529258728,0.8247268795967102,62.60148250034877,0.8394160866737366,0.7800080180168152,0.875,0.9739582538604736,0.7377777695655823,62.505821990966794,0.9375,0.7597734928131104
90,0.8714285492897034,0.9333385229110718,0.8203482031822205,62.477169145856585,0.8709677457809448,0.7826147675514221,0.875,0.9739583730697632,0.7377777695655823,62.36975250244141,0.9375,0.7754384875297546
91,0.8785714507102966,0.9510442018508911,0.8747615814208984,62.328968157087054,0.8461538553237915,0.8327882885932922,0.875,0.9739583134651184,0.7377777695655823,62.24467849731445,0.9375,0.7700158953666687
92,0.8607142567634583,0.9359643459320068,0.8564234375953674,62.22414311000279,0.8445945978164673,0.8133058547973633,0.8999999761581421,0.9739583134651184,0.7777777910232544,62.12146835327148,1.0,0.762754499912262
93,0.8678571581840515,0.9344741106033325,0.8531169295310974,62.09551315307617,0.8778625726699829,0.7859029769897461,0.8999999761581421,0.9739583134651184,0.7777777910232544,61.99214248657226,1.0,0.7671182751655579
94,0.875,0.9562606811523438,0.8393155932426453,61.929876817975725,0.8914728760719299,0.805325448513031,0.875,0.9739583134651184,0.7377777695655823,61.85852890014648,0.9375,0.7799316048622131
95,0.8892857432365417,0.9460721015930176,0.890864908695221,61.8258434840611,0.8531468510627747,0.797909677028656,0.875,0.9739583134651184,0.7377777695655823,61.73369674682617,0.9375,0.7771164774894714
96,0.9071428775787354,0.9694372415542603,0.8995897173881531,61.65105438232422,0.9136690497398376,0.8115401864051819,0.875,0.9739583134651184,0.7377777695655823,61.60541915893555,0.9375,0.7806395292282104
97,0.9035714268684387,0.9659438729286194,0.8999958038330078,61.531043243408206,0.9071428775787354,0.8174737691879272,0.875,0.9739583730697632,0.7377777695655823,61.473818969726565,0.9375,0.7893630266189575
98,0.8928571343421936,0.9564030170440674,0.8859296441078186,61.418834577287946,0.8999999761581421,0.7999005317687988,0.875,0.9739583134651184,0.7377777695655823,61.34486465454101,0.9375,0.7947289347648621
99,0.8999999761581421,0.9665234684944153,0.893118679523468,61.2770026070731,0.8775510191917419,0.8478029370307922,0.875,0.9739583134651184,0.7377777695655823,61.21928100585937,0.9375,0.7935390472412109
0,0.8928571343421936,0.9562451839447021,0.8832731246948242,61.17676751273019,0.9037036895751953,0.7904263734817505,0.875,0.9739583730697632,0.7377777695655823,61.090641021728516,0.9375,0.7997771501541138
1,0.875,0.9458169937133789,0.8543636202812195,61.0732529776437,0.8391608595848083,0.8253023624420166,0.875,0.9739583730697632,0.7377777695655823,60.965502166748045,0.9375,0.7991496920585632
2,0.8785714507102966,0.9532145261764526,0.8583793640136719,60.92571781703404,0.8648648858070374,0.832179069519043,0.875,0.9752603769302368,0.7377777695655823,60.84101028442383,0.9375,0.7979754209518433
3,0.8678571581840515,0.9340532422065735,0.8347824215888977,60.840540095738,0.8541666865348816,0.8228242993354797,0.875,0.9752604365348816,0.7377777695655823,60.71425323486328,0.9375,0.8008697628974915
4,0.8571428656578064,0.9194636344909668,0.8172417879104614,60.75180914742606,0.8740741014480591,0.7959669828414917,0.875,0.9765625,0.7377777695655823,60.58811874389649,0.9375,0.8039902448654175
5,0.8678571581840515,0.9373692274093628,0.8604864478111267,60.5864858354841,0.8461538553237915,0.8228214383125305,0.875,0.9765625,0.7377777695655823,60.46179275512695,0.9375,0.8077214956283569
6,0.8821428418159485,0.962549090385437,0.8713131546974182,60.41475132533482,0.8776978254318237,0.8249620199203491,0.875,0.9765625,0.7377777695655823,60.33722152709961,0.9375,0.8087489008903503
7,0.8892857432365417,0.9629166126251221,0.8615540266036987,60.2769168308803,0.9051094651222229,0.8338032960891724,0.875,0.9765625,0.7377777695655823,60.211001586914065,0.9375,0.8118146657943726
8,0.9142857193946838,0.9741114974021912,0.9049164652824402,60.13563908168248,0.9166666865348816,0.847859263420105,0.875,0.9765625,0.7377777695655823,60.085821533203124,0.9375,0.8144398927688599
9,0.9178571701049805,0.9794384241104126,0.9011791348457336,60.00474330357143,0.9248120188713074,0.8311938643455505,0.875,0.9765625,0.7377777695655823,59.95791015625,0.9375,0.8215238451957703
10,0.9178571701049805,0.9764237403869629,0.9073590040206909,59.87709208897182,0.9275362491607666,0.8547411561012268,0.875,0.9765625,0.7377777695655823,59.831564331054686,0.9375,0.826808750629425
11,0.8571428656578064,0.9314236044883728,0.8163547515869141,59.86701529366629,0.8125,0.8147223591804504,0.875,0.9765624403953552,0.7377777695655823,59.709475708007815,0.9375,0.8238374590873718
12,0.8857142925262451,0.9611273407936096,0.8724218010902405,59.67487302507673,0.8503401279449463,0.8710532188415527,0.875,0.9765624403953552,0.7377777695655823,59.590605926513675,0.9375,0.8161225318908691
13,0.8821428418159485,0.950156033039093,0.8514265418052673,59.572047642299104,0.8721804618835449,0.8384586572647095,0.875,0.9778646230697632,0.7377777695655823,59.46715316772461,0.9375,0.8174394369125366
14,0.9035714268684387,0.9535689949989319,0.8949759602546692,59.443622153145924,0.9064748287200928,0.8399580121040344,0.875,0.9791666269302368,0.7377777695655823,59.342167663574216,0.9375,0.8217453956604004
15,0.8892857432365417,0.9586485624313354,0.8773654699325562,59.31916176932199,0.9109588861465454,0.8507551550865173,0.875,0.9791666269302368,0.7377777695655823,59.219747924804686,0.9375,0.821881890296936
16,0.8964285850524902,0.9624438285827637,0.884506106376648,59.19128755841936,0.9166666865348816,0.8055191040039062,0.875,0.9791666269302368,0.7377777695655823,59.096186828613284,0.9375,0.8240734338760376
17,0.8892857432365417,0.960115373134613,0.8884920477867126,59.07041266305106,0.8823529481887817,0.8707868456840515,0.875,0.9791666269302368,0.7377777695655823,58.977980041503905,0.9375,0.8183698654174805
18,0.925000011920929,0.9707940816879272,0.9236029386520386,58.9220949445452,0.915032684803009,0.8658998608589172,0.875,0.9791666865348816,0.7377777695655823,58.85961151123047,0.9375,0.8135079145431519
19,0.8857142925262451,0.9463847875595093,0.8602554798126221,58.851528712681365,0.9166666865348816,0.8277962803840637,0.875,0.9817708730697632,0.7377777695655823,58.73425979614258,0.9375,0.8191324472427368
20,0.9107142686843872,0.971648633480072,0.8984683156013489,58.67472087315151,0.9262295365333557,0.8213847875595093,0.875,0.9817708134651184,0.7377777695655823,58.60685272216797,0.9375,0.8283929824829102
21,0.8928571343421936,0.9675261378288269,0.8819161057472229,58.56473432268415,0.8758170008659363,0.8665454983711243,0.875,0.9817708730697632,0.7377777695655823,58.485601806640624,0.9375,0.8286969065666199
22,0.9214285612106323,0.9795677065849304,0.9080824851989746,58.42022378104074,0.9534883499145508,0.837780773639679,0.875,0.9817708134651184,0.7377777695655823,58.36231994628906,0.9375,0.8326581120491028
23,0.9107142686843872,0.9652959108352661,0.9051452875137329,58.318472726004465,0.8979591727256775,0.8594601154327393,0.875,0.9817708134651184,0.7377777695655823,58.24250869750976,0.9375,0.830978274345398
24,0.9107142686843872,0.9752302169799805,0.8860317468643188,58.17947246006557,0.9406779408454895,0.8304269909858704,0.875,0.9817708730697632,0.7377777695655823,58.11572799682617,0.9375,0.8407371640205383
25,0.9214285612106323,0.9769085645675659,0.9165862798690796,58.05279791695731,0.9057971239089966,0.870022177696228,0.875,0.9817708730697632,0.7377777695655823,57.99307098388672,0.9375,0.8448730707168579
26,0.8999999761581421,0.9685014486312866,0.9007317423820496,57.959316689627514,0.8805031180381775,0.8851993083953857,0.875,0.9817708134651184,0.7377777695655823,57.87620086669922,0.9375,0.8388417363166809
27,0.925000011920929,0.9705041646957397,0.9237189292907715,57.82240546090262,0.9130434989929199,0.8620122671127319,0.875,0.9817708134651184,0.7377777695655823,57.757745361328126,0.9375,0.8357677459716797
28,0.9071428775787354,0.9653894901275635,0.9037514925003052,57.72170421055385,0.931034505367279,0.8616516590118408,0.875,0.9817708730697632,0.7377777695655823,57.63563003540039,0.9375,0.8387517929077148
29,0.8964285850524902,0.9648078083992004,0.8897976279258728,57.601842716762,0.888059675693512,0.84557044506073,0.875,0.9817708730697632,0.7377777695655823,57.51555404663086,0.9375,0.8382081985473633
30,0.8999999761581421,0.9599743485450745,0.9064357876777649,57.49921068464007,0.8666666746139526,0.8745074272155762,0.875,0.9817708134651184,0.7377777695655823,57.39854965209961,0.9375,0.8339741826057434
31,0.8714285492897034,0.9644748568534851,0.8299978971481323,57.39061726161412,0.94017094373703,0.801175057888031,0.875,0.9817708730697632,0.7377777695655823,57.273268127441405,0.9375,0.8429323434829712
32,0.8999999761581421,0.9597190618515015,0.8998516798019409,57.25504172188895,0.8888888955116272,0.8539746403694153,0.875,0.9817708134651184,0.7377777695655823,57.150672149658206,0.9375,0.8490328788757324
33,0.9035714268684387,0.9611188769340515,0.9047069549560547,57.14868698120117,0.8954248428344727,0.8639954924583435,0.875,0.9830728769302368,0.7377777695655823,57.0343994140625,0.9375,0.8438453674316406
34,0.9321428537368774,0.9723116159439087,0.9152706861495972,56.98148215157645,0.9407407641410828,0.8570305109024048,0.875,0.9830728769302368,0.7377777695655823,56.91620101928711,0.9375,0.8425322771072388
35,0.9071428775787354,0.9646544456481934,0.9037167429924011,56.88769018990653,0.8835616707801819,0.8665294051170349,0.875,0.984375,0.7377777695655823,56.79855728149414,0.9375,0.8399049639701843
36,0.9071428775787354,0.9709159731864929,0.892253041267395,56.75621719360352,0.9402984976768494,0.8488322496414185,0.875,0.984375,0.7377777695655823,56.677137756347655,0.9375,0.8436479568481445
37,0.9321428537368774,0.9713023900985718,0.931016206741333,56.639293888637,0.9072847962379456,0.8708925247192383,0.875,0.984375,0.7377777695655823,56.56026000976563,0.9375,0.8414449691772461
38,0.9178571701049805,0.9757965803146362,0.9069713950157166,56.503256116594585,0.9236111044883728,0.8687874674797058,0.875,0.984375,0.7377777695655823,56.4444694519043,0.9375,0.8389201164245605
39,0.9392856955528259,0.9854052066802979,0.9347948431968689,56.36025695800781,0.9492753744125366,0.8600878119468689,0.875,0.984375,0.7377777695655823,56.323777770996095,0.9375,0.8430473208427429
40,0.8857142925262451,0.9633964896202087,0.8668438792228699,56.29563424246652,0.9069767594337463,0.8569753170013428,0.875,0.984375,0.7377777695655823,56.2018684387207,0.9375,0.848721981048584
41,0.9178571701049805,0.982347846031189,0.8958832621574402,56.12722396850586,0.9055117964744568,0.8709310293197632,0.875,0.984375,0.7377777695655823,56.08121795654297,0.9375,0.8529960513114929
42,0.9214285612106323,0.9736735224723816,0.8927558064460754,56.02862439836775,0.9285714030265808,0.8713434338569641,0.875,0.984375,0.7377777695655823,55.96377868652344,0.9375,0.8532528877258301
43,0.9285714030265808,0.9803831577301025,0.9140936136245728,55.89524416242327,0.9407407641410828,0.8886003494262695,0.875,0.984375,0.7377777695655823,55.84487533569336,0.9375,0.8560749888420105
44,0.9107142686843872,0.969618022441864,0.9048794507980347,55.81206872122628,0.9027777910232544,0.8725438714027405,0.875,0.984375,0.7377777695655823,55.72735061645508,0.9375,0.8563814163208008
45,0.9071428775787354,0.9643859267234802,0.8824983835220337,55.710295867919925,0.914893627166748,0.8698210716247559,0.875,0.984375,0.7377777695655823,55.60956649780273,0.9375,0.8571025133132935
46,0.9428571462631226,0.9835207462310791,0.9438421130180359,55.53568605695452,0.940397322177887,0.8929879069328308,0.875,0.984375,0.7377777695655823,55.49427185058594,0.9375,0.854607105255127
47,0.9214285612106323,0.9758162498474121,0.9063141345977783,55.44036952427455,0.9214285612106323,0.8410568237304688,0.875,0.984375,0.7377777695655823,55.375404357910156,0.9375,0.8567954897880554
48,0.9142857193946838,0.9852430820465088,0.9013379216194153,55.29722420828683,0.9264705777168274,0.865251898765564,0.875,0.984375,0.7377777695655823,55.257086181640624,0.9375,0.8595269918441772
49,0.9321428537368774,0.9804871678352356,0.9331516623497009,55.192190878731864,0.9200000166893005,0.8851931095123291,0.875,0.9843750596046448,0.7377777695655823,55.141424560546874,0.9375,0.8578435182571411
50,0.9178571701049805,0.9772182106971741,0.915369987487793,55.08341761997768,0.9064748287200928,0.8748802542686462,0.875,0.984375,0.7377777695655823,55.024775695800784,0.9375,0.8579584360122681
51,0.9214285612106323,0.9726922512054443,0.902721107006073,54.97459237234933,0.9307692050933838,0.8721188306808472,0.875,0.984375,0.7377777695655823,54.90693359375,0.9375,0.8597418665885925
52,0.9285714030265808,0.9812154769897461,0.920055627822876,54.83342917306083,0.9452054500579834,0.907845675945282,0.875,0.984375,0.7377777695655823,54.789371490478516,0.9375,0.8616316914558411
53,0.949999988079071,0.983768105506897,0.9446255564689636,54.71318163190569,0.9440559148788452,0.8949897885322571,0.875,0.984375,0.7377777695655823,54.67354965209961,0.9375,0.860767662525177
54,0.9142857193946838,0.9698242545127869,0.9163399934768677,54.64886540004185,0.899328887462616,0.8738958239555359,0.875,0.984375,0.7377777695655823,54.56130676269531,0.9375,0.8564084768295288
55,0.9214285612106323,0.9695903062820435,0.9169819355010986,54.52590800694057,0.914893627166748,0.8776103258132935,0.875,0.984375,0.7377777695655823,54.448733520507815,0.9375,0.8527787327766418
56,0.9392856955528259,0.9771683216094971,0.9314859509468079,54.38011049543108,0.9428571462631226,0.8913517594337463,0.875,0.984375,0.7377777695655823,54.331460571289064,0.9375,0.8549394607543945
57,0.9428571462631226,0.9882301688194275,0.9337949752807617,54.22772325788225,0.9411764740943909,0.8963927030563354,0.875,0.984375,0.7377777695655823,54.214228820800784,0.9375,0.8572691082954407
58,0.9107142686843872,0.9706392884254456,0.8942052721977234,54.171890585763116,0.8676470518112183,0.8610906600952148,0.875,0.9843750596046448,0.7377777695655823,54.098088073730466,0.9375,0.8586203455924988
59,0.9178571701049805,0.9868306517601013,0.910756528377533,54.00281731741769,0.9020978808403015,0.9052520990371704,0.875,0.984375,0.7377777695655823,53.9836311340332,0.9375,0.8574985265731812
60,0.9178571701049805,0.9783751964569092,0.911283552646637,53.922975594656805,0.9097222089767456,0.8985930681228638,0.875,0.984375,0.7377777695655823,53.87185211181641,0.9375,0.8538867831230164
61,0.9035714268684387,0.9699244499206543,0.901139497756958,53.835860988071985,0.9166666865348816,0.8762637376785278,0.875,0.984375,0.7377777695655823,53.75540390014648,0.9375,0.8559465408325195
62,0.9428571462631226,0.983251690864563,0.9306102395057678,53.67217014857701,0.9513888955116272,0.8970969915390015,0.875,0.984375,0.7377777695655823,53.63768463134765,0.9375,0.8595243692398071
63,0.9321428537368774,0.9772948026657104,0.9303833246231079,53.57042781284877,0.8992805480957031,0.8993377089500427,0.875,0.984375,0.7377777695655823,53.52485275268555,0.9375,0.8582512140274048
64,0.9178571701049805,0.9709679484367371,0.9212945103645325,53.48517172677176,0.8776978254318237,0.8977668881416321,0.875,0.984375,0.7377777695655823,53.41143646240234,0.9375,0.8572680354118347
65,0.9392856955528259,0.9856566190719604,0.9293299913406372,53.31507742745536,0.9416058659553528,0.8965112566947937,0.875,0.984375,0.7377777695655823,53.29887771606445,0.9375,0.8561168909072876
66,0.9357143044471741,0.9808400273323059,0.9396155476570129,53.227451869419646,0.9108280539512634,0.8732637166976929,0.875,0.9843750596046448,0.7377777695655823,53.188226318359376,0.9375,0.8529955148696899
67,0.9035714268684387,0.9764618873596191,0.8749536275863647,53.138087790352955,0.930232584476471,0.862942636013031,0.875,0.984375,0.7377777695655823,53.06759490966797,0.9375,0.8612709045410156
68,0.9178571701049805,0.979128360748291,0.8910239338874817,53.017277526855466,0.9492753744125366,0.8761968016624451,0.875,0.984375,0.7377777695655823,52.94990234375,0.9375,0.8661209940910339
69,0.9321428537368774,0.9789624214172363,0.9216758608818054,52.889556121826175,0.9338235259056091,0.8924042582511902,0.875,0.984375,0.7377777695655823,52.837109375,0.9375,0.8652170896530151
70,0.925000011920929,0.9836090803146362,0.8943641185760498,52.76587437220982,0.904411792755127,0.8987295627593994,0.875,0.984375,0.7377777695655823,52.72245635986328,0.9375,0.8675972819328308
71,0.9571428298950195,0.9908159375190735,0.9525970220565796,52.614080810546874,0.9640287756919861,0.9094922542572021,0.875,0.984375,0.7377777695655823,52.60955123901367,0.9375,0.8671181797981262
72,0.9428571462631226,0.9867308735847473,0.9478660821914673,52.53644616263254,0.926174521446228,0.8887616395950317,0.875,0.984375,0.7377777695655823,52.49719390869141,0.9375,0.8666971325874329
73,0.9392856955528259,0.9885453581809998,0.9254504442214966,52.41350675310407,0.9496402740478516,0.8857342600822449,0.875,0.984375,0.7377777695655823,52.3834587097168,0.9375,0.867952823638916
74,0.9285714030265808,0.9804177284240723,0.9284143447875977,52.330603572300504,0.9027777910232544,0.9043188095092773,0.875,0.984375,0.7377777695655823,52.2713020324707,0.9375,0.867355227470398
75,0.9392856955528259,0.9830704927444458,0.9349532127380371,52.2060663495745,0.9090909361839294,0.9212093949317932,0.875,0.984375,0.7377777695655823,52.16598129272461,0.9375,0.8596054911613464
76,0.949999988079071,0.992498517036438,0.9481857419013977,52.05208467755999,0.9647887349128723,0.8900893330574036,0.875,0.984375,0.7377777695655823,52.0516860961914,0.9375,0.8620699644088745
77,0.9642857313156128,0.9960706830024719,0.9597156047821045,51.92205341884068,0.9637681245803833,0.9121294021606445,0.875,0.984375,0.7377777695655823,51.938113403320315,0.9375,0.8637973666191101
78,0.9357143044471741,0.9770048260688782,0.9248934984207153,51.880242919921876,0.9300699234008789,0.8917133808135986,0.875,0.984375,0.7377777695655823,51.825286865234375,0.9375,0.8648262023925781
79,0.9428571462631226,0.9924300909042358,0.9390476942062378,51.713707951136996,0.9548872113227844,0.8892684578895569,0.875,0.9843750596046448,0.7377777695655823,51.710236358642575,0.9375,0.8684657216072083
80,0.9178571701049805,0.9756689667701721,0.9063509702682495,51.66601126534598,0.9264705777168274,0.8893491625785828,0.875,0.984375,0.7377777695655823,51.59621887207031,0.9375,0.8707408905029297
81,0.9178571701049805,0.9708393216133118,0.891452968120575,51.56855196271624,0.9179104566574097,0.8591500520706177,0.875,0.984375,0.7377777695655823,51.48510818481445,0.9375,0.8700578808784485
82,0.9321428537368774,0.9837976694107056,0.9223788380622864,51.41074894496373,0.9420289993286133,0.8978391885757446,0.875,0.984375,0.7377777695655823,51.371036529541016,0.9375,0.8732591867446899
83,0.9785714149475098,0.9959685802459717,0.9773242473602295,51.24501429966518,0.9788732528686523,0.9253619313240051,0.875,0.984375,0.7377777695655823,51.26115493774414,0.9375,0.8715607523918152
84,0.9285714030265808,0.9812051057815552,0.9029704928398132,51.19586868286133,0.9230769276618958,0.9025843739509583,0.875,0.984375,0.7377777695655823,51.14695816040039,0.9375,0.8747002482414246
85,0.9607142806053162,0.9932484030723572,0.9649879336357117,51.03229184831892,0.9523809552192688,0.9199838042259216,0.875,0.984375,0.7377777695655823,51.03737030029297,0.9375,0.8727529644966125
86,0.925000011920929,0.9717711210250854,0.9215013980865479,51.013979993547714,0.9127516746520996,0.8875675201416016,0.875,0.984375,0.7377777695655823,50.92647476196289,0.9375,0.8726323843002319
87,0.9178571701049805,0.9730743765830994,0.8829807639122009,50.89674857003348,0.9124087691307068,0.8884796500205994,0.875,0.984375,0.7377777695655823,50.81718139648437,0.9375,0.8712838888168335
88,0.9678571224212646,0.9957989454269409,0.968012809753418,50.69421811785017,0.9530201554298401,0.9366006255149841,0.875,0.984375,0.7377777695655823,50.71125106811523,0.9375,0.8665523529052734
89,0.949999988079071,0.9862441420555115,0.9525458216667175,50.61951501028879,0.926174521446228,0.9195631742477417,0.875,0.984375,0.7377777695655823,50.605037689208984,0.9375,0.8623818159103394
90,0.9571428298950195,0.9887827634811401,0.9465985894203186,50.496420070103234,0.9767441749572754,0.8892801403999329,0.875,0.984375,0.7377777695655823,50.4903205871582,0.9375,0.867667019367218
91,0.9357143044471741,0.9768574833869934,0.9286930561065674,50.43648321969169,0.9154929518699646,0.9102837443351746,0.875,0.984375,0.7377777695655823,50.381507873535156,0.9375,0.8660858273506165
92,0.9321428537368774,0.975592851638794,0.9191337823867798,50.32780075073242,0.9178082346916199,0.9062131643295288,0.875,0.984375,0.7377777695655823,50.27189254760742,0.9375,0.8656241297721863
93,0.9357143044471741,0.98768150806427,0.9275839924812317,50.17545329502651,0.9253731369972229,0.9016550183296204,0.875,0.984375,0.7377777695655823,50.16244125366211,0.9375,0.865134060382843
94,0.9178571701049805,0.979276180267334,0.8996866345405579,50.100020381382535,0.9090909361839294,0.9046558141708374,0.875,0.9843750596046448,0.7377777695655823,50.0494888305664,0.9375,0.8680882453918457
95,0.9321428537368774,0.9767786264419556,0.9221958518028259,49.988885498046876,0.9097744226455688,0.8736531138420105,0.875,0.984375,0.7377777695655823,49.94136276245117,0.9375,0.8671894073486328
96,0.949999988079071,0.9909831881523132,0.9386476874351501,49.83460246494838,0.9389312863349915,0.9100577235221863,0.875,0.984375,0.7377777695655823,49.82872848510742,0.9375,0.8705326914787292
97,0.9607142806053162,0.9935429096221924,0.9368583559989929,49.71053706577846,0.9720279574394226,0.9224728345870972,0.875,0.984375,0.7377777695655823,49.71734466552734,0.9375,0.8729998469352722
98,0.9285714030265808,0.9839245080947876,0.9203833341598511,49.64984534127372,0.9041095972061157,0.9263054728507996,0.875,0.984375,0.7377777695655823,49.61502914428711,0.9375,0.8665741086006165
99,0.9392856955528259,0.9876221418380737,0.9231829047203064,49.51938945225307,0.932330846786499,0.9052950143814087,0.875,0.984375,0.7377777695655823,49.506310272216794,0.9375,0.86663419008255
0,0.5214285850524902,0.510370135307312,0.045306116342544556,74.87297210693359,0.03100775182247162,0.7328519821166992,0.6000000238418579,0.3828125,0.0,74.7102554321289,0.0,0.7194104194641113
1,0.4821428656578064,0.46082040667533875,0.07537414133548737,74.81055755615235,0.0476190485060215,0.7072448134422302,0.6000000238418579,0.40234375,0.0,74.55787200927735,0.0,0.704674243927002
2,0.4892857074737549,0.5330934524536133,0.11705214530229568,74.5838893345424,0.0845070406794548,0.6879862546920776,0.6000000238418579,0.40625,0.0,74.40751342773437,0.0,0.6936260461807251
3,0.5428571701049805,0.5925982594490051,0.11394555866718292,74.36795588902065,0.0833333358168602,0.7042171359062195,0.6000000238418579,0.4166666567325592,0.0,74.2584945678711,0.0,0.6857162714004517
4,0.4928571283817291,0.4989791512489319,0.13222220540046692,74.29136003766742,0.09090909361839294,0.6739304661750793,0.6000000238418579,0.4375,0.0,74.10955810546875,0.0,0.6743832230567932
5,0.44999998807907104,0.5291025638580322,0.17884354293346405,74.1681400844029,0.1082802563905716,0.6626126170158386,0.6000000238418579,0.44921875,0.0,73.96133117675781,0.0,0.6620974540710449
6,0.5035714507102966,0.5761573910713196,0.11546483635902405,73.94342041015625,0.10218977928161621,0.6596212387084961,0.6000000238418579,0.4791666865348816,0.0,73.81381530761719,0.0,0.6517497301101685
7,0.4928571283817291,0.47715193033218384,0.19836735725402832,73.84877341134208,0.13698630034923553,0.6332905888557434,0.6000000238418579,0.5052083730697632,0.0,73.66718139648438,0.0,0.6420568227767944
8,0.5178571343421936,0.4632773995399475,0.16734692454338074,73.67040514264788,0.15199999511241913,0.616923987865448,0.6000000238418579,0.5286458134651184,0.0,73.52075805664063,0.0,0.639043927192688
9,0.5249999761581421,0.5279719829559326,0.2860172986984253,73.53619188581195,0.2377622425556183,0.6136589050292969,0.6000000238418579,0.5377604365348816,0.0,73.37495574951171,0.0,0.6329714059829712
10,0.5142857432365417,0.5217235684394836,0.2854647934436798,73.38870217459542,0.21917808055877686,0.5978773236274719,0.6000000238418579,0.5807291269302368,0.0,73.22983245849609,0.0,0.6259320974349976
11,0.5428571701049805,0.5370408296585083,0.3031972348690033,73.20824933733259,0.25190839171409607,0.6087841391563416,0.6000000238418579,0.5963541269302368,0.0,73.08493194580078,0.0,0.6226655840873718
12,0.4749999940395355,0.558091402053833,0.23662130534648895,73.09615652901786,0.1780821979045868,0.6305605173110962,0.6000000238418579,0.6484375,0.0,72.94127655029297,0.0,0.6132937669754028
13,0.47857141494750977,0.4403540790081024,0.3063099980354309,73.0143578665597,0.26618704199790955,0.5845333933830261,0.6000000238418579,0.640625,0.0,72.79883880615235,0.0,0.6054326891899109
14,0.44999998807907104,0.5005384683609009,0.3068706691265106,72.82151620047433,0.25999999046325684,0.5874750018119812,0.6000000238418579,0.6640625,0.0,72.65717926025391,0.0,0.5977899432182312
15,0.5357142686843872,0.5755384564399719,0.39045968651771545,72.63980843680245,0.3400000035762787,0.5787070393562317,0.6000000238418579,0.6497396230697632,0.0,72.5163818359375,0.0,0.5901597142219543
16,0.5357142686843872,0.6046517491340637,0.39480718970298767,72.47397112165179,0.3602941036224365,0.5903278589248657,0.6000000238418579,0.6653645634651184,0.0,72.37595977783204,0.0,0.5839212536811829
17,0.5785714387893677,0.48815181851387024,0.3303937315940857,72.37195369175502,0.31092438101768494,0.5820134282112122,0.6000000238418579,0.6744791865348816,0.0,72.2342025756836,0.0,0.5852056741714478
18,0.5392857193946838,0.5507692098617554,0.3603936731815338,72.22445068359374,0.36153846979141235,0.5910225510597229,0.6000000238418579,0.66796875,0.0,72.09316558837891,0.0,0.5844374895095825
19,0.5357142686843872,0.567962646484375,0.4015480875968933,72.07081080845424,0.3741007149219513,0.5792718529701233,0.6000000238418579,0.671875,0.0,71.95315246582031,0.0,0.5787010788917542
20,0.5,0.49747127294540405,0.34866824746131897,71.96297345842633,0.32592591643333435,0.5458860397338867,0.6000000238418579,0.6783853769302368,0.0,71.81232299804688,0.0,0.5778548121452332
21,0.49642857909202576,0.5532031059265137,0.38325709104537964,71.8304949079241,0.33125001192092896,0.5439504981040955,0.6000000238418579,0.6966146230697632,0.0,71.67371215820313,0.0,0.5692052841186523
22,0.5071428418159485,0.5804088115692139,0.42039573192596436,71.6515882219587,0.3624161183834076,0.58258455991745,0.6000000238418579,0.7200520634651184,0.0,71.53575592041015,0.0,0.559535801410675
23,0.5142857432365417,0.5299627184867859,0.4399319291114807,71.52514277866908,0.41258740425109863,0.5405861139297485,0.6000000238418579,0.7552083134651184,0.0,71.3967498779297,0.0,0.5556402206420898
24,0.5642856955528259,0.5836271047592163,0.45247989892959595,71.36196877615792,0.45185184478759766,0.5650171041488647,0.6000000238418579,0.7708333730697632,0.0,71.25628814697265,0.0,0.5560511946678162
25,0.5357142686843872,0.5804857015609741,0.49914655089378357,71.21562369210379,0.5033556818962097,0.5630144476890564,0.6000000238418579,0.78515625,0.0,71.11751098632813,0.0,0.5519442558288574
26,0.574999988079071,0.6246682405471802,0.5447577834129333,71.06330501011439,0.5724637508392334,0.554784893989563,0.6000000238418579,0.77734375,0.0,70.97784881591797,0.0,0.5521551370620728
27,0.5571428537368774,0.5943560004234314,0.49367964267730713,70.93418797084263,0.47826087474823,0.5459245443344116,0.625,0.79296875,0.07999999076128006,70.83804168701172,0.0625,0.5520086288452148
28,0.5714285969734192,0.5546292066574097,0.47018668055534363,70.82373853410994,0.4803149700164795,0.543574333190918,0.6499999761581421,0.8125,0.15999998152256012,70.69844055175781,0.125,0.5524291396141052
29,0.5357142686843872,0.5891543626785278,0.4351122975349426,70.66644330705915,0.4097222089767456,0.5534646511077881,0.6499999761581421,0.8307291269302368,0.15999998152256012,70.55896453857422,0.125,0.5537800192832947
30,0.5464285612106323,0.5826188921928406,0.4900082051753998,70.52469504220146,0.4577464759349823,0.5502258539199829,0.6499999761581421,0.8255208134651184,0.15999998152256012,70.4202667236328,0.125,0.5520519018173218
31,0.5857142806053162,0.6464584469795227,0.5299897193908691,70.35623692103795,0.5,0.5526115298271179,0.6499999761581421,0.8411458134651184,0.15999998152256012,70.28201446533203,0.125,0.549619197845459
32,0.6000000238418579,0.6125773787498474,0.5058503150939941,70.23470175606865,0.5037593841552734,0.5608909726142883,0.675000011920929,0.8489583730697632,0.2266666442155838,70.14310455322266,0.1875,0.5499440431594849
33,0.5464285612106323,0.6041198372840881,0.46520712971687317,70.11038687569754,0.45205479860305786,0.5598027110099792,0.675000011920929,0.8515625596046448,0.2266666442155838,70.0046142578125,0.1875,0.5482398271560669
34,0.5964285731315613,0.639797568321228,0.5502061247825623,69.94765428815569,0.5205479264259338,0.5681400299072266,0.7250000238418579,0.8658854365348816,0.3742856979370117,69.86633758544922,0.3125,0.5466068983078003
35,0.6357142925262451,0.6323627233505249,0.5772231817245483,69.81546696254185,0.6296296119689941,0.5537761449813843,0.7250000238418579,0.8606770634651184,0.3742856979370117,69.72756958007812,0.3125,0.5482362508773804
36,0.625,0.6884312629699707,0.5738539099693298,69.65031411307199,0.591549277305603,0.5537398457527161,0.7250000238418579,0.8606770634651184,0.3742856979370117,69.58945007324219,0.3125,0.5484139323234558
37,0.6142857074737549,0.6568974256515503,0.5594784617424011,69.52584010532924,0.5846154093742371,0.5571378469467163,0.7250000238418579,0.87109375,0.3742856979370117,69.4515151977539,0.3125,0.5484845042228699
38,0.6285714507102966,0.6922056078910828,0.5774458050727844,69.37327968052455,0.55474454164505,0.5615163445472717,0.7250000238418579,0.8658853769302368,0.3742856979370117,69.31267852783203,0.3125,0.5518973469734192
39,0.6107142567634583,0.6603575944900513,0.5999258160591125,69.2626460484096,0.5586206912994385,0.5544827580451965,0.7250000238418579,0.8645833134651184,0.3742856979370117,69.17562561035156,0.3125,0.5501493811607361
40,0.6214285492897034,0.6934487223625183,0.5352855324745178,69.10239977155413,0.5694444179534912,0.5941065549850464,0.699999988079071,0.875,0.44428569078445435,69.03912963867188,0.4375,0.5461786389350891
41,0.6892856955528259,0.732282280921936,0.6640382409095764,68.9455326625279,0.6690647602081299,0.5748955011367798,0.7749999761581421,0.875,0.5714285373687744,68.90186004638672,0.625,0.5446484684944153
42,0.6785714030265808,0.7493749856948853,0.6563282012939453,68.7941887991769,0.6241135001182556,0.5870489478111267,0.7749999761581421,0.8776041865348816,0.5992063283920288,68.76427612304687,0.6875,0.5451565384864807
43,0.6607142686843872,0.6986844539642334,0.6015151143074036,68.68925388881138,0.6060606241226196,0.5735146403312683,0.800000011920929,0.8802083134651184,0.5992063283920288,68.62598571777343,0.6875,0.5474942922592163
44,0.6321428418159485,0.7034591436386108,0.6212997436523438,68.56017063685826,0.5986841917037964,0.5621495842933655,0.7749999761581421,0.8828124403953552,0.5992063283920288,68.49051666259766,0.6875,0.5427576899528503
45,0.6499999761581421,0.7254661917686462,0.6283157467842102,68.40635572160993,0.6206896305084229,0.5847800374031067,0.800000011920929,0.8893229365348816,0.6277777552604675,68.35490264892579,0.75,0.539362907409668
46,0.6357142925262451,0.6908556818962097,0.6014223098754883,68.28771384102957,0.6275861859321594,0.5724471211433411,0.824999988079071,0.8919271230697632,0.6877777576446533,68.21869659423828,0.8125,0.5378303527832031
47,0.6357142925262451,0.6859563589096069,0.6266447901725769,68.16522957938058,0.6830986142158508,0.5616477131843567,0.824999988079071,0.90625,0.6877777576446533,68.08115997314454,0.8125,0.5394711494445801
48,0.6678571701049805,0.7270476222038269,0.6414408683776855,67.99846736363003,0.654411792755127,0.5783177018165588,0.824999988079071,0.91015625,0.6877777576446533,67.94393310546874,0.8125,0.5400675535202026
49,0.6964285969734192,0.7773724794387817,0.6762872934341431,67.83848724365234,0.699999988079071,0.5853379368782043,0.824999988079071,0.9205729365348816,0.6877777576446533,67.80526275634766,0.8125,0.5441514253616333
50,0.7107142806053162,0.765433669090271,0.7216336727142334,67.71535382952008,0.7315436005592346,0.5851253867149353,0.8500000238418579,0.9296875,0.7155555486679077,67.66818084716797,0.875,0.5446170568466187
51,0.6821428537368774,0.762025773525238,0.674691379070282,67.57913295200893,0.6688741445541382,0.5947853922843933,0.8500000238418579,0.9283853769302368,0.7269841432571411,67.53389434814453,0.9375,0.5387564897537231
52,0.6928571462631226,0.7617881298065186,0.6535962224006653,67.44721287318639,0.6521739363670349,0.587488055229187,0.8500000238418579,0.9361979365348816,0.7269841432571411,67.39675598144531,0.9375,0.540134608745575
53,0.6642857193946838,0.7298842072486877,0.6592041850090027,67.33197849818639,0.7050359845161438,0.5597810745239258,0.875,0.9388021230697632,0.7492063641548157,67.25964965820313,1.0,0.5426852107048035
54,0.6928571462631226,0.7830169200897217,0.6696021556854248,67.16393498011998,0.6830986142158508,0.5924025774002075,0.875,0.9492188096046448,0.7492063641548157,67.12195892333985,1.0,0.5450290441513062
55,0.7107142806053162,0.7308424711227417,0.6673922538757324,67.0716317313058,0.7165354490280151,0.5777238011360168,0.875,0.9544271230697632,0.7555555105209351,66.982470703125,0.9375,0.5518494844436646
56,0.7285714149475098,0.8086621761322021,0.7146196365356445,66.87945338657924,0.6715328693389893,0.6121026277542114,0.8999999761581421,0.9583333730697632,0.7777777910232544,66.84520721435547,1.0,0.5537201166152954
57,0.699999988079071,0.7661105394363403,0.701954185962677,66.77646920340402,0.7234042286872864,0.605928897857666,0.8999999761581421,0.9609375,0.7777777910232544,66.70718536376953,1.0,0.5577197670936584
58,0.8035714030265808,0.880364179611206,0.7975527048110962,66.56053466796875,0.7823129296302795,0.6439293622970581,0.8999999761581421,0.9622395634651184,0.7777777910232544,66.57137603759766,1.0,0.5558989644050598
59,0.7678571343421936,0.8427339196205139,0.7342732548713684,66.45464368547712,0.7299270033836365,0.6433053612709045,0.875,0.9648438096046448,0.7492063641548157,66.43458557128906,1.0,0.5569369196891785
60,0.7714285850524902,0.8275339007377625,0.7716387510299683,66.33062656947544,0.75,0.64293372631073,0.875,0.96484375,0.7492063641548157,66.2979751586914,1.0,0.5576440095901489
61,0.7571428418159485,0.8407043218612671,0.7294763326644897,66.17998417445591,0.7424242496490479,0.6463980674743652,0.875,0.9674478769302368,0.7492063641548157,66.16147308349609,1.0,0.5582311749458313
62,0.7928571701049805,0.8591684103012085,0.7674149870872498,66.04072527204241,0.8110235929489136,0.6607338786125183,0.875,0.9674478769302368,0.7492063641548157,66.02020874023438,1.0,0.5694307088851929
63,0.7642857432365417,0.8455837368965149,0.7267759442329407,65.91659589494978,0.7602739930152893,0.620483934879303,0.875,0.9674478769302368,0.7492063641548157,65.88468627929687,1.0,0.569713830947876
64,0.7714285850524902,0.8340309858322144,0.7569078803062439,65.80355137416295,0.8175182342529297,0.6408593654632568,0.875,0.9661458134651184,0.7492063641548157,65.74620513916015,1.0,0.5762583017349243
65,0.8107143044471741,0.8770651817321777,0.7921643853187561,65.62695704868861,0.8045112490653992,0.6637047529220581,0.8999999761581421,0.9674478769302368,0.7777777910232544,65.60594635009765,1.0,0.5869172811508179
66,0.7821428775787354,0.8645833730697632,0.7731291651725769,65.50285971505302,0.7708333134651184,0.678100049495697,0.8999999761581421,0.9674479365348816,0.7777777910232544,65.47022857666016,1.0,0.5882471203804016
67,0.7928571701049805,0.8815768957138062,0.7792737483978271,65.3523186819894,0.7651006579399109,0.6877277493476868,0.875,0.9674478769302368,0.7492063641548157,65.33761291503906,1.0,0.5841060876846313
68,0.7678571343421936,0.8694631457328796,0.7593609094619751,65.2328118460519,0.7535211443901062,0.6651346683502197,0.875,0.96875,0.7492063641548157,65.20083770751953,1.0,0.5884864330291748
69,0.7714285850524902,0.8749676942825317,0.7654955983161926,65.09933144705636,0.7483870983123779,0.6839826107025146,0.875,0.9674479365348816,0.7492063641548157,65.06788330078125,1.0,0.5847764015197754
70,0.7749999761581421,0.8579959869384766,0.7462995648384094,64.99062085832868,0.8175182342529297,0.646733820438385,0.875,0.9674478769302368,0.7492063641548157,64.92842864990234,1.0,0.5953218936920166
71,0.7928571701049805,0.8688198328018188,0.7715725302696228,64.85103759765624,0.8085106611251831,0.6626964807510376,0.875,0.9674479365348816,0.7492063641548157,64.792431640625,1.0,0.6002184152603149
72,0.800000011920929,0.8686896562576294,0.7839430570602417,64.7158693586077,0.8391608595848083,0.6619053483009338,0.875,0.9674479365348816,0.7492063641548157,64.65643310546875,1.0,0.6052123308181763
73,0.8107143044471741,0.8906378149986267,0.7897484302520752,64.55874960763114,0.8257575631141663,0.6716489791870117,0.8999999761581421,0.96875,0.7777777910232544,64.51675415039062,1.0,0.6178422570228577
74,0.800000011920929,0.8920255899429321,0.7714594006538391,64.42882734026227,0.7846153974533081,0.6767807006835938,0.8999999761581421,0.9700520634651184,0.7777777910232544,64.37678833007813,1.0,0.6321331262588501
75,0.824999988079071,0.8938117027282715,0.8323891758918762,64.2986567905971,0.7894737124443054,0.717530369758606,0.8999999761581421,0.9700521230697632,0.7777777910232544,64.24498443603515,1.0,0.6294872760772705
76,0.7821428775787354,0.8854337930679321,0.7507359385490417,64.17353613717215,0.8046875,0.6874624490737915,0.8999999761581421,0.9700520634651184,0.7777777910232544,64.10682830810546,1.0,0.6409568190574646
77,0.7857142686843872,0.8814593553543091,0.7602576017379761,64.05325829642159,0.7720588445663452,0.6969760656356812,0.8999999761581421,0.97265625,0.7777777910232544,63.972720336914065,1.0,0.6448739171028137
78,0.8428571224212646,0.9123871326446533,0.8531103134155273,63.88599406651088,0.8580645322799683,0.7115558981895447,0.8999999761581421,0.9713541269302368,0.7777777910232544,63.843206787109374,1.0,0.6392320394515991
79,0.8321428298950195,0.9061475992202759,0.7920820713043213,63.75575626918248,0.7954545617103577,0.7324361801147461,0.8999999761581421,0.97265625,0.7777777910232544,63.7053726196289,1.0,0.6523995399475098
80,0.8678571581840515,0.9428061246871948,0.8525046110153198,63.58512954711914,0.8571428656578064,0.7517974972724915,0.8999999761581421,0.9713541865348816,0.7777777910232544,63.57383346557617,1.0,0.6525136828422546
81,0.824999988079071,0.8884721398353577,0.7965346574783325,63.525745173863,0.8239436745643616,0.7178199887275696,0.8999999761581421,0.97265625,0.7777777910232544,63.43977661132813,1.0,0.6592653393745422
82,0.8821428418159485,0.9350377917289734,0.871209979057312,63.33643068586077,0.9014084339141846,0.7470365166664124,0.8999999761581421,0.97265625,0.7777777910232544,63.30723266601562,1.0,0.6628931760787964
83,0.8642857074737549,0.9412380456924438,0.8568932414054871,63.19219382149833,0.8913043737411499,0.7392459511756897,0.8999999761581421,0.9752604961395264,0.7777777910232544,63.17390594482422,1.0,0.6670671701431274
84,0.8321428298950195,0.9122093915939331,0.8249597549438477,63.10552073887416,0.8206896781921387,0.7635562419891357,0.8999999761581421,0.9752604365348816,0.7777777910232544,63.0434066772461,1.0,0.6677395105361938
85,0.8535714149475098,0.9386772513389587,0.8300556540489197,62.944329833984376,0.9090909361839294,0.7322238087654114,0.8999999761581421,0.9752603769302368,0.7777777910232544,62.91033782958984,1.0,0.6739073991775513
86,0.8714285492897034,0.9458741545677185,0.8496825695037842,62.80948170253209,0.845588207244873,0.7504628300666809,0.8999999761581421,0.9765625,0.7777777910232544,62.77484130859375,1.0,0.6855357885360718
87,0.8714285492897034,0.9388522505760193,0.8600882887840271,62.68594970703125,0.8707482814788818,0.7522690296173096,0.8999999761581421,0.9765625,0.7777777910232544,62.645043182373044,1.0,0.6864646077156067
88,0.8642857074737549,0.9297062754631042,0.8601050972938538,62.57356327601841,0.8620689511299133,0.769519031047821,0.8999999761581421,0.9752604365348816,0.7777777910232544,62.51919937133789,1.0,0.6807223558425903
89,0.8678571581840515,0.9356697797775269,0.8666185140609741,62.43337108067104,0.8496732115745544,0.7733092308044434,0.8999999761581421,0.9765625,0.7777777910232544,62.39082641601563,1.0,0.6806850433349609
90,0.875,0.9270855188369751,0.8784342408180237,62.322898864746094,0.8698630332946777,0.7431017756462097,0.8999999761581421,0.9765625,0.7777777910232544,62.26197128295898,1.0,0.6819481253623962
91,0.8535714149475098,0.9369259476661682,0.8399336338043213,62.172123609270365,0.8521126508712769,0.7772287726402283,0.8999999761581421,0.9752603769302368,0.7777777910232544,62.13204116821289,1.0,0.6856027841567993
92,0.8678571581840515,0.9473294615745544,0.8606430888175964,62.03518883841378,0.9027777910232544,0.7455887794494629,0.8999999761581421,0.9765625,0.7777777910232544,62.001888275146484,1.0,0.6895431280136108
93,0.8571428656578064,0.9364240169525146,0.8511750102043152,61.9293947492327,0.9111111164093018,0.7325613498687744,0.8999999761581421,0.9765625,0.7777777910232544,61.865962982177734,1.0,0.7030068635940552
94,0.8821428418159485,0.9379111528396606,0.8620613813400269,61.79399664742606,0.8671875,0.7654945254325867,0.8999999761581421,0.9778646230697632,0.7777777910232544,61.731099700927736,1.0,0.7166476249694824
95,0.8464285731315613,0.9314146041870117,0.8411245346069336,61.69163818359375,0.8591549396514893,0.7371981739997864,0.8999999761581421,0.9778646230697632,0.7777777910232544,61.6005744934082,1.0,0.7225252985954285
96,0.8607142567634583,0.9390829205513,0.8482826948165894,61.53941279820034,0.8308823704719543,0.7793830037117004,0.8999999761581421,0.9791666865348816,0.7777777910232544,61.470096588134766,1.0,0.7293088436126709
97,0.8892857432365417,0.9514261484146118,0.8855205178260803,61.39140919276646,0.8652482032775879,0.7951561808586121,0.8999999761581421,0.9791666865348816,0.7777777910232544,61.341912841796876,1.0,0.7311962842941284
98,0.8607142567634583,0.9369760751724243,0.848167359828949,61.29441626412528,0.8731343150138855,0.7763484120368958,0.8999999761581421,0.9791666269302368,0.7777777910232544,61.21194915771484,1.0,0.73692786693573
99,0.8857142925262451,0.9520310163497925,0.8754517436027527,61.157351575578964,0.9014084339141846,0.7818025946617126,0.875,0.9791666865348816,0.7377777695655823,61.08204345703125,0.9375,0.7432241439819336
0,0.8392857313156128,0.9206671118736267,0.8058029413223267,61.07246965680804,0.8396946787834167,0.7808243036270142,0.875,0.9791666269302368,0.7377777695655823,60.9544921875,0.9375,0.7469826936721802
1,0.8928571343421936,0.9337706565856934,0.8824819326400757,60.92150181361607,0.8881118893623352,0.7869221568107605,0.875,0.9791666269302368,0.7377777695655823,60.82810516357422,0.9375,0.748369574546814
2,0.8892857432365417,0.9327973127365112,0.8630608320236206,60.818271963936944,0.8571428656578064,0.779046356678009,0.8999999761581421,0.9791666865348816,0.7777777910232544,60.70668182373047,1.0,0.7414951920509338
3,0.8928571343421936,0.9684789180755615,0.8710759878158569,60.61780188424247,0.9069767594337463,0.7806926369667053,0.8999999761581421,0.9791666269302368,0.7777777910232544,60.576715087890626,1.0,0.7492045164108276
4,0.875,0.9467166662216187,0.8630937933921814,60.52887453351702,0.875,0.7978196740150452,0.875,0.9791666865348816,0.7377777695655823,60.44720687866211,0.9375,0.7574857473373413
5,0.8928571343421936,0.9485312700271606,0.8896368741989136,60.389485822405135,0.9034482836723328,0.8085085153579712,0.875,0.9791666865348816,0.7377777695655823,60.32185363769531,0.9375,0.7595385313034058
6,0.8785714507102966,0.9351794719696045,0.864126980304718,60.303779929024834,0.8769230842590332,0.7746534943580627,0.875,0.9804686903953552,0.7377777695655823,60.19467544555664,0.9375,0.7645469903945923
7,0.8357142806053162,0.9285932779312134,0.8236422538757324,60.19837581089565,0.801369845867157,0.8018527626991272,0.875,0.9817708134651184,0.7377777695655823,60.06917190551758,0.9375,0.7676500082015991
8,0.9035714268684387,0.965533971786499,0.9010740518569946,59.997105189732146,0.8794326186180115,0.8225890398025513,0.8999999761581421,0.9817708730697632,0.7777777910232544,59.94702987670898,1.0,0.7644143104553223
9,0.9071428775787354,0.9700469970703125,0.901934027671814,59.854081181117465,0.9041095972061157,0.8218592405319214,0.8999999761581421,0.9817708134651184,0.7777777910232544,59.823796081542966,1.0,0.7633709907531738
10,0.8428571224212646,0.924877405166626,0.8276602625846863,59.83489140101842,0.8258064389228821,0.7816426753997803,0.8999999761581421,0.9817708730697632,0.7777777910232544,59.70612258911133,1.0,0.7546037435531616
11,0.8928571343421936,0.9616857767105103,0.8814716935157776,59.6339234488351,0.8888888955116272,0.782036542892456,0.8999999761581421,0.9817708730697632,0.7777777910232544,59.576416015625,1.0,0.7649279832839966
12,0.9214285612106323,0.9653043150901794,0.9112223982810974,59.49464885166713,0.9064748287200928,0.8429957032203674,0.8999999761581421,0.9817708730697632,0.7777777910232544,59.45259399414063,1.0,0.7660636305809021
13,0.8607142567634583,0.9316147565841675,0.8658336997032166,59.45122876848493,0.8571428656578064,0.798749566078186,0.8999999761581421,0.9830728769302368,0.7777777910232544,59.33386077880859,1.0,0.7600972056388855
14,0.8964285850524902,0.9662500619888306,0.8561327457427979,59.27937622070313,0.9583333134651184,0.7754718661308289,0.8999999761581421,0.9830728769302368,0.7777777910232544,59.20133743286133,1.0,0.7753764390945435
15,0.8857142925262451,0.9512730836868286,0.8757944107055664,59.16812428065709,0.8848921060562134,0.8121657371520996,0.875,0.984375,0.7377777695655823,59.074205780029295,0.9375,0.7827752828598022
16,0.8964285850524902,0.9460233449935913,0.8861011266708374,59.05775745936803,0.8835616707801819,0.8463661670684814,0.8999999761581421,0.984375,0.7777777910232544,58.953199005126955,1.0,0.7804850935935974
17,0.9214285612106323,0.9748924374580383,0.9244337677955627,58.86508625575474,0.912162184715271,0.8373315930366516,0.8999999761581421,0.984375,0.7777777910232544,58.836080169677736,1.0,0.7725390195846558
18,0.9035714268684387,0.951152503490448,0.8948215842247009,58.80356543404715,0.9006622433662415,0.8138282895088196,0.8999999761581421,0.984375,0.7777777910232544,58.71284103393555,1.0,0.7744110822677612
19,0.8714285492897034,0.9615384340286255,0.8495917916297913,58.65474602835519,0.8769230842590332,0.8065396547317505,0.8999999761581421,0.984375,0.7777777910232544,58.58800582885742,1.0,0.7791138887405396
20,0.8928571343421936,0.9489051103591919,0.8842540979385376,58.56534445626395,0.8905109763145447,0.8186723589897156,0.8999999761581421,0.984375,0.7777777910232544,58.46091079711914,1.0,0.7875193357467651
21,0.8857142925262451,0.9427031874656677,0.8660274744033813,58.45690928867885,0.9051094651222229,0.8055115342140198,0.8999999761581421,0.984375,0.7777777910232544,58.336203002929686,1.0,0.7924932241439819
22,0.8964285850524902,0.9646743535995483,0.8962581157684326,58.28242307390485,0.8965517282485962,0.85439532995224,0.8999999761581421,0.984375,0.7777777910232544,58.215615844726564,1.0,0.7916528582572937
23,0.925000011920929,0.9705235958099365,0.9212014079093933,58.14507053920201,0.9241379499435425,0.8493829369544983,0.8999999761581421,0.984375,0.7777777910232544,58.090928649902345,1.0,0.7973504662513733
24,0.8785714507102966,0.9548771977424622,0.8514120578765869,58.07548086983817,0.8978102207183838,0.8089287877082825,0.8999999761581421,0.984375,0.7777777910232544,57.967308807373044,1.0,0.8014785051345825
25,0.9071428775787354,0.9585630893707275,0.8901112675666809,57.93906478881836,0.9191176295280457,0.822249710559845,0.8999999761581421,0.984375,0.7777777910232544,57.844139099121094,1.0,0.805228054523468
26,0.9142857193946838,0.96826171875,0.9135949015617371,57.798732430594306,0.9276315569877625,0.8357309103012085,0.8999999761581421,0.984375,0.7777777910232544,57.72363510131836,1.0,0.8051263093948364
27,0.9071428775787354,0.9723035097122192,0.8904309272766113,57.6761234828404,0.9534883499145508,0.8116666674613953,0.875,0.984375,0.7377777695655823,57.59934997558594,0.9375,0.8111746907234192
28,0.8964285850524902,0.9603745341300964,0.8945659399032593,57.5712400163923,0.9130434989929199,0.8425447344779968,0.875,0.984375,0.7377777695655823,57.47608642578125,0.9375,0.8155874013900757
29,0.8964285850524902,0.9732179045677185,0.8950687646865845,57.43170994349888,0.904411792755127,0.8328715562820435,0.8999999761581421,0.984375,0.7377777695655823,57.352525329589845,0.9375,0.820626437664032
30,0.8678571581840515,0.9499486684799194,0.8495268225669861,57.35982829502651,0.8692307472229004,0.7978100776672363,0.8999999761581421,0.9856771230697632,0.7377777695655823,57.23324813842773,0.9375,0.8195174932479858
31,0.8892857432365417,0.9563119411468506,0.8728341460227966,57.22903791155134,0.8759689927101135,0.8297056555747986,0.8999999761581421,0.984375,0.7377777695655823,57.11032943725586,0.9375,0.8255974650382996
32,0.8857142925262451,0.9531378149986267,0.8764498233795166,57.11940460205078,0.8581081032752991,0.8614112138748169,0.8999999761581421,0.984375,0.7777777910232544,56.994947052001955,1.0,0.8195552825927734
33,0.9071428775787354,0.9690059423446655,0.9054813385009766,56.95557817731585,0.8783783912658691,0.8775720000267029,0.8999999761581421,0.9869792461395264,0.7777777910232544,56.879452514648435,1.0,0.8139073252677917
34,0.9035714268684387,0.9609769582748413,0.8870603442192078,56.863914707728796,0.9230769276618958,0.8247851133346558,0.8999999761581421,0.9869792461395264,0.7777777910232544,56.7579460144043,1.0,0.8165310025215149
35,0.9321428537368774,0.9686478972434998,0.920317530632019,56.705116271972656,0.9411764740943909,0.8624787926673889,0.8999999761581421,0.9869791865348816,0.7777777910232544,56.63624496459961,1.0,0.8204630017280579
36,0.8964285850524902,0.9599866271018982,0.8930364847183228,56.623164367675784,0.9084967374801636,0.8466413617134094,0.8999999761581421,0.9869791865348816,0.7777777910232544,56.51947021484375,1.0,0.8169941902160645
37,0.8999999761581421,0.9662820100784302,0.8946236968040466,56.483567810058595,0.8866666555404663,0.842888593673706,0.8999999761581421,0.9869791269302368,0.7777777910232544,56.403316497802734,1.0,0.813065230846405
38,0.9285714030265808,0.9690814018249512,0.8950669169425964,56.36849365234375,0.9236640930175781,0.8410069346427917,0.8999999761581421,0.9869791865348816,0.7777777910232544,56.28005142211914,1.0,0.8199154138565063
39,0.9142857193946838,0.9720138311386108,0.9153174161911011,56.23833509172712,0.8947368264198303,0.8662678599357605,0.8999999761581421,0.9869791269302368,0.7777777910232544,56.16268081665039,1.0,0.8182633519172668
40,0.9035714268684387,0.9456910490989685,0.9015601873397827,56.178433881487166,0.8904109597206116,0.8568931818008423,0.8999999761581421,0.9869791269302368,0.7777777910232544,56.04587173461914,1.0,0.8164278268814087
41,0.9178571701049805,0.9734336733818054,0.8877756595611572,56.004360743931365,0.9469696879386902,0.8451606631278992,0.8999999761581421,0.9869791269302368,0.7777777910232544,55.92627105712891,1.0,0.8188902735710144
42,0.9142857193946838,0.9624744653701782,0.9120571613311768,55.90592487880162,0.9142857193946838,0.8475968837738037,0.8999999761581421,0.9869791269302368,0.7777777910232544,55.806016540527345,1.0,0.8227471113204956
43,0.8999999761581421,0.9582056999206543,0.889703094959259,55.803066689627514,0.8819444179534912,0.8463996052742004,0.8999999761581421,0.9869791269302368,0.7777777910232544,55.68502502441406,1.0,0.8274132609367371
44,0.9142857193946838,0.9709854125976562,0.8887754678726196,55.656507764543804,0.9285714030265808,0.8419604301452637,0.925000011920929,0.9869791865348816,0.7777777910232544,55.563306427001955,1.0,0.8342873454093933
45,0.925000011920929,0.9698936343193054,0.9297916889190674,55.5267945425851,0.9041095972061157,0.8734192252159119,0.925000011920929,0.9869791269302368,0.7777777910232544,55.44747314453125,1.0,0.8325351476669312
46,0.9214285612106323,0.9783141613006592,0.9218172430992126,55.3952392578125,0.931034505367279,0.8649640083312988,0.8999999761581421,0.9869791865348816,0.7777777910232544,55.33180618286133,1.0,0.8300977945327759
47,0.8714285492897034,0.9593614339828491,0.8554068207740784,55.33563799176898,0.8962963223457336,0.8320507407188416,0.8999999761581421,0.9869791865348816,0.7777777910232544,55.214227294921876,1.0,0.8318147659301758
48,0.8714285492897034,0.9590709209442139,0.8747161030769348,55.22370365687779,0.8322580456733704,0.8635697364807129,0.8999999761581421,0.9869791865348816,0.7777777910232544,55.10053176879883,1.0,0.8274809122085571
49,0.8821428418159485,0.9618611335754395,0.829797625541687,55.10876813616071,0.9186992049217224,0.826306939125061,0.925000011920929,0.9869792461395264,0.7777777910232544,54.9801628112793,1.0,0.8339183926582336
0,0.5142857432365417,0.5314429998397827,0.5074149370193481,74.75528346470423,0.5839415788650513,0.47428110241889954,0.4000000059604645,0.7825520634651184,0.5296036601066589,74.64879302978515,1.0,0.47168436646461487
1,0.5107142925262451,0.5342416763305664,0.5066509246826172,74.59723183768136,0.5845070481300354,0.48237183690071106,0.4000000059604645,0.8111978769302368,0.5296036601066589,74.50367431640625,1.0,0.47221845388412476
2,0.5714285969734192,0.5819764137268066,0.5744320750236511,74.43292824881418,0.6223776340484619,0.48563113808631897,0.4000000059604645,0.84375,0.5296036601066589,74.3577667236328,1.0,0.47455015778541565
3,0.5071428418159485,0.5167272686958313,0.5023128986358643,74.31373792375837,0.580152690410614,0.48663532733917236,0.4000000059604645,0.859375,0.5296036601066589,74.21015930175781,1.0,0.48051613569259644
4,0.5392857193946838,0.5652828812599182,0.5459421873092651,74.14944283621652,0.6041666865348816,0.485373854637146,0.4000000059604645,0.8736979365348816,0.5296036601066589,74.06392211914063,1.0,0.4832947254180908
5,0.5285714268684387,0.5428439974784851,0.5082736611366272,74.01900918143136,0.6060606241226196,0.4770638048648834,0.44999998807907104,0.8802083730697632,0.542424201965332,73.91675415039063,1.0,0.4897511601448059
6,0.574999988079071,0.5957593321800232,0.5482374429702759,73.84686671665736,0.5845070481300354,0.5244517922401428,0.44999998807907104,0.89453125,0.542424201965332,73.77201538085937,1.0,0.4904766082763672
7,0.5392857193946838,0.5611989498138428,0.5177550911903381,73.71713017054967,0.5442177057266235,0.494432657957077,0.44999998807907104,0.91796875,0.542424201965332,73.62885131835938,1.0,0.4878440797328949
8,0.5214285850524902,0.5046693086624146,0.5166851878166199,73.61641758510045,0.5633803009986877,0.4919951856136322,0.44999998807907104,0.9205729365348816,0.542424201965332,73.48436584472657,1.0,0.4900716245174408
9,0.5857142806053162,0.6043931245803833,0.5860214829444885,73.40985477992467,0.631205677986145,0.5090436935424805,0.4749999940395355,0.9283854365348816,0.5575757026672363,73.340673828125,1.0,0.49074238538742065
10,0.5035714507102966,0.5125771760940552,0.4947845935821533,73.31602696010044,0.5323740839958191,0.4780164957046509,0.4749999940395355,0.9453125,0.5575757026672363,73.19647674560547,1.0,0.493175208568573
11,0.48571428656578064,0.4932139217853546,0.45829930901527405,73.18496289934431,0.48201438784599304,0.4936012327671051,0.625,0.9466146230697632,0.6072726845741272,73.05138702392578,1.0,0.4977254867553711
12,0.5571428537368774,0.5477648377418518,0.5217357277870178,73.01505366734096,0.5797101259231567,0.49727997183799744,0.675000011920929,0.94921875,0.6351515054702759,72.9083755493164,1.0,0.499014675617218
13,0.550000011920929,0.5373214483261108,0.5049712061882019,72.88738861083985,0.5642856955528259,0.5067415237426758,0.75,0.9531250596046448,0.6732467412948608,72.76615295410156,1.0,0.5013794898986816
14,0.5142857432365417,0.5260344743728638,0.502578854560852,72.75229862758091,0.5714285969734192,0.4911918640136719,0.800000011920929,0.9518229365348816,0.6933333277702332,72.62327423095704,0.875,0.5069109797477722
15,0.5892857313156128,0.588172197341919,0.5710479617118835,72.57903050013951,0.6164383292198181,0.5242131948471069,0.7749999761581421,0.9466145634651184,0.687373697757721,72.48423309326172,1.0,0.5021945238113403
16,0.550000011920929,0.5502051115036011,0.5203339457511902,72.4645998273577,0.5538461804389954,0.5116545557975769,0.7749999761581421,0.9283854365348816,0.6711111068725586,72.34217681884766,0.875,0.5079091787338257
17,0.5392857193946838,0.5578998327255249,0.4826774597167969,72.31167580740792,0.5563910007476807,0.5010884404182434,0.824999988079071,0.92578125,0.6933333277702332,72.20093688964843,0.875,0.5108412504196167
18,0.5464285612106323,0.5448675155639648,0.53331059217453,72.18301827566964,0.5664335489273071,0.506614089012146,0.7749999761581421,0.9270833134651184,0.6711111068725586,72.0622329711914,0.875,0.5077886581420898
19,0.5678571462631226,0.6020944714546204,0.5324850678443909,72.01766880580357,0.5241379141807556,0.5288216471672058,0.75,0.9088541269302368,0.648888885974884,71.9236083984375,0.875,0.5052114725112915
20,0.5928571224212646,0.6263308525085449,0.5722943544387817,71.85722394670759,0.6081081032752991,0.5350504517555237,0.699999988079071,0.9049478769302368,0.6338816285133362,71.78529357910156,0.9375,0.5016331672668457
21,0.5392857193946838,0.5544498562812805,0.5363553762435913,71.75620313371931,0.5633803009986877,0.47360894083976746,0.6499999761581421,0.89453125,0.6050504446029663,71.64662017822266,0.9375,0.4999176859855652
22,0.5714285969734192,0.6016071438789368,0.575238049030304,71.59334280831473,0.6428571343421936,0.5204979777336121,0.7749999761581421,0.8854167461395264,0.6707070469856262,71.50541076660156,0.9375,0.5059982538223267
23,0.5285714268684387,0.5457352995872498,0.5039970874786377,71.4832532610212,0.5524475574493408,0.5101749300956726,0.7250000238418579,0.8841145634651184,0.6529291868209839,71.36674194335937,0.9375,0.5049154162406921
24,0.5214285850524902,0.5206209421157837,0.4915492534637451,71.35333709716797,0.5503355860710144,0.49121204018592834,0.6499999761581421,0.8763021230697632,0.6195958852767944,71.22902221679688,0.9375,0.5012029409408569
25,0.5821428298950195,0.6305168867111206,0.5645577311515808,71.16896471296037,0.6241135001182556,0.5214112401008606,0.6499999761581421,0.87890625,0.6195958852767944,71.0906494140625,0.9375,0.5004106163978577
26,0.5249999761581421,0.5594418048858643,0.4967316687107086,71.06593148367746,0.625,0.47861573100090027,0.75,0.8880208134651184,0.6388888359069824,70.94858245849609,0.8125,0.5102822184562683
27,0.5785714387893677,0.6358205080032349,0.50832200050354,70.8700958251953,0.5615384578704834,0.5405176877975464,0.7749999761581421,0.8802083730697632,0.6333333253860474,70.8085693359375,0.75,0.5154441595077515
28,0.6000000238418579,0.62142014503479,0.5673181414604187,70.75128326416015,0.6106870174407959,0.5227124691009521,0.8500000238418579,0.8697916865348816,0.6814285516738892,70.66873931884766,0.75,0.5199732780456543
29,0.625,0.6562964916229248,0.5946167707443237,70.595728628976,0.5827814340591431,0.5551290512084961,0.824999988079071,0.8815104961395264,0.6814285516738892,70.531005859375,0.75,0.5183239579200745
30,0.550000011920929,0.5810369253158569,0.5051885843276978,70.497874886649,0.52173912525177,0.5258434414863586,0.824999988079071,0.8815104365348816,0.6814285516738892,70.39241027832031,0.75,0.5198794007301331
31,0.574999988079071,0.606081485748291,0.5325929522514343,70.34877341134208,0.5864661931991577,0.5428825616836548,0.824999988079071,0.8841146230697632,0.6433333158493042,70.25294189453125,0.6875,0.5238255858421326
32,0.6107142567634583,0.6495274305343628,0.5880653858184814,70.19022521972656,0.6275861859321594,0.5346457362174988,0.824999988079071,0.8854166865348816,0.6814285516738892,70.11692352294922,0.75,0.519173264503479
33,0.5714285969734192,0.6003401279449463,0.585552453994751,70.0858622959682,0.5844155550003052,0.5030785202980042,0.75,0.890625,0.6755555272102356,69.98102722167968,0.875,0.5143625140190125
34,0.6392857432365417,0.6734693646430969,0.6249040961265564,69.90726819719588,0.6499999761581421,0.5347740650177002,0.7250000238418579,0.8984375,0.657777726650238,69.84256591796876,0.875,0.5154937505722046
35,0.5642856955528259,0.605979323387146,0.5129746198654175,69.80643092564173,0.5277777910232544,0.5462213754653931,0.7250000238418579,0.9036458730697632,0.657777726650238,69.70476837158203,0.875,0.514548122882843
36,0.5785714387893677,0.6314659714698792,0.5585095286369324,69.65435769217355,0.568493127822876,0.5459116697311401,0.699999988079071,0.9088541269302368,0.6311110258102417,69.56741027832031,0.875,0.513715386390686
37,0.6071428656578064,0.6449345350265503,0.5658853054046631,69.5101787022182,0.5890411138534546,0.5425784587860107,0.699999988079071,0.90625,0.6311110258102417,69.43015594482422,0.875,0.5125370025634766
38,0.6535714268684387,0.6880486011505127,0.6138135194778442,69.35657435825892,0.6744186282157898,0.5438984036445618,0.7749999761581421,0.9075520634651184,0.6755555272102356,69.28953247070312,0.875,0.5203606486320496
39,0.6321428418159485,0.6987109184265137,0.638331413269043,69.2073758806501,0.6289308071136475,0.5629053711891174,0.75,0.9140625,0.648888885974884,69.15234985351563,0.875,0.5198600888252258
40,0.6642857193946838,0.7083929777145386,0.641424298286438,69.07413308279855,0.6492537260055542,0.5531312227249146,0.75,0.9192708134651184,0.648888885974884,69.01393280029296,0.875,0.5225652456283569
41,0.6285714507102966,0.687372088432312,0.6185776591300964,68.95132141113281,0.5945945978164673,0.5734589695930481,0.7250000238418579,0.9205729365348816,0.6311110258102417,68.877880859375,0.875,0.5198297500610352
42,0.6821428537368774,0.7590038776397705,0.6205275654792786,68.76079929896764,0.6370370388031006,0.6103410720825195,0.75,0.9231770634651184,0.653333306312561,68.7403793334961,0.9375,0.5211703777313232
43,0.6714285612106323,0.7480475902557373,0.6446092128753662,68.64075251988002,0.6573426723480225,0.5892835259437561,0.800000011920929,0.921875,0.6888888478279114,68.60021362304687,0.9375,0.5278111696243286
44,0.6785714030265808,0.7368770241737366,0.6103915572166443,68.51462424142021,0.6323529481887817,0.5770207643508911,0.800000011920929,0.9296875,0.6888888478279114,68.46234436035157,0.9375,0.5301868319511414
45,0.7321428656578064,0.7871726751327515,0.7090248465538025,68.34433179582868,0.6783216595649719,0.6271676421165466,0.7749999761581421,0.9348958134651184,0.6711111068725586,68.32464141845703,0.9375,0.5311103463172913
46,0.7571428418159485,0.8346434831619263,0.7441675066947937,68.19367065429688,0.7956204414367676,0.5898351073265076,0.824999988079071,0.9388021230697632,0.7155555486679077,68.18397827148438,0.9375,0.5390055775642395
47,0.6857143044471741,0.7808660864830017,0.6341826915740967,68.08446001325335,0.6666666865348816,0.5960327982902527,0.875,0.94140625,0.7377777695655823,68.04293060302734,0.9375,0.548153281211853
48,0.675000011920929,0.761206328868866,0.6774705648422241,67.96578892299107,0.6339869499206543,0.6056179404258728,0.824999988079071,0.9375,0.7155555486679077,67.9077651977539,0.9375,0.5446937680244446
49,0.6928571462631226,0.7731953859329224,0.6185816526412964,67.82090301513672,0.6717557311058044,0.6134474277496338,0.824999988079071,0.9401041865348816,0.7155555486679077,67.7685043334961,0.9375,0.5497278571128845
0,0.7107142806053162,0.8029955625534058,0.6797505617141724,67.66780569893973,0.6549295783042908,0.6405324339866638,0.800000011920929,0.9505208730697632,0.6977777481079102,67.63126983642579,0.9375,0.5504775643348694
1,0.7428571581840515,0.8446494340896606,0.6942506432533264,67.49953417096819,0.7265625,0.6471496820449829,0.8500000238418579,0.9505208730697632,0.7377777695655823,67.49004669189453,0.9375,0.5601072311401367
2,0.7392857074737549,0.8118270635604858,0.7180333733558655,67.40285121372767,0.7050359845161438,0.6083011031150818,0.875,0.9505208730697632,0.7377777695655823,67.35081787109375,0.9375,0.5667877197265625
3,0.75,0.8349969387054443,0.7121047377586365,67.24974081856864,0.6824324131011963,0.6443701982498169,0.800000011920929,0.9518229961395264,0.6977777481079102,67.21461181640625,0.9375,0.5660810470581055
4,0.7357142567634583,0.8278717994689941,0.7120037078857422,67.11742444719587,0.6666666865348816,0.6817724704742432,0.7749999761581421,0.9505208134651184,0.6711111068725586,67.08105773925782,0.9375,0.5610061883926392
5,0.8035714030265808,0.8709718585014343,0.7861738204956055,66.94492449079242,0.7718120813369751,0.6725883483886719,0.7749999761581421,0.9505208730697632,0.6711111068725586,66.94565887451172,0.9375,0.5600622892379761
6,0.7250000238418579,0.8021599054336548,0.6643309593200684,66.86461203438895,0.6838235259056091,0.6347320079803467,0.7749999761581421,0.953125,0.6711111068725586,66.80791320800782,0.9375,0.565099835395813
7,0.7857142686843872,0.860135018825531,0.7542152404785156,66.68120008196149,0.7755101919174194,0.6944421529769897,0.7749999761581421,0.953125,0.6711111068725586,66.67041931152343,0.9375,0.569282591342926
8,0.7571428418159485,0.810268223285675,0.7444072961807251,66.5965107509068,0.7407407164573669,0.6292545795440674,0.800000011920929,0.95703125,0.6977777481079102,66.52895965576172,0.9375,0.5812873840332031
9,0.7428571581840515,0.8438534140586853,0.710839033126831,66.43119397844588,0.7661290168762207,0.6708919405937195,0.8500000238418579,0.9583333134651184,0.7155555486679077,66.38610229492187,0.9375,0.5978556275367737
10,0.7749999761581421,0.852234959602356,0.7372747659683228,66.29334389822823,0.7555555701255798,0.6594864130020142,0.875,0.9557292461395264,0.7377777695655823,66.2478012084961,0.9375,0.6043745875358582
11,0.8107143044471741,0.8853121399879456,0.8144052624702454,66.14057355608259,0.7843137383460999,0.7174912095069885,0.800000011920929,0.9596353769302368,0.6977777481079102,66.114453125,0.9375,0.6024941205978394
12,0.7964285612106323,0.8801469802856445,0.7799731492996216,66.00491834368025,0.7625899314880371,0.6859127879142761,0.8500000238418579,0.9596353769302368,0.7155555486679077,65.97513885498047,0.9375,0.6111514568328857
13,0.75,0.8440885543823242,0.743770182132721,65.90999494280133,0.7019867300987244,0.7171674370765686,0.8500000238418579,0.9609375,0.7155555486679077,65.83902282714844,0.9375,0.6145081520080566
14,0.7714285850524902,0.8706879615783691,0.7390100359916687,65.74843139648438,0.7536231875419617,0.69530189037323,0.8500000238418579,0.9609375,0.7155555486679077,65.70431518554688,0.9375,0.6164255738258362
15,0.7857142686843872,0.8717092275619507,0.7520964741706848,65.61504124232701,0.7642857432365417,0.7165670990943909,0.8500000238418579,0.9609375596046448,0.7155555486679077,65.56522064208984,0.9375,0.6268609762191772
16,0.8285714387893677,0.9072259664535522,0.8097587823867798,65.45816410609655,0.8309859037399292,0.7090529203414917,0.8500000238418579,0.9609375,0.7155555486679077,65.42910308837891,0.9375,0.6317254900932312
17,0.7892857193946838,0.8711192607879639,0.7872211337089539,65.35524335588728,0.7986111044883728,0.7197720408439636,0.8500000238418579,0.9609375,0.7155555486679077,65.2929443359375,0.9375,0.6375175714492798
18,0.8035714030265808,0.8771966099739075,0.7786678671836853,65.22511378696987,0.8244274854660034,0.6780122518539429,0.875,0.9622395634651184,0.7377777695655823,65.15581359863282,0.9375,0.6471242904663086
19,0.8535714149475098,0.9129924774169922,0.8442176580429077,65.04413081577846,0.8478260636329651,0.7256879210472107,0.875,0.9609375,0.7377777695655823,65.01608734130859,0.9375,0.6618762016296387
20,0.7857142686843872,0.8523819446563721,0.7706431150436401,64.99317081996372,0.7808219194412231,0.7207827568054199,0.875,0.9622396230697632,0.7377777695655823,64.88518371582032,0.9375,0.6601316928863525
21,0.8142856955528259,0.9032858610153198,0.8027251362800598,64.7914321899414,0.8561151027679443,0.7026856541633606,0.875,0.9635416269302368,0.7377777695655823,64.748876953125,0.9375,0.6683926582336426
22,0.8214285969734192,0.9087866544723511,0.7906513214111328,64.66586739676339,0.7925925850868225,0.7386038303375244,0.875,0.9635416269302368,0.7377777695655823,64.61258087158203,0.9375,0.6779375076293945
23,0.800000011920929,0.8881404399871826,0.7694413065910339,64.55834067208427,0.7605633735656738,0.7514310479164124,0.875,0.9635416865348816,0.7377777695655823,64.4799575805664,0.9375,0.6811338663101196
24,0.8357142806053162,0.8994846343994141,0.8150174617767334,64.41951163155692,0.8417266011238098,0.7216930389404297,0.875,0.9635416865348816,0.7377777695655823,64.34665985107422,0.9375,0.6857074499130249
25,0.8035714030265808,0.8731235861778259,0.7873902320861816,64.33375222342355,0.791946291923523,0.7141925692558289,0.875,0.9635416269302368,0.7377777695655823,64.21690826416015,0.9375,0.6852372884750366
26,0.8214285969734192,0.9125925898551941,0.7945619225502014,64.14809472220284,0.7655172348022461,0.7729029059410095,0.8500000238418579,0.9635416865348816,0.7155555486679077,64.0878517150879,0.9375,0.6831218004226685
27,0.8071428537368774,0.8718622326850891,0.8012284636497498,64.06330206734793,0.8142856955528259,0.7263157963752747,0.8500000238418579,0.9635416269302368,0.7155555486679077,63.95617904663086,0.9375,0.687049925327301
28,0.8535714149475098,0.916641116142273,0.8485879302024841,63.87491869245257,0.8823529481887817,0.7350308299064636,0.8500000238418579,0.9609375,0.7155555486679077,63.82242279052734,0.9375,0.6955748796463013
29,0.8500000238418579,0.9080671072006226,0.8385621905326843,63.768763950892854,0.837837815284729,0.7368400692939758,0.8500000238418579,0.9596353769302368,0.7155555486679077,63.69064865112305,0.9375,0.7012853026390076
30,0.824999988079071,0.904769241809845,0.794069230556488,63.63302492414202,0.8139534592628479,0.7503826022148132,0.875,0.9609375596046448,0.7377777695655823,63.55868835449219,0.9375,0.7072073817253113
31,0.800000011920929,0.8994467258453369,0.7399978637695312,63.519438934326175,0.8067227005958557,0.7090845108032227,0.875,0.9596354961395264,0.7377777695655823,63.42183609008789,0.9375,0.7236736416816711
32,0.8357142806053162,0.9172089099884033,0.8191415667533875,63.36854694911412,0.7785235047340393,0.7908056974411011,0.875,0.9596353769302368,0.7377777695655823,63.293035888671874,0.9375,0.7242664098739624
33,0.8607142567634583,0.9257614612579346,0.8495444059371948,63.219082423618865,0.8345323801040649,0.778649091720581,0.875,0.9583333134651184,0.7377777695655823,63.16626052856445,0.9375,0.7214971780776978
34,0.875,0.9451135396957397,0.8826465010643005,63.06445737566267,0.8366013169288635,0.7923645973205566,0.8500000238418579,0.9596354365348816,0.7155555486679077,63.04133987426758,0.9375,0.7165098786354065
35,0.8178571462631226,0.8842346668243408,0.809962809085846,63.03773662022182,0.8214285969734192,0.7595462799072266,0.8500000238418579,0.9596354365348816,0.7155555486679077,62.91450119018555,0.9375,0.7161483764648438
36,0.8571428656578064,0.9413463473320007,0.8480283617973328,62.825928279331755,0.8150684833526611,0.781191349029541,0.8500000238418579,0.9596353769302368,0.7155555486679077,62.7867073059082,0.9375,0.7178727388381958
37,0.8214285969734192,0.9070663452148438,0.7940194010734558,62.738472311837334,0.8285714387893677,0.7568755745887756,0.8500000238418579,0.9596354365348816,0.7155555486679077,62.660440826416014,0.9375,0.7175828218460083
38,0.8607142567634583,0.9148718118667603,0.861049234867096,62.60908562796457,0.8533333539962769,0.764244794845581,0.8500000238418579,0.9596353769302368,0.7155555486679077,62.53537521362305,0.9375,0.7155901193618774
39,0.8357142806053162,0.9084201455116272,0.8309083580970764,62.496270642961775,0.8897058963775635,0.7484375238418579,0.8500000238418579,0.9596354365348816,0.7155555486679077,62.40378952026367,0.9375,0.7245578169822693
40,0.8607142567634583,0.9346730709075928,0.8552627563476562,62.32782461983817,0.8355262875556946,0.810861349105835,0.8500000238418579,0.9609375,0.7155555486679077,62.279337310791014,0.9375,0.7224852442741394
41,0.824999988079071,0.8970497250556946,0.7865777015686035,62.258424159458706,0.84375,0.7560296058654785,0.8500000238418579,0.9596354365348816,0.7155555486679077,62.14961242675781,0.9375,0.7290065288543701
42,0.8642857074737549,0.9319472312927246,0.8405277132987976,62.07731573922293,0.8496240377426147,0.7897916436195374,0.8500000238418579,0.9596353769302368,0.7155555486679077,62.019979095458986,0.9375,0.7357292771339417
43,0.8928571343421936,0.9550653696060181,0.881018340587616,61.91076987130301,0.875,0.7980986833572388,0.875,0.9596354961395264,0.7377777695655823,61.89081497192383,0.9375,0.7425687909126282
44,0.8428571224212646,0.8977664709091187,0.8259739875793457,61.87938014439174,0.8503937125205994,0.7611507773399353,0.875,0.9596353769302368,0.7377777695655823,61.7606689453125,0.9375,0.7508558034896851
45,0.8678571581840515,0.9278926849365234,0.847078263759613,61.712173570905414,0.8740741014480591,0.7908697724342346,0.875,0.9596353769302368,0.7377777695655823,61.630776977539064,0.9375,0.7599361538887024
46,0.8571428656578064,0.9367972016334534,0.8507236242294312,61.57855475289481,0.8219178318977356,0.803872287273407,0.875,0.9596354365348816,0.7377777695655823,61.50851135253906,0.9375,0.7552930116653442
47,0.8464285731315613,0.931587815284729,0.8307667970657349,61.45348031180246,0.837837815284729,0.7700446248054504,0.875,0.9583333730697632,0.7377777695655823,61.38670349121094,0.9375,0.7509958148002625
48,0.8357142806053162,0.919507622718811,0.8260172605514526,61.352321079799104,0.8243243098258972,0.8129634857177734,0.8500000238418579,0.9596354365348816,0.7155555486679077,61.263954162597656,0.9375,0.7486129999160767
49,0.8571428656578064,0.9171769618988037,0.8297609090805054,61.23123386928013,0.8521126508712769,0.799442708492279,0.8500000238418579,0.95703125,0.7155555486679077,61.1423454284668,0.9375,0.745538055896759
0,0.8857142925262451,0.9533016085624695,0.858437180519104,61.03781988961356,0.902255654335022,0.8011971712112427,0.8500000238418579,0.95703125,0.7155555486679077,61.01637420654297,0.9375,0.7493886947631836
1,0.8678571581840515,0.9503087401390076,0.8686827421188354,60.919234902518134,0.8461538553237915,0.8102560043334961,0.875,0.9557291269302368,0.7377777695655823,60.89127960205078,0.9375,0.7518362998962402
2,0.8642857074737549,0.9248530864715576,0.8167985081672668,60.840296500069755,0.8666666746139526,0.8009518384933472,0.875,0.9557291269302368,0.7377777695655823,60.7639762878418,0.9375,0.7583532333374023
3,0.8892857432365417,0.9371293783187866,0.8799440860748291,60.69630312238421,0.8656716346740723,0.8152214884757996,0.875,0.9557291269302368,0.7377777695655823,60.64015426635742,0.9375,0.7587329149246216
